2025-06-05 18:18:09,426 - INFO - Iniciando o script de scraping...
2025-06-05 18:18:09,435 - INFO - Conexão com o banco de dados estabelecida!
2025-06-05 18:18:09,436 - INFO - ====== WebDriver manager ======
2025-06-05 18:18:10,271 - INFO - Get LATEST chromedriver version for google-chrome
2025-06-05 18:18:10,309 - INFO - Get LATEST chromedriver version for google-chrome
2025-06-05 18:18:10,342 - INFO - Driver [C:\Users\david\.wdm\drivers\chromedriver\win64\137.0.7151.68\chromedriver-win32/chromedriver.exe] found in cache
2025-06-05 18:18:11,456 - INFO - Iniciando: coletar_sociedades
2025-06-05 18:18:11,456 - INFO - Iniciando scraping de sociedades de advogados...
2025-06-05 18:18:25,910 - ERROR - Erro ao clicar no botão de pesquisa para https://portal.oa.pt/advogados/pesquisa-de-sociedades-de-advogados/: Message: 

2025-06-05 18:18:25,917 - WARNING - Não foi possível determinar o total de páginas.
2025-06-05 18:19:05,489 - ERROR - Tentativa 1 falhou: Message: 

2025-06-05 18:19:38,223 - ERROR - Tentativa 2 falhou: Message: 

2025-06-05 18:20:12,544 - ERROR - Tentativa 3 falhou: Message: invalid session id: session deleted as the browser has closed the connection
from disconnected: not connected to DevTools
  (Session info: chrome=137.0.7151.57)
Stacktrace:
	GetHandleVerifier [0x0x1013763+63299]
	GetHandleVerifier [0x0x10137a4+63364]
	(No symbol) [0x0xe41113]
	(No symbol) [0x0xe308a0]
	(No symbol) [0x0xe4e8c2]
	(No symbol) [0x0xeb519c]
	(No symbol) [0x0xecf359]
	(No symbol) [0x0xeae376]
	(No symbol) [0x0xe7d6e0]
	(No symbol) [0x0xe7e544]
	GetHandleVerifier [0x0x126e033+2531347]
	GetHandleVerifier [0x0x1269332+2511634]
	GetHandleVerifier [0x0x1039eda+220858]
	GetHandleVerifier [0x0x102a528+156936]
	GetHandleVerifier [0x0x1030c5d+183357]
	GetHandleVerifier [0x0x101b6c8+95912]
	GetHandleVerifier [0x0x101b870+96336]
	GetHandleVerifier [0x0x100664a+9770]
	BaseThreadInitThunk [0x0x76235d49+25]
	RtlInitializeExceptionChain [0x0x7716d03b+107]
	RtlGetAppContainerNamedObjectPath [0x0x7716cfc1+561]

2025-06-05 18:20:12,743 - ERROR - Erro ao processar página 1: Message: invalid session id
Stacktrace:
	GetHandleVerifier [0x0x1013763+63299]
	GetHandleVerifier [0x0x10137a4+63364]
	(No symbol) [0x0xe40f70]
	(No symbol) [0x0xe7c9a8]
	(No symbol) [0x0xeae436]
	(No symbol) [0x0xea9f05]
	(No symbol) [0x0xea9486]
	(No symbol) [0x0xe13a05]
	(No symbol) [0x0xe13f5e]
	(No symbol) [0x0xe143ed]
	GetHandleVerifier [0x0x126e033+2531347]
	GetHandleVerifier [0x0x1269332+2511634]
	GetHandleVerifier [0x0x1039eda+220858]
	GetHandleVerifier [0x0x102a528+156936]
	GetHandleVerifier [0x0x1030c5d+183357]
	(No symbol) [0x0xe136d0]
	(No symbol) [0x0xe12edd]
	GetHandleVerifier [0x0x13a7edc+3817148]
	BaseThreadInitThunk [0x0x76235d49+25]
	RtlInitializeExceptionChain [0x0x7716d03b+107]
	RtlGetAppContainerNamedObjectPath [0x0x7716cfc1+561]

2025-06-05 18:20:12,744 - ERROR - Erro ao processar página 2: Message: invalid session id
Stacktrace:
	GetHandleVerifier [0x0x1013763+63299]
	GetHandleVerifier [0x0x10137a4+63364]
	(No symbol) [0x0xe40f70]
	(No symbol) [0x0xe7c9a8]
	(No symbol) [0x0xeae436]
	(No symbol) [0x0xea9f05]
	(No symbol) [0x0xea9486]
	(No symbol) [0x0xe13a05]
	(No symbol) [0x0xe13f5e]
	(No symbol) [0x0xe143ed]
	GetHandleVerifier [0x0x126e033+2531347]
	GetHandleVerifier [0x0x1269332+2511634]
	GetHandleVerifier [0x0x1039eda+220858]
	GetHandleVerifier [0x0x102a528+156936]
	GetHandleVerifier [0x0x1030c5d+183357]
	(No symbol) [0x0xe136d0]
	(No symbol) [0x0xe12edd]
	GetHandleVerifier [0x0x13a7edc+3817148]
	BaseThreadInitThunk [0x0x76235d49+25]
	RtlInitializeExceptionChain [0x0x7716d03b+107]
	RtlGetAppContainerNamedObjectPath [0x0x7716cfc1+561]

2025-06-05 18:20:12,746 - ERROR - Erro ao processar página 3: Message: invalid session id
Stacktrace:
	GetHandleVerifier [0x0x1013763+63299]
	GetHandleVerifier [0x0x10137a4+63364]
	(No symbol) [0x0xe40f70]
	(No symbol) [0x0xe7c9a8]
	(No symbol) [0x0xeae436]
	(No symbol) [0x0xea9f05]
	(No symbol) [0x0xea9486]
	(No symbol) [0x0xe13a05]
	(No symbol) [0x0xe13f5e]
	(No symbol) [0x0xe143ed]
	GetHandleVerifier [0x0x126e033+2531347]
	GetHandleVerifier [0x0x1269332+2511634]
	GetHandleVerifier [0x0x1039eda+220858]
	GetHandleVerifier [0x0x102a528+156936]
	GetHandleVerifier [0x0x1030c5d+183357]
	(No symbol) [0x0xe136d0]
	(No symbol) [0x0xe12edd]
	GetHandleVerifier [0x0x13a7edc+3817148]
	BaseThreadInitThunk [0x0x76235d49+25]
	RtlInitializeExceptionChain [0x0x7716d03b+107]
	RtlGetAppContainerNamedObjectPath [0x0x7716cfc1+561]

2025-06-05 18:20:12,747 - WARNING - coletar_sociedades retornou 0 registros
2025-06-05 18:20:12,747 - INFO - Iniciando: coletar_estagiarios
2025-06-05 18:20:12,747 - INFO - Iniciando scraping de estagiários...
2025-06-05 18:20:12,748 - ERROR - Erro em coletar_estagiarios: Message: invalid session id
Stacktrace:
	GetHandleVerifier [0x0x1013763+63299]
	GetHandleVerifier [0x0x10137a4+63364]
	(No symbol) [0x0xe40f70]
	(No symbol) [0x0xe7c9a8]
	(No symbol) [0x0xeae436]
	(No symbol) [0x0xea9f05]
	(No symbol) [0x0xea9486]
	(No symbol) [0x0xe13a05]
	(No symbol) [0x0xe13f5e]
	(No symbol) [0x0xe143ed]
	GetHandleVerifier [0x0x126e033+2531347]
	GetHandleVerifier [0x0x1269332+2511634]
	GetHandleVerifier [0x0x1039eda+220858]
	GetHandleVerifier [0x0x102a528+156936]
	GetHandleVerifier [0x0x1030c5d+183357]
	(No symbol) [0x0xe136d0]
	(No symbol) [0x0xe12edd]
	GetHandleVerifier [0x0x13a7edc+3817148]
	BaseThreadInitThunk [0x0x76235d49+25]
	RtlInitializeExceptionChain [0x0x7716d03b+107]
	RtlGetAppContainerNamedObjectPath [0x0x7716cfc1+561]

2025-06-05 18:20:12,748 - INFO - Iniciando: coletar_tribunais
2025-06-05 18:20:12,748 - INFO - Iniciando scraping de tribunais...
2025-06-05 18:20:12,749 - ERROR - Erro em coletar_tribunais: Message: invalid session id
Stacktrace:
	GetHandleVerifier [0x0x1013763+63299]
	GetHandleVerifier [0x0x10137a4+63364]
	(No symbol) [0x0xe40f70]
	(No symbol) [0x0xe7c9a8]
	(No symbol) [0x0xeae436]
	(No symbol) [0x0xea9f05]
	(No symbol) [0x0xea9486]
	(No symbol) [0x0xe13a05]
	(No symbol) [0x0xe13f5e]
	(No symbol) [0x0xe143ed]
	GetHandleVerifier [0x0x126e033+2531347]
	GetHandleVerifier [0x0x1269332+2511634]
	GetHandleVerifier [0x0x1039eda+220858]
	GetHandleVerifier [0x0x102a528+156936]
	GetHandleVerifier [0x0x1030c5d+183357]
	(No symbol) [0x0xe136d0]
	(No symbol) [0x0xe12edd]
	GetHandleVerifier [0x0x13a7edc+3817148]
	BaseThreadInitThunk [0x0x76235d49+25]
	RtlInitializeExceptionChain [0x0x7716d03b+107]
	RtlGetAppContainerNamedObjectPath [0x0x7716cfc1+561]

2025-06-05 18:20:12,773 - INFO - Iniciando: coletar_julgados
2025-06-05 18:20:12,773 - INFO - Iniciando scraping de julgados de paz...
2025-06-05 18:20:12,775 - ERROR - Erro em coletar_julgados: Message: invalid session id
Stacktrace:
	GetHandleVerifier [0x0x1013763+63299]
	GetHandleVerifier [0x0x10137a4+63364]
	(No symbol) [0x0xe40f70]
	(No symbol) [0x0xe7c9a8]
	(No symbol) [0x0xeae436]
	(No symbol) [0x0xea9f05]
	(No symbol) [0x0xea9486]
	(No symbol) [0x0xe13a05]
	(No symbol) [0x0xe13f5e]
	(No symbol) [0x0xe143ed]
	GetHandleVerifier [0x0x126e033+2531347]
	GetHandleVerifier [0x0x1269332+2511634]
	GetHandleVerifier [0x0x1039eda+220858]
	GetHandleVerifier [0x0x102a528+156936]
	GetHandleVerifier [0x0x1030c5d+183357]
	(No symbol) [0x0xe136d0]
	(No symbol) [0x0xe12edd]
	GetHandleVerifier [0x0x13a7edc+3817148]
	BaseThreadInitThunk [0x0x76235d49+25]
	RtlInitializeExceptionChain [0x0x7716d03b+107]
	RtlGetAppContainerNamedObjectPath [0x0x7716cfc1+561]

2025-06-05 18:20:12,776 - INFO - Iniciando: coletar_osae
2025-06-05 18:20:12,776 - INFO - Iniciando scraping do OSAE...
2025-06-05 18:20:12,778 - ERROR - Erro em coletar_osae: Message: invalid session id
Stacktrace:
	GetHandleVerifier [0x0x1013763+63299]
	GetHandleVerifier [0x0x10137a4+63364]
	(No symbol) [0x0xe40f70]
	(No symbol) [0x0xe7c9a8]
	(No symbol) [0x0xeae436]
	(No symbol) [0x0xea9f05]
	(No symbol) [0x0xea9486]
	(No symbol) [0x0xe13a05]
	(No symbol) [0x0xe13f5e]
	(No symbol) [0x0xe143ed]
	GetHandleVerifier [0x0x126e033+2531347]
	GetHandleVerifier [0x0x1269332+2511634]
	GetHandleVerifier [0x0x1039eda+220858]
	GetHandleVerifier [0x0x102a528+156936]
	GetHandleVerifier [0x0x1030c5d+183357]
	(No symbol) [0x0xe136d0]
	(No symbol) [0x0xe12edd]
	GetHandleVerifier [0x0x13a7edc+3817148]
	BaseThreadInitThunk [0x0x76235d49+25]
	RtlInitializeExceptionChain [0x0x7716d03b+107]
	RtlGetAppContainerNamedObjectPath [0x0x7716cfc1+561]

2025-06-05 18:20:12,778 - INFO - Iniciando: coletar_advogados_angola
2025-06-05 18:20:12,778 - INFO - Iniciando scraping de advogados de Angola...
2025-06-05 18:20:12,779 - ERROR - Erro ao carregar dados de advogados de Angola: Message: invalid session id
Stacktrace:
	GetHandleVerifier [0x0x1013763+63299]
	GetHandleVerifier [0x0x10137a4+63364]
	(No symbol) [0x0xe40f70]
	(No symbol) [0x0xe7c9a8]
	(No symbol) [0x0xeae436]
	(No symbol) [0x0xea9f05]
	(No symbol) [0x0xea9486]
	(No symbol) [0x0xe13a05]
	(No symbol) [0x0xe13f5e]
	(No symbol) [0x0xe143ed]
	GetHandleVerifier [0x0x126e033+2531347]
	GetHandleVerifier [0x0x1269332+2511634]
	GetHandleVerifier [0x0x1039eda+220858]
	GetHandleVerifier [0x0x102a528+156936]
	GetHandleVerifier [0x0x1030c5d+183357]
	(No symbol) [0x0xe136d0]
	(No symbol) [0x0xe12edd]
	GetHandleVerifier [0x0x13a7edc+3817148]
	BaseThreadInitThunk [0x0x76235d49+25]
	RtlInitializeExceptionChain [0x0x7716d03b+107]
	RtlGetAppContainerNamedObjectPath [0x0x7716cfc1+561]

2025-06-05 18:20:12,782 - ERROR - Erro em coletar_advogados_angola: Message: invalid session id
Stacktrace:
	GetHandleVerifier [0x0x1013763+63299]
	GetHandleVerifier [0x0x10137a4+63364]
	(No symbol) [0x0xe40f70]
	(No symbol) [0x0xe7c9a8]
	(No symbol) [0x0xeae436]
	(No symbol) [0x0xea9f05]
	(No symbol) [0x0xea9486]
	(No symbol) [0x0xe13a05]
	(No symbol) [0x0xe13f5e]
	(No symbol) [0x0xe143ed]
	GetHandleVerifier [0x0x126e033+2531347]
	GetHandleVerifier [0x0x1269332+2511634]
	GetHandleVerifier [0x0x1039eda+220858]
	GetHandleVerifier [0x0x102a528+156936]
	GetHandleVerifier [0x0x1030c5d+183357]
	(No symbol) [0x0xe136d0]
	(No symbol) [0x0xe12edd]
	GetHandleVerifier [0x0x13a7edc+3817148]
	BaseThreadInitThunk [0x0x76235d49+25]
	RtlInitializeExceptionChain [0x0x7716d03b+107]
	RtlGetAppContainerNamedObjectPath [0x0x7716cfc1+561]

2025-06-05 18:20:12,782 - INFO - Iniciando: coletar_camaras_municipais
2025-06-05 18:20:12,782 - INFO - Iniciando scraping de câmaras municipais...
2025-06-05 18:20:12,784 - ERROR - Erro em coletar_camaras_municipais: Message: invalid session id
Stacktrace:
	GetHandleVerifier [0x0x1013763+63299]
	GetHandleVerifier [0x0x10137a4+63364]
	(No symbol) [0x0xe40f70]
	(No symbol) [0x0xe7c9a8]
	(No symbol) [0x0xeae436]
	(No symbol) [0x0xea9f05]
	(No symbol) [0x0xea9486]
	(No symbol) [0x0xe13a05]
	(No symbol) [0x0xe13f5e]
	(No symbol) [0x0xe143ed]
	GetHandleVerifier [0x0x126e033+2531347]
	GetHandleVerifier [0x0x1269332+2511634]
	GetHandleVerifier [0x0x1039eda+220858]
	GetHandleVerifier [0x0x102a528+156936]
	GetHandleVerifier [0x0x1030c5d+183357]
	(No symbol) [0x0xe136d0]
	(No symbol) [0x0xe12edd]
	GetHandleVerifier [0x0x13a7edc+3817148]
	BaseThreadInitThunk [0x0x76235d49+25]
	RtlInitializeExceptionChain [0x0x7716d03b+107]
	RtlGetAppContainerNamedObjectPath [0x0x7716cfc1+561]

2025-06-05 18:20:12,791 - INFO - Iniciando: coletar_atlas_cplp
2025-06-05 18:20:12,791 - INFO - Iniciando scraping do Atlas CPLP...
2025-06-05 18:20:12,793 - ERROR - Erro em coletar_atlas_cplp: Message: invalid session id
Stacktrace:
	GetHandleVerifier [0x0x1013763+63299]
	GetHandleVerifier [0x0x10137a4+63364]
	(No symbol) [0x0xe40f70]
	(No symbol) [0x0xe7c9a8]
	(No symbol) [0x0xeae436]
	(No symbol) [0x0xea9f05]
	(No symbol) [0x0xea9486]
	(No symbol) [0x0xe13a05]
	(No symbol) [0x0xe13f5e]
	(No symbol) [0x0xe143ed]
	GetHandleVerifier [0x0x126e033+2531347]
	GetHandleVerifier [0x0x1269332+2511634]
	GetHandleVerifier [0x0x1039eda+220858]
	GetHandleVerifier [0x0x102a528+156936]
	GetHandleVerifier [0x0x1030c5d+183357]
	(No symbol) [0x0xe136d0]
	(No symbol) [0x0xe12edd]
	GetHandleVerifier [0x0x13a7edc+3817148]
	BaseThreadInitThunk [0x0x76235d49+25]
	RtlInitializeExceptionChain [0x0x7716d03b+107]
	RtlGetAppContainerNamedObjectPath [0x0x7716cfc1+561]

2025-06-05 18:20:12,794 - INFO - Conexão com o banco de dados fechada.
2025-06-05 18:20:14,858 - INFO - Navegador fechado.
