2025-06-05 18:42:39,487 - INFO - Iniciando o script de scraping...
2025-06-05 18:42:39,502 - INFO - Conexão com o banco de dados estabelecida!
2025-06-05 18:42:39,503 - INFO - ====== WebDriver manager ======
2025-06-05 18:42:40,521 - INFO - Get LATEST chromedriver version for google-chrome
2025-06-05 18:42:40,567 - INFO - Get LATEST chromedriver version for google-chrome
2025-06-05 18:42:40,600 - INFO - Driver [C:\Users\david\.wdm\drivers\chromedriver\win64\137.0.7151.68\chromedriver-win32/chromedriver.exe] found in cache
2025-06-05 18:42:42,388 - INFO - Iniciando: coletar_sociedades_porto
2025-06-05 18:42:42,388 - INFO - Iniciando scraping de sociedades de advogados do porto...
2025-06-05 18:42:49,747 - ERROR - Erro ao clicar no botão de pesquisa para https://portal.oa.pt/advogados/pesquisa-de-sociedades-de-advogados/?cg=L&r=&n=&lo=&m=&cp=&op=&o=0: Message: invalid session id
Stacktrace:
	GetHandleVerifier [0x0x1013763+63299]
	GetHandleVerifier [0x0x10137a4+63364]
	(No symbol) [0x0xe40f70]
	(No symbol) [0x0xe7c9a8]
	(No symbol) [0x0xeae436]
	(No symbol) [0x0xea9f05]
	(No symbol) [0x0xea9486]
	(No symbol) [0x0xe13a05]
	(No symbol) [0x0xe13f5e]
	(No symbol) [0x0xe143ed]
	GetHandleVerifier [0x0x126e033+2531347]
	GetHandleVerifier [0x0x1269332+2511634]
	GetHandleVerifier [0x0x1039eda+220858]
	GetHandleVerifier [0x0x102a528+156936]
	GetHandleVerifier [0x0x1030c5d+183357]
	(No symbol) [0x0xe136d0]
	(No symbol) [0x0xe12edd]
	GetHandleVerifier [0x0x13a7edc+3817148]
	BaseThreadInitThunk [0x0x76235d49+25]
	RtlInitializeExceptionChain [0x0x7716d03b+107]
	RtlGetAppContainerNamedObjectPath [0x0x7716cfc1+561]

2025-06-05 18:42:49,748 - ERROR - Erro ao processar página 1: Message: invalid session id
Stacktrace:
	GetHandleVerifier [0x0x1013763+63299]
	GetHandleVerifier [0x0x10137a4+63364]
	(No symbol) [0x0xe40f70]
	(No symbol) [0x0xe7c9a8]
	(No symbol) [0x0xeae436]
	(No symbol) [0x0xea9f05]
	(No symbol) [0x0xea9486]
	(No symbol) [0x0xe13a05]
	(No symbol) [0x0xe13f5e]
	(No symbol) [0x0xe143ed]
	GetHandleVerifier [0x0x126e033+2531347]
	GetHandleVerifier [0x0x1269332+2511634]
	GetHandleVerifier [0x0x1039eda+220858]
	GetHandleVerifier [0x0x102a528+156936]
	GetHandleVerifier [0x0x1030c5d+183357]
	(No symbol) [0x0xe136d0]
	(No symbol) [0x0xe12edd]
	GetHandleVerifier [0x0x13a7edc+3817148]
	BaseThreadInitThunk [0x0x76235d49+25]
	RtlInitializeExceptionChain [0x0x7716d03b+107]
	RtlGetAppContainerNamedObjectPath [0x0x7716cfc1+561]

2025-06-05 18:42:49,749 - ERROR - Erro ao processar página 2: Message: invalid session id
Stacktrace:
	GetHandleVerifier [0x0x1013763+63299]
	GetHandleVerifier [0x0x10137a4+63364]
	(No symbol) [0x0xe40f70]
	(No symbol) [0x0xe7c9a8]
	(No symbol) [0x0xeae436]
	(No symbol) [0x0xea9f05]
	(No symbol) [0x0xea9486]
	(No symbol) [0x0xe13a05]
	(No symbol) [0x0xe13f5e]
	(No symbol) [0x0xe143ed]
	GetHandleVerifier [0x0x126e033+2531347]
	GetHandleVerifier [0x0x1269332+2511634]
	GetHandleVerifier [0x0x1039eda+220858]
	GetHandleVerifier [0x0x102a528+156936]
	GetHandleVerifier [0x0x1030c5d+183357]
	(No symbol) [0x0xe136d0]
	(No symbol) [0x0xe12edd]
	GetHandleVerifier [0x0x13a7edc+3817148]
	BaseThreadInitThunk [0x0x76235d49+25]
	RtlInitializeExceptionChain [0x0x7716d03b+107]
	RtlGetAppContainerNamedObjectPath [0x0x7716cfc1+561]

2025-06-05 18:42:49,750 - ERROR - Erro ao processar página 3: Message: invalid session id
Stacktrace:
	GetHandleVerifier [0x0x1013763+63299]
	GetHandleVerifier [0x0x10137a4+63364]
	(No symbol) [0x0xe40f70]
	(No symbol) [0x0xe7c9a8]
	(No symbol) [0x0xeae436]
	(No symbol) [0x0xea9f05]
	(No symbol) [0x0xea9486]
	(No symbol) [0x0xe13a05]
	(No symbol) [0x0xe13f5e]
	(No symbol) [0x0xe143ed]
	GetHandleVerifier [0x0x126e033+2531347]
	GetHandleVerifier [0x0x1269332+2511634]
	GetHandleVerifier [0x0x1039eda+220858]
	GetHandleVerifier [0x0x102a528+156936]
	GetHandleVerifier [0x0x1030c5d+183357]
	(No symbol) [0x0xe136d0]
	(No symbol) [0x0xe12edd]
	GetHandleVerifier [0x0x13a7edc+3817148]
	BaseThreadInitThunk [0x0x76235d49+25]
	RtlInitializeExceptionChain [0x0x7716d03b+107]
	RtlGetAppContainerNamedObjectPath [0x0x7716cfc1+561]

2025-06-05 18:42:49,750 - WARNING - coletar_sociedades_porto retornou 0 registros
2025-06-05 18:42:49,750 - INFO - Iniciando: coletar_sociedades_coimbra
2025-06-05 18:42:49,750 - INFO - Iniciando scraping de sociedades de advogados de coimbra...
2025-06-05 18:42:49,752 - ERROR - Erro em coletar_sociedades_coimbra: Message: invalid session id
Stacktrace:
	GetHandleVerifier [0x0x1013763+63299]
	GetHandleVerifier [0x0x10137a4+63364]
	(No symbol) [0x0xe40f70]
	(No symbol) [0x0xe7c9a8]
	(No symbol) [0x0xeae436]
	(No symbol) [0x0xea9f05]
	(No symbol) [0x0xea9486]
	(No symbol) [0x0xe13a05]
	(No symbol) [0x0xe13f5e]
	(No symbol) [0x0xe143ed]
	GetHandleVerifier [0x0x126e033+2531347]
	GetHandleVerifier [0x0x1269332+2511634]
	GetHandleVerifier [0x0x1039eda+220858]
	GetHandleVerifier [0x0x102a528+156936]
	GetHandleVerifier [0x0x1030c5d+183357]
	(No symbol) [0x0xe136d0]
	(No symbol) [0x0xe12edd]
	GetHandleVerifier [0x0x13a7edc+3817148]
	BaseThreadInitThunk [0x0x76235d49+25]
	RtlInitializeExceptionChain [0x0x7716d03b+107]
	RtlGetAppContainerNamedObjectPath [0x0x7716cfc1+561]

2025-06-05 18:42:49,752 - INFO - Iniciando: coletar_sociedades_evora
2025-06-05 18:42:49,752 - INFO - Iniciando scraping de sociedades de advogados de evora...
2025-06-05 18:42:49,753 - ERROR - Erro em coletar_sociedades_evora: Message: invalid session id
Stacktrace:
	GetHandleVerifier [0x0x1013763+63299]
	GetHandleVerifier [0x0x10137a4+63364]
	(No symbol) [0x0xe40f70]
	(No symbol) [0x0xe7c9a8]
	(No symbol) [0x0xeae436]
	(No symbol) [0x0xea9f05]
	(No symbol) [0x0xea9486]
	(No symbol) [0x0xe13a05]
	(No symbol) [0x0xe13f5e]
	(No symbol) [0x0xe143ed]
	GetHandleVerifier [0x0x126e033+2531347]
	GetHandleVerifier [0x0x1269332+2511634]
	GetHandleVerifier [0x0x1039eda+220858]
	GetHandleVerifier [0x0x102a528+156936]
	GetHandleVerifier [0x0x1030c5d+183357]
	(No symbol) [0x0xe136d0]
	(No symbol) [0x0xe12edd]
	GetHandleVerifier [0x0x13a7edc+3817148]
	BaseThreadInitThunk [0x0x76235d49+25]
	RtlInitializeExceptionChain [0x0x7716d03b+107]
	RtlGetAppContainerNamedObjectPath [0x0x7716cfc1+561]

2025-06-05 18:42:49,753 - INFO - Iniciando: coletar_sociedades_faro
2025-06-05 18:42:49,753 - INFO - Iniciando scraping de sociedades de advogados de faro...
2025-06-05 18:42:49,754 - ERROR - Erro em coletar_sociedades_faro: Message: invalid session id
Stacktrace:
	GetHandleVerifier [0x0x1013763+63299]
	GetHandleVerifier [0x0x10137a4+63364]
	(No symbol) [0x0xe40f70]
	(No symbol) [0x0xe7c9a8]
	(No symbol) [0x0xeae436]
	(No symbol) [0x0xea9f05]
	(No symbol) [0x0xea9486]
	(No symbol) [0x0xe13a05]
	(No symbol) [0x0xe13f5e]
	(No symbol) [0x0xe143ed]
	GetHandleVerifier [0x0x126e033+2531347]
	GetHandleVerifier [0x0x1269332+2511634]
	GetHandleVerifier [0x0x1039eda+220858]
	GetHandleVerifier [0x0x102a528+156936]
	GetHandleVerifier [0x0x1030c5d+183357]
	(No symbol) [0x0xe136d0]
	(No symbol) [0x0xe12edd]
	GetHandleVerifier [0x0x13a7edc+3817148]
	BaseThreadInitThunk [0x0x76235d49+25]
	RtlInitializeExceptionChain [0x0x7716d03b+107]
	RtlGetAppContainerNamedObjectPath [0x0x7716cfc1+561]

2025-06-05 18:42:49,754 - INFO - Iniciando: coletar_sociedades_madeira
2025-06-05 18:42:49,754 - INFO - Iniciando scraping de sociedades de advogados da madeira...
2025-06-05 18:42:49,755 - ERROR - Erro em coletar_sociedades_madeira: Message: invalid session id
Stacktrace:
	GetHandleVerifier [0x0x1013763+63299]
	GetHandleVerifier [0x0x10137a4+63364]
	(No symbol) [0x0xe40f70]
	(No symbol) [0x0xe7c9a8]
	(No symbol) [0x0xeae436]
	(No symbol) [0x0xea9f05]
	(No symbol) [0x0xea9486]
	(No symbol) [0x0xe13a05]
	(No symbol) [0x0xe13f5e]
	(No symbol) [0x0xe143ed]
	GetHandleVerifier [0x0x126e033+2531347]
	GetHandleVerifier [0x0x1269332+2511634]
	GetHandleVerifier [0x0x1039eda+220858]
	GetHandleVerifier [0x0x102a528+156936]
	GetHandleVerifier [0x0x1030c5d+183357]
	(No symbol) [0x0xe136d0]
	(No symbol) [0x0xe12edd]
	GetHandleVerifier [0x0x13a7edc+3817148]
	BaseThreadInitThunk [0x0x76235d49+25]
	RtlInitializeExceptionChain [0x0x7716d03b+107]
	RtlGetAppContainerNamedObjectPath [0x0x7716cfc1+561]

2025-06-05 18:42:49,756 - INFO - Iniciando: coletar_estagiarios
2025-06-05 18:42:49,756 - INFO - Iniciando scraping de estagiários...
2025-06-05 18:42:49,757 - ERROR - Erro em coletar_estagiarios: Message: invalid session id
Stacktrace:
	GetHandleVerifier [0x0x1013763+63299]
	GetHandleVerifier [0x0x10137a4+63364]
	(No symbol) [0x0xe40f70]
	(No symbol) [0x0xe7c9a8]
	(No symbol) [0x0xeae436]
	(No symbol) [0x0xea9f05]
	(No symbol) [0x0xea9486]
	(No symbol) [0x0xe13a05]
	(No symbol) [0x0xe13f5e]
	(No symbol) [0x0xe143ed]
	GetHandleVerifier [0x0x126e033+2531347]
	GetHandleVerifier [0x0x1269332+2511634]
	GetHandleVerifier [0x0x1039eda+220858]
	GetHandleVerifier [0x0x102a528+156936]
	GetHandleVerifier [0x0x1030c5d+183357]
	(No symbol) [0x0xe136d0]
	(No symbol) [0x0xe12edd]
	GetHandleVerifier [0x0x13a7edc+3817148]
	BaseThreadInitThunk [0x0x76235d49+25]
	RtlInitializeExceptionChain [0x0x7716d03b+107]
	RtlGetAppContainerNamedObjectPath [0x0x7716cfc1+561]

2025-06-05 18:42:49,757 - INFO - Iniciando: coletar_tribunais
2025-06-05 18:42:49,757 - INFO - Iniciando scraping de tribunais...
2025-06-05 18:42:49,758 - ERROR - Erro em coletar_tribunais: Message: invalid session id
Stacktrace:
	GetHandleVerifier [0x0x1013763+63299]
	GetHandleVerifier [0x0x10137a4+63364]
	(No symbol) [0x0xe40f70]
	(No symbol) [0x0xe7c9a8]
	(No symbol) [0x0xeae436]
	(No symbol) [0x0xea9f05]
	(No symbol) [0x0xea9486]
	(No symbol) [0x0xe13a05]
	(No symbol) [0x0xe13f5e]
	(No symbol) [0x0xe143ed]
	GetHandleVerifier [0x0x126e033+2531347]
	GetHandleVerifier [0x0x1269332+2511634]
	GetHandleVerifier [0x0x1039eda+220858]
	GetHandleVerifier [0x0x102a528+156936]
	GetHandleVerifier [0x0x1030c5d+183357]
	(No symbol) [0x0xe136d0]
	(No symbol) [0x0xe12edd]
	GetHandleVerifier [0x0x13a7edc+3817148]
	BaseThreadInitThunk [0x0x76235d49+25]
	RtlInitializeExceptionChain [0x0x7716d03b+107]
	RtlGetAppContainerNamedObjectPath [0x0x7716cfc1+561]

2025-06-05 18:42:49,758 - INFO - Iniciando: coletar_julgados
2025-06-05 18:42:49,758 - INFO - Iniciando scraping de julgados de paz...
2025-06-05 18:42:49,759 - ERROR - Erro em coletar_julgados: Message: invalid session id
Stacktrace:
	GetHandleVerifier [0x0x1013763+63299]
	GetHandleVerifier [0x0x10137a4+63364]
	(No symbol) [0x0xe40f70]
	(No symbol) [0x0xe7c9a8]
	(No symbol) [0x0xeae436]
	(No symbol) [0x0xea9f05]
	(No symbol) [0x0xea9486]
	(No symbol) [0x0xe13a05]
	(No symbol) [0x0xe13f5e]
	(No symbol) [0x0xe143ed]
	GetHandleVerifier [0x0x126e033+2531347]
	GetHandleVerifier [0x0x1269332+2511634]
	GetHandleVerifier [0x0x1039eda+220858]
	GetHandleVerifier [0x0x102a528+156936]
	GetHandleVerifier [0x0x1030c5d+183357]
	(No symbol) [0x0xe136d0]
	(No symbol) [0x0xe12edd]
	GetHandleVerifier [0x0x13a7edc+3817148]
	BaseThreadInitThunk [0x0x76235d49+25]
	RtlInitializeExceptionChain [0x0x7716d03b+107]
	RtlGetAppContainerNamedObjectPath [0x0x7716cfc1+561]

2025-06-05 18:42:49,759 - INFO - Iniciando: coletar_osae
2025-06-05 18:42:49,759 - INFO - Iniciando scraping do OSAE...
2025-06-05 18:42:49,760 - ERROR - Erro em coletar_osae: Message: invalid session id
Stacktrace:
	GetHandleVerifier [0x0x1013763+63299]
	GetHandleVerifier [0x0x10137a4+63364]
	(No symbol) [0x0xe40f70]
	(No symbol) [0x0xe7c9a8]
	(No symbol) [0x0xeae436]
	(No symbol) [0x0xea9f05]
	(No symbol) [0x0xea9486]
	(No symbol) [0x0xe13a05]
	(No symbol) [0x0xe13f5e]
	(No symbol) [0x0xe143ed]
	GetHandleVerifier [0x0x126e033+2531347]
	GetHandleVerifier [0x0x1269332+2511634]
	GetHandleVerifier [0x0x1039eda+220858]
	GetHandleVerifier [0x0x102a528+156936]
	GetHandleVerifier [0x0x1030c5d+183357]
	(No symbol) [0x0xe136d0]
	(No symbol) [0x0xe12edd]
	GetHandleVerifier [0x0x13a7edc+3817148]
	BaseThreadInitThunk [0x0x76235d49+25]
	RtlInitializeExceptionChain [0x0x7716d03b+107]
	RtlGetAppContainerNamedObjectPath [0x0x7716cfc1+561]

2025-06-05 18:42:49,760 - INFO - Iniciando: coletar_advogados_angola
2025-06-05 18:42:49,760 - INFO - Iniciando scraping de advogados de Angola...
2025-06-05 18:42:49,761 - ERROR - Erro ao carregar dados de advogados de Angola: Message: invalid session id
Stacktrace:
	GetHandleVerifier [0x0x1013763+63299]
	GetHandleVerifier [0x0x10137a4+63364]
	(No symbol) [0x0xe40f70]
	(No symbol) [0x0xe7c9a8]
	(No symbol) [0x0xeae436]
	(No symbol) [0x0xea9f05]
	(No symbol) [0x0xea9486]
	(No symbol) [0x0xe13a05]
	(No symbol) [0x0xe13f5e]
	(No symbol) [0x0xe143ed]
	GetHandleVerifier [0x0x126e033+2531347]
	GetHandleVerifier [0x0x1269332+2511634]
	GetHandleVerifier [0x0x1039eda+220858]
	GetHandleVerifier [0x0x102a528+156936]
	GetHandleVerifier [0x0x1030c5d+183357]
	(No symbol) [0x0xe136d0]
	(No symbol) [0x0xe12edd]
	GetHandleVerifier [0x0x13a7edc+3817148]
	BaseThreadInitThunk [0x0x76235d49+25]
	RtlInitializeExceptionChain [0x0x7716d03b+107]
	RtlGetAppContainerNamedObjectPath [0x0x7716cfc1+561]

2025-06-05 18:42:49,762 - ERROR - Erro em coletar_advogados_angola: Message: invalid session id
Stacktrace:
	GetHandleVerifier [0x0x1013763+63299]
	GetHandleVerifier [0x0x10137a4+63364]
	(No symbol) [0x0xe40f70]
	(No symbol) [0x0xe7c9a8]
	(No symbol) [0x0xeae436]
	(No symbol) [0x0xea9f05]
	(No symbol) [0x0xea9486]
	(No symbol) [0x0xe13a05]
	(No symbol) [0x0xe13f5e]
	(No symbol) [0x0xe143ed]
	GetHandleVerifier [0x0x126e033+2531347]
	GetHandleVerifier [0x0x1269332+2511634]
	GetHandleVerifier [0x0x1039eda+220858]
	GetHandleVerifier [0x0x102a528+156936]
	GetHandleVerifier [0x0x1030c5d+183357]
	(No symbol) [0x0xe136d0]
	(No symbol) [0x0xe12edd]
	GetHandleVerifier [0x0x13a7edc+3817148]
	BaseThreadInitThunk [0x0x76235d49+25]
	RtlInitializeExceptionChain [0x0x7716d03b+107]
	RtlGetAppContainerNamedObjectPath [0x0x7716cfc1+561]

2025-06-05 18:42:49,762 - INFO - Iniciando: coletar_camaras_municipais
2025-06-05 18:42:49,762 - INFO - Iniciando scraping de câmaras municipais...
2025-06-05 18:42:49,763 - ERROR - Erro em coletar_camaras_municipais: Message: invalid session id
Stacktrace:
	GetHandleVerifier [0x0x1013763+63299]
	GetHandleVerifier [0x0x10137a4+63364]
	(No symbol) [0x0xe40f70]
	(No symbol) [0x0xe7c9a8]
	(No symbol) [0x0xeae436]
	(No symbol) [0x0xea9f05]
	(No symbol) [0x0xea9486]
	(No symbol) [0x0xe13a05]
	(No symbol) [0x0xe13f5e]
	(No symbol) [0x0xe143ed]
	GetHandleVerifier [0x0x126e033+2531347]
	GetHandleVerifier [0x0x1269332+2511634]
	GetHandleVerifier [0x0x1039eda+220858]
	GetHandleVerifier [0x0x102a528+156936]
	GetHandleVerifier [0x0x1030c5d+183357]
	(No symbol) [0x0xe136d0]
	(No symbol) [0x0xe12edd]
	GetHandleVerifier [0x0x13a7edc+3817148]
	BaseThreadInitThunk [0x0x76235d49+25]
	RtlInitializeExceptionChain [0x0x7716d03b+107]
	RtlGetAppContainerNamedObjectPath [0x0x7716cfc1+561]

2025-06-05 18:42:49,763 - INFO - Iniciando: coletar_atlas_cplp
2025-06-05 18:42:49,763 - INFO - Iniciando scraping do Atlas CPLP...
2025-06-05 18:42:49,764 - ERROR - Erro em coletar_atlas_cplp: Message: invalid session id
Stacktrace:
	GetHandleVerifier [0x0x1013763+63299]
	GetHandleVerifier [0x0x10137a4+63364]
	(No symbol) [0x0xe40f70]
	(No symbol) [0x0xe7c9a8]
	(No symbol) [0x0xeae436]
	(No symbol) [0x0xea9f05]
	(No symbol) [0x0xea9486]
	(No symbol) [0x0xe13a05]
	(No symbol) [0x0xe13f5e]
	(No symbol) [0x0xe143ed]
	GetHandleVerifier [0x0x126e033+2531347]
	GetHandleVerifier [0x0x1269332+2511634]
	GetHandleVerifier [0x0x1039eda+220858]
	GetHandleVerifier [0x0x102a528+156936]
	GetHandleVerifier [0x0x1030c5d+183357]
	(No symbol) [0x0xe136d0]
	(No symbol) [0x0xe12edd]
	GetHandleVerifier [0x0x13a7edc+3817148]
	BaseThreadInitThunk [0x0x76235d49+25]
	RtlInitializeExceptionChain [0x0x7716d03b+107]
	RtlGetAppContainerNamedObjectPath [0x0x7716cfc1+561]

2025-06-05 18:42:49,764 - INFO - Conexão com o banco de dados fechada.
2025-06-05 18:42:51,796 - INFO - Navegador fechado.
