2025-05-28 23:26:11,433 - INFO - Iniciando o script de scraping...
2025-05-28 23:26:11,558 - INFO - Conexão com o banco de dados estabelecida!
2025-05-28 23:26:11,698 - INFO - ====== WebDriver manager ======
2025-05-28 23:26:13,507 - INFO - Get LATEST chromedriver version for google-chrome
2025-05-28 23:26:13,578 - INFO - Get LATEST chromedriver version for google-chrome
2025-05-28 23:26:13,611 - INFO - Driver [C:\Users\david\.wdm\drivers\chromedriver\win64\136.0.7103.113\chromedriver-win32/chromedriver.exe] found in cache
2025-05-28 23:26:15,539 - INFO - Iniciando: coletar_advogados
2025-05-28 23:26:15,539 - INFO - Iniciando scraping de advogados...
2025-05-28 23:26:46,702 - WARNING - Erro ao marcar 'Apenas Ativos' (continuando sem marcar): Message: invalid session id
Stacktrace:
	GetHandleVerifier [0x0067FC03+61635]
	GetHandleVerifier [0x0067FC44+61700]
	(No symbol) [0x004A044E]
	(No symbol) [0x004DBB08]
	(No symbol) [0x0050D156]
	(No symbol) [0x00508C22]
	(No symbol) [0x005081B6]
	(No symbol) [0x004736C5]
	(No symbol) [0x00473C1E]
	(No symbol) [0x004740AD]
	GetHandleVerifier [0x00904523+2701795]
	GetHandleVerifier [0x008FFCA6+2683238]
	GetHandleVerifier [0x0091A9EE+2793134]
	GetHandleVerifier [0x006968C5+155013]
	GetHandleVerifier [0x0069CFAD+181357]
	(No symbol) [0x00473390]
	(No symbol) [0x00472B9D]
	GetHandleVerifier [0x009F877C+3701820]
	BaseThreadInitThunk [0x75975D49+25]
	RtlInitializeExceptionChain [0x77BDD03B+107]
	RtlGetAppContainerNamedObjectPath [0x77BDCFC1+561]

2025-05-28 23:26:46,703 - WARNING - Erro ao clicar no botão de pesquisa: Message: invalid session id
Stacktrace:
	GetHandleVerifier [0x0067FC03+61635]
	GetHandleVerifier [0x0067FC44+61700]
	(No symbol) [0x004A044E]
	(No symbol) [0x004DBB08]
	(No symbol) [0x0050D156]
	(No symbol) [0x00508C22]
	(No symbol) [0x005081B6]
	(No symbol) [0x004736C5]
	(No symbol) [0x00473C1E]
	(No symbol) [0x004740AD]
	GetHandleVerifier [0x00904523+2701795]
	GetHandleVerifier [0x008FFCA6+2683238]
	GetHandleVerifier [0x0091A9EE+2793134]
	GetHandleVerifier [0x006968C5+155013]
	GetHandleVerifier [0x0069CFAD+181357]
	(No symbol) [0x00473390]
	(No symbol) [0x00472B9D]
	GetHandleVerifier [0x009F877C+3701820]
	BaseThreadInitThunk [0x75975D49+25]
	RtlInitializeExceptionChain [0x77BDD03B+107]
	RtlGetAppContainerNamedObjectPath [0x77BDCFC1+561]

2025-05-28 23:26:46,704 - ERROR - Erro ao processar página 1: Message: invalid session id
Stacktrace:
	GetHandleVerifier [0x0067FC03+61635]
	GetHandleVerifier [0x0067FC44+61700]
	(No symbol) [0x004A044E]
	(No symbol) [0x004DBB08]
	(No symbol) [0x0050D156]
	(No symbol) [0x00508C22]
	(No symbol) [0x005081B6]
	(No symbol) [0x004736C5]
	(No symbol) [0x00473C1E]
	(No symbol) [0x004740AD]
	GetHandleVerifier [0x00904523+2701795]
	GetHandleVerifier [0x008FFCA6+2683238]
	GetHandleVerifier [0x0091A9EE+2793134]
	GetHandleVerifier [0x006968C5+155013]
	GetHandleVerifier [0x0069CFAD+181357]
	(No symbol) [0x00473390]
	(No symbol) [0x00472B9D]
	GetHandleVerifier [0x009F877C+3701820]
	BaseThreadInitThunk [0x75975D49+25]
	RtlInitializeExceptionChain [0x77BDD03B+107]
	RtlGetAppContainerNamedObjectPath [0x77BDCFC1+561]

2025-05-28 23:26:46,704 - ERROR - Erro ao processar página 2: Message: invalid session id
Stacktrace:
	GetHandleVerifier [0x0067FC03+61635]
	GetHandleVerifier [0x0067FC44+61700]
	(No symbol) [0x004A044E]
	(No symbol) [0x004DBB08]
	(No symbol) [0x0050D156]
	(No symbol) [0x00508C22]
	(No symbol) [0x005081B6]
	(No symbol) [0x004736C5]
	(No symbol) [0x00473C1E]
	(No symbol) [0x004740AD]
	GetHandleVerifier [0x00904523+2701795]
	GetHandleVerifier [0x008FFCA6+2683238]
	GetHandleVerifier [0x0091A9EE+2793134]
	GetHandleVerifier [0x006968C5+155013]
	GetHandleVerifier [0x0069CFAD+181357]
	(No symbol) [0x00473390]
	(No symbol) [0x00472B9D]
	GetHandleVerifier [0x009F877C+3701820]
	BaseThreadInitThunk [0x75975D49+25]
	RtlInitializeExceptionChain [0x77BDD03B+107]
	RtlGetAppContainerNamedObjectPath [0x77BDCFC1+561]

2025-05-28 23:26:46,707 - ERROR - Erro ao processar página 3: Message: invalid session id
Stacktrace:
	GetHandleVerifier [0x0067FC03+61635]
	GetHandleVerifier [0x0067FC44+61700]
	(No symbol) [0x004A044E]
	(No symbol) [0x004DBB08]
	(No symbol) [0x0050D156]
	(No symbol) [0x00508C22]
	(No symbol) [0x005081B6]
	(No symbol) [0x004736C5]
	(No symbol) [0x00473C1E]
	(No symbol) [0x004740AD]
	GetHandleVerifier [0x00904523+2701795]
	GetHandleVerifier [0x008FFCA6+2683238]
	GetHandleVerifier [0x0091A9EE+2793134]
	GetHandleVerifier [0x006968C5+155013]
	GetHandleVerifier [0x0069CFAD+181357]
	(No symbol) [0x00473390]
	(No symbol) [0x00472B9D]
	GetHandleVerifier [0x009F877C+3701820]
	BaseThreadInitThunk [0x75975D49+25]
	RtlInitializeExceptionChain [0x77BDD03B+107]
	RtlGetAppContainerNamedObjectPath [0x77BDCFC1+561]

2025-05-28 23:26:46,707 - WARNING - coletar_advogados retornou 0 registros
2025-05-28 23:26:46,707 - INFO - Iniciando: coletar_sociedades
2025-05-28 23:26:46,707 - INFO - Iniciando scraping de sociedades de advogados...
2025-05-28 23:26:46,707 - ERROR - Erro em coletar_sociedades: Message: invalid session id
Stacktrace:
	GetHandleVerifier [0x0067FC03+61635]
	GetHandleVerifier [0x0067FC44+61700]
	(No symbol) [0x004A044E]
	(No symbol) [0x004DBB08]
	(No symbol) [0x0050D156]
	(No symbol) [0x00508C22]
	(No symbol) [0x005081B6]
	(No symbol) [0x004736C5]
	(No symbol) [0x00473C1E]
	(No symbol) [0x004740AD]
	GetHandleVerifier [0x00904523+2701795]
	GetHandleVerifier [0x008FFCA6+2683238]
	GetHandleVerifier [0x0091A9EE+2793134]
	GetHandleVerifier [0x006968C5+155013]
	GetHandleVerifier [0x0069CFAD+181357]
	(No symbol) [0x00473390]
	(No symbol) [0x00472B9D]
	GetHandleVerifier [0x009F877C+3701820]
	BaseThreadInitThunk [0x75975D49+25]
	RtlInitializeExceptionChain [0x77BDD03B+107]
	RtlGetAppContainerNamedObjectPath [0x77BDCFC1+561]

2025-05-28 23:26:46,708 - INFO - Iniciando: coletar_estagiarios
2025-05-28 23:26:46,708 - INFO - Iniciando scraping de estagiários...
2025-05-28 23:26:46,708 - ERROR - Erro em coletar_estagiarios: Message: invalid session id
Stacktrace:
	GetHandleVerifier [0x0067FC03+61635]
	GetHandleVerifier [0x0067FC44+61700]
	(No symbol) [0x004A044E]
	(No symbol) [0x004DBB08]
	(No symbol) [0x0050D156]
	(No symbol) [0x00508C22]
	(No symbol) [0x005081B6]
	(No symbol) [0x004736C5]
	(No symbol) [0x00473C1E]
	(No symbol) [0x004740AD]
	GetHandleVerifier [0x00904523+2701795]
	GetHandleVerifier [0x008FFCA6+2683238]
	GetHandleVerifier [0x0091A9EE+2793134]
	GetHandleVerifier [0x006968C5+155013]
	GetHandleVerifier [0x0069CFAD+181357]
	(No symbol) [0x00473390]
	(No symbol) [0x00472B9D]
	GetHandleVerifier [0x009F877C+3701820]
	BaseThreadInitThunk [0x75975D49+25]
	RtlInitializeExceptionChain [0x77BDD03B+107]
	RtlGetAppContainerNamedObjectPath [0x77BDCFC1+561]

2025-05-28 23:26:46,708 - INFO - Iniciando: coletar_tribunais
2025-05-28 23:26:46,708 - INFO - Iniciando scraping de tribunais...
2025-05-28 23:26:46,709 - ERROR - Erro em coletar_tribunais: Message: invalid session id
Stacktrace:
	GetHandleVerifier [0x0067FC03+61635]
	GetHandleVerifier [0x0067FC44+61700]
	(No symbol) [0x004A044E]
	(No symbol) [0x004DBB08]
	(No symbol) [0x0050D156]
	(No symbol) [0x00508C22]
	(No symbol) [0x005081B6]
	(No symbol) [0x004736C5]
	(No symbol) [0x00473C1E]
	(No symbol) [0x004740AD]
	GetHandleVerifier [0x00904523+2701795]
	GetHandleVerifier [0x008FFCA6+2683238]
	GetHandleVerifier [0x0091A9EE+2793134]
	GetHandleVerifier [0x006968C5+155013]
	GetHandleVerifier [0x0069CFAD+181357]
	(No symbol) [0x00473390]
	(No symbol) [0x00472B9D]
	GetHandleVerifier [0x009F877C+3701820]
	BaseThreadInitThunk [0x75975D49+25]
	RtlInitializeExceptionChain [0x77BDD03B+107]
	RtlGetAppContainerNamedObjectPath [0x77BDCFC1+561]

2025-05-28 23:26:46,709 - INFO - Iniciando: coletar_julgados
2025-05-28 23:26:46,709 - INFO - Iniciando scraping de julgados de paz...
2025-05-28 23:26:46,710 - ERROR - Erro em coletar_julgados: Message: invalid session id
Stacktrace:
	GetHandleVerifier [0x0067FC03+61635]
	GetHandleVerifier [0x0067FC44+61700]
	(No symbol) [0x004A044E]
	(No symbol) [0x004DBB08]
	(No symbol) [0x0050D156]
	(No symbol) [0x00508C22]
	(No symbol) [0x005081B6]
	(No symbol) [0x004736C5]
	(No symbol) [0x00473C1E]
	(No symbol) [0x004740AD]
	GetHandleVerifier [0x00904523+2701795]
	GetHandleVerifier [0x008FFCA6+2683238]
	GetHandleVerifier [0x0091A9EE+2793134]
	GetHandleVerifier [0x006968C5+155013]
	GetHandleVerifier [0x0069CFAD+181357]
	(No symbol) [0x00473390]
	(No symbol) [0x00472B9D]
	GetHandleVerifier [0x009F877C+3701820]
	BaseThreadInitThunk [0x75975D49+25]
	RtlInitializeExceptionChain [0x77BDD03B+107]
	RtlGetAppContainerNamedObjectPath [0x77BDCFC1+561]

2025-05-28 23:26:46,710 - INFO - Iniciando: coletar_osae
2025-05-28 23:26:46,710 - INFO - Iniciando scraping do OSAE...
2025-05-28 23:26:46,711 - ERROR - Erro em coletar_osae: Message: invalid session id
Stacktrace:
	GetHandleVerifier [0x0067FC03+61635]
	GetHandleVerifier [0x0067FC44+61700]
	(No symbol) [0x004A044E]
	(No symbol) [0x004DBB08]
	(No symbol) [0x0050D156]
	(No symbol) [0x00508C22]
	(No symbol) [0x005081B6]
	(No symbol) [0x004736C5]
	(No symbol) [0x00473C1E]
	(No symbol) [0x004740AD]
	GetHandleVerifier [0x00904523+2701795]
	GetHandleVerifier [0x008FFCA6+2683238]
	GetHandleVerifier [0x0091A9EE+2793134]
	GetHandleVerifier [0x006968C5+155013]
	GetHandleVerifier [0x0069CFAD+181357]
	(No symbol) [0x00473390]
	(No symbol) [0x00472B9D]
	GetHandleVerifier [0x009F877C+3701820]
	BaseThreadInitThunk [0x75975D49+25]
	RtlInitializeExceptionChain [0x77BDD03B+107]
	RtlGetAppContainerNamedObjectPath [0x77BDCFC1+561]

2025-05-28 23:26:46,711 - INFO - Iniciando: coletar_advogados_angola
2025-05-28 23:26:46,711 - INFO - Iniciando scraping de advogados de Angola...
2025-05-28 23:26:46,712 - ERROR - Erro em coletar_advogados_angola: Message: invalid session id
Stacktrace:
	GetHandleVerifier [0x0067FC03+61635]
	GetHandleVerifier [0x0067FC44+61700]
	(No symbol) [0x004A044E]
	(No symbol) [0x004DBB08]
	(No symbol) [0x0050D156]
	(No symbol) [0x00508C22]
	(No symbol) [0x005081B6]
	(No symbol) [0x004736C5]
	(No symbol) [0x00473C1E]
	(No symbol) [0x004740AD]
	GetHandleVerifier [0x00904523+2701795]
	GetHandleVerifier [0x008FFCA6+2683238]
	GetHandleVerifier [0x0091A9EE+2793134]
	GetHandleVerifier [0x006968C5+155013]
	GetHandleVerifier [0x0069CFAD+181357]
	(No symbol) [0x00473390]
	(No symbol) [0x00472B9D]
	GetHandleVerifier [0x009F877C+3701820]
	BaseThreadInitThunk [0x75975D49+25]
	RtlInitializeExceptionChain [0x77BDD03B+107]
	RtlGetAppContainerNamedObjectPath [0x77BDCFC1+561]

2025-05-28 23:26:46,712 - INFO - Iniciando: coletar_camaras_municipais
2025-05-28 23:26:46,712 - INFO - Iniciando scraping de câmaras municipais...
2025-05-28 23:26:46,712 - ERROR - Erro em coletar_camaras_municipais: Message: invalid session id
Stacktrace:
	GetHandleVerifier [0x0067FC03+61635]
	GetHandleVerifier [0x0067FC44+61700]
	(No symbol) [0x004A044E]
	(No symbol) [0x004DBB08]
	(No symbol) [0x0050D156]
	(No symbol) [0x00508C22]
	(No symbol) [0x005081B6]
	(No symbol) [0x004736C5]
	(No symbol) [0x00473C1E]
	(No symbol) [0x004740AD]
	GetHandleVerifier [0x00904523+2701795]
	GetHandleVerifier [0x008FFCA6+2683238]
	GetHandleVerifier [0x0091A9EE+2793134]
	GetHandleVerifier [0x006968C5+155013]
	GetHandleVerifier [0x0069CFAD+181357]
	(No symbol) [0x00473390]
	(No symbol) [0x00472B9D]
	GetHandleVerifier [0x009F877C+3701820]
	BaseThreadInitThunk [0x75975D49+25]
	RtlInitializeExceptionChain [0x77BDD03B+107]
	RtlGetAppContainerNamedObjectPath [0x77BDCFC1+561]

2025-05-28 23:26:46,712 - INFO - Iniciando: coletar_atlas_cplp
2025-05-28 23:26:46,713 - INFO - Iniciando scraping do Atlas CPLP...
2025-05-28 23:26:46,713 - ERROR - Erro em coletar_atlas_cplp: Message: invalid session id
Stacktrace:
	GetHandleVerifier [0x0067FC03+61635]
	GetHandleVerifier [0x0067FC44+61700]
	(No symbol) [0x004A044E]
	(No symbol) [0x004DBB08]
	(No symbol) [0x0050D156]
	(No symbol) [0x00508C22]
	(No symbol) [0x005081B6]
	(No symbol) [0x004736C5]
	(No symbol) [0x00473C1E]
	(No symbol) [0x004740AD]
	GetHandleVerifier [0x00904523+2701795]
	GetHandleVerifier [0x008FFCA6+2683238]
	GetHandleVerifier [0x0091A9EE+2793134]
	GetHandleVerifier [0x006968C5+155013]
	GetHandleVerifier [0x0069CFAD+181357]
	(No symbol) [0x00473390]
	(No symbol) [0x00472B9D]
	GetHandleVerifier [0x009F877C+3701820]
	BaseThreadInitThunk [0x75975D49+25]
	RtlInitializeExceptionChain [0x77BDD03B+107]
	RtlGetAppContainerNamedObjectPath [0x77BDCFC1+561]

2025-05-28 23:26:46,714 - INFO - Conexão com o banco de dados fechada.
2025-05-28 23:26:48,757 - INFO - Navegador fechado.
