2025-06-05 12:17:07,587 - INFO - Iniciando o script de scraping...
2025-06-05 12:17:07,595 - INFO - Conexão com o banco de dados estabelecida!
2025-06-05 12:17:07,595 - INFO - ====== WebDriver manager ======
2025-06-05 12:17:08,417 - INFO - Get LATEST chromedriver version for google-chrome
2025-06-05 12:17:08,452 - INFO - Get LATEST chromedriver version for google-chrome
2025-06-05 12:17:08,484 - INFO - Driver [C:\Users\david\.wdm\drivers\chromedriver\win64\137.0.7151.68\chromedriver-win32/chromedriver.exe] found in cache
2025-06-05 12:17:09,578 - INFO - Iniciando: coletar_advogados
2025-06-05 12:17:09,578 - INFO - Iniciando scraping de advogados...
2025-06-05 12:17:50,900 - WARNING - Erro ao marcar 'Apenas Ativos' (continuando sem marcar): Message: 
Stacktrace:
	GetHandleVerifier [0x0x893763+63299]
	GetHandleVerifier [0x0x8937a4+63364]
	(No symbol) [0x0x6c1113]
	(No symbol) [0x0x70987e]
	(No symbol) [0x0x709c1b]
	(No symbol) [0x0x752212]
	(No symbol) [0x0x72e5c4]
	(No symbol) [0x0x74fa4a]
	(No symbol) [0x0x72e376]
	(No symbol) [0x0x6fd6e0]
	(No symbol) [0x0x6fe544]
	GetHandleVerifier [0x0xaee033+2531347]
	GetHandleVerifier [0x0xae9332+2511634]
	GetHandleVerifier [0x0x8b9eda+220858]
	GetHandleVerifier [0x0x8aa528+156936]
	GetHandleVerifier [0x0x8b0c5d+183357]
	GetHandleVerifier [0x0x89b6c8+95912]
	GetHandleVerifier [0x0x89b870+96336]
	GetHandleVerifier [0x0x88664a+9770]
	BaseThreadInitThunk [0x0x76235d49+25]
	RtlInitializeExceptionChain [0x0x7716d03b+107]
	RtlGetAppContainerNamedObjectPath [0x0x7716cfc1+561]

2025-06-05 12:17:54,073 - WARNING - Não foi possível determinar o total de páginas.
2025-06-05 12:18:07,474 - INFO - Executando query: 
            INSERT INTO advogados (name, cedula, conselho, morada, estado, telefone, email, site, tipo)
            VALUES (Ana Maria Peralta, 5890L, Lisboa, Av Fontes Pereira de Melo, 35 - 1º B, Activo, +351213170460, amperalta-5890l@adv.oa.pt, https://portal.oa.pt/advogados/pesquisa-de-advogados/, advogado)
        
2025-06-05 12:18:07,486 - INFO - Executando query: 
            INSERT INTO advogados (name, cedula, conselho, morada, estado, telefone, email, site, tipo)
            VALUES (Ana Rute Pedroto, 16998L, Lisboa, Pc da Portagem, Activo, +351212879375, anarutepedroto-16998l@advogados.oa.pt, https://portal.oa.pt/advogados/pesquisa-de-advogados/, advogado)
        
2025-06-05 12:18:07,493 - INFO - Executando query: 
            INSERT INTO advogados (name, cedula, conselho, morada, estado, telefone, email, site, tipo)
            VALUES (Anabela Santos e Cunha, 804E, Lisboa, R Xavier Araújo, 11 - Nucleo 1 - 7º A, Activo, +351217261939, anabelasantoscunha-804e@adv.oa.pt, https://portal.oa.pt/advogados/pesquisa-de-advogados/, advogado)
        
2025-06-05 12:18:07,500 - INFO - Executando query: 
            INSERT INTO advogados (name, cedula, conselho, morada, estado, telefone, email, site, tipo)
            VALUES (André Batista Nunes, 57886L, Lisboa, R do Minho, 46 - 1º Esq, Activo, N/D, abn-57886l@adv.oa.pt, https://portal.oa.pt/advogados/pesquisa-de-advogados/, advogado)
        
2025-06-05 12:18:07,506 - INFO - Executando query: 
            INSERT INTO advogados (name, cedula, conselho, morada, estado, telefone, email, site, tipo)
            VALUES (Andreia Andrade, 65253L, Lisboa, Av da Liberdade, 67 A, Activo, +351964795680, andreiaandrade-65253L@adv.oa.pt, https://portal.oa.pt/advogados/pesquisa-de-advogados/, advogado)
        
2025-06-05 12:18:07,514 - INFO - Executando query: 
            INSERT INTO advogados (name, cedula, conselho, morada, estado, telefone, email, site, tipo)
            VALUES (Beatriz Neves Rodrigues, 65375L, Lisboa, Av Cons Fernando de Sousa, 19 - 15º, Activo, +351214046850, beatriznevesrodrigues-65375L@adv.oa.pt, https://portal.oa.pt/advogados/pesquisa-de-advogados/, advogado)
        
2025-06-05 12:18:07,520 - INFO - Executando query: 
            INSERT INTO advogados (name, cedula, conselho, morada, estado, telefone, email, site, tipo)
            VALUES (Bruno Salgado Nogueira, 44507L, Lisboa, Av Clotilde, Piso 4 - Escr A, Sl 4 - Edf Centro de Congressos, Activo, +351917449252, brunosnogueira-44507l@adv.oa.pt, https://portal.oa.pt/advogados/pesquisa-de-advogados/, advogado)
        
2025-06-05 12:18:07,527 - INFO - Executando query: 
            INSERT INTO advogados (name, cedula, conselho, morada, estado, telefone, email, site, tipo)
            VALUES (Bruno Sintra da Silva, 66525L, Lisboa, Av Fontes Pereira de Melo, 43, Activo, N/D, bruno.sintrasilva-66525L@adv.oa.pt, https://portal.oa.pt/advogados/pesquisa-de-advogados/, advogado)
        
2025-06-05 12:18:07,533 - INFO - Executando query: 
            INSERT INTO advogados (name, cedula, conselho, morada, estado, telefone, email, site, tipo)
            VALUES (Carla Martinho Esteves, 13086L, Lisboa, Av Forças Armadas, 4 - 8º D - Edf Lisboa Parque, Activo, +351217964258, carlamesteves-13086l@adv.oa.pt, https://portal.oa.pt/advogados/pesquisa-de-advogados/, advogado)
        
2025-06-05 12:18:07,543 - INFO - Executando query: 
            INSERT INTO advogados (name, cedula, conselho, morada, estado, telefone, email, site, tipo)
            VALUES (Carolina Dutra, 62314P, Lisboa, R Elisa Pedroso, 09 - 3 ET - CHARNECA DA CAPARICA, Activo, +351915510368, carolinadutra-62314P@adv.oa.pt, https://portal.oa.pt/advogados/pesquisa-de-advogados/, advogado)
        
2025-06-05 12:18:23,368 - ERROR - Erro ao processar página 2: Message: invalid session id: session deleted as the browser has closed the connection
from disconnected: not connected to DevTools
  (Session info: chrome=137.0.7151.57)
Stacktrace:
	GetHandleVerifier [0x0x893763+63299]
	GetHandleVerifier [0x0x8937a4+63364]
	(No symbol) [0x0x6c1113]
	(No symbol) [0x0x6b08a0]
	(No symbol) [0x0x6ce8c2]
	(No symbol) [0x0x73519c]
	(No symbol) [0x0x74f359]
	(No symbol) [0x0x72e376]
	(No symbol) [0x0x6fd6e0]
	(No symbol) [0x0x6fe544]
	GetHandleVerifier [0x0xaee033+2531347]
	GetHandleVerifier [0x0xae9332+2511634]
	GetHandleVerifier [0x0x8b9eda+220858]
	GetHandleVerifier [0x0x8aa528+156936]
	GetHandleVerifier [0x0x8b0c5d+183357]
	GetHandleVerifier [0x0x89b6c8+95912]
	GetHandleVerifier [0x0x89b870+96336]
	GetHandleVerifier [0x0x88664a+9770]
	BaseThreadInitThunk [0x0x76235d49+25]
	RtlInitializeExceptionChain [0x0x7716d03b+107]
	RtlGetAppContainerNamedObjectPath [0x0x7716cfc1+561]

2025-06-05 12:18:23,431 - ERROR - Erro ao processar página 3: Message: invalid session id
Stacktrace:
	GetHandleVerifier [0x0x893763+63299]
	GetHandleVerifier [0x0x8937a4+63364]
	(No symbol) [0x0x6c0f70]
	(No symbol) [0x0x6fc9a8]
	(No symbol) [0x0x72e436]
	(No symbol) [0x0x729f05]
	(No symbol) [0x0x729486]
	(No symbol) [0x0x693a05]
	(No symbol) [0x0x693f5e]
	(No symbol) [0x0x6943ed]
	GetHandleVerifier [0x0xaee033+2531347]
	GetHandleVerifier [0x0xae9332+2511634]
	GetHandleVerifier [0x0x8b9eda+220858]
	GetHandleVerifier [0x0x8aa528+156936]
	GetHandleVerifier [0x0x8b0c5d+183357]
	(No symbol) [0x0x6936d0]
	(No symbol) [0x0x692edd]
	GetHandleVerifier [0x0xc27edc+3817148]
	BaseThreadInitThunk [0x0x76235d49+25]
	RtlInitializeExceptionChain [0x0x7716d03b+107]
	RtlGetAppContainerNamedObjectPath [0x0x7716cfc1+561]

2025-06-05 12:18:23,431 - ERROR - Erro ao processar página 4: Message: invalid session id
Stacktrace:
	GetHandleVerifier [0x0x893763+63299]
	GetHandleVerifier [0x0x8937a4+63364]
	(No symbol) [0x0x6c0f70]
	(No symbol) [0x0x6fc9a8]
	(No symbol) [0x0x72e436]
	(No symbol) [0x0x729f05]
	(No symbol) [0x0x729486]
	(No symbol) [0x0x693a05]
	(No symbol) [0x0x693f5e]
	(No symbol) [0x0x6943ed]
	GetHandleVerifier [0x0xaee033+2531347]
	GetHandleVerifier [0x0xae9332+2511634]
	GetHandleVerifier [0x0x8b9eda+220858]
	GetHandleVerifier [0x0x8aa528+156936]
	GetHandleVerifier [0x0x8b0c5d+183357]
	(No symbol) [0x0x6936d0]
	(No symbol) [0x0x692edd]
	GetHandleVerifier [0x0xc27edc+3817148]
	BaseThreadInitThunk [0x0x76235d49+25]
	RtlInitializeExceptionChain [0x0x7716d03b+107]
	RtlGetAppContainerNamedObjectPath [0x0x7716cfc1+561]

2025-06-05 12:18:23,432 - INFO - Dados salvos em CSV: dados_pesquisa-de-advogados_20250605_121823.csv
2025-06-05 12:18:23,432 - INFO - coletar_advogados completado com 10 registros
2025-06-05 12:18:23,432 - INFO - Iniciando: coletar_sociedades
2025-06-05 12:18:23,432 - INFO - Iniciando scraping de sociedades de advogados...
2025-06-05 12:18:23,433 - ERROR - Erro em coletar_sociedades: Message: invalid session id
Stacktrace:
	GetHandleVerifier [0x0x893763+63299]
	GetHandleVerifier [0x0x8937a4+63364]
	(No symbol) [0x0x6c0f70]
	(No symbol) [0x0x6fc9a8]
	(No symbol) [0x0x72e436]
	(No symbol) [0x0x729f05]
	(No symbol) [0x0x729486]
	(No symbol) [0x0x693a05]
	(No symbol) [0x0x693f5e]
	(No symbol) [0x0x6943ed]
	GetHandleVerifier [0x0xaee033+2531347]
	GetHandleVerifier [0x0xae9332+2511634]
	GetHandleVerifier [0x0x8b9eda+220858]
	GetHandleVerifier [0x0x8aa528+156936]
	GetHandleVerifier [0x0x8b0c5d+183357]
	(No symbol) [0x0x6936d0]
	(No symbol) [0x0x692edd]
	GetHandleVerifier [0x0xc27edc+3817148]
	BaseThreadInitThunk [0x0x76235d49+25]
	RtlInitializeExceptionChain [0x0x7716d03b+107]
	RtlGetAppContainerNamedObjectPath [0x0x7716cfc1+561]

2025-06-05 12:18:23,433 - INFO - Iniciando: coletar_estagiarios
2025-06-05 12:18:23,433 - INFO - Iniciando scraping de estagiários...
2025-06-05 12:18:23,433 - ERROR - Erro em coletar_estagiarios: Message: invalid session id
Stacktrace:
	GetHandleVerifier [0x0x893763+63299]
	GetHandleVerifier [0x0x8937a4+63364]
	(No symbol) [0x0x6c0f70]
	(No symbol) [0x0x6fc9a8]
	(No symbol) [0x0x72e436]
	(No symbol) [0x0x729f05]
	(No symbol) [0x0x729486]
	(No symbol) [0x0x693a05]
	(No symbol) [0x0x693f5e]
	(No symbol) [0x0x6943ed]
	GetHandleVerifier [0x0xaee033+2531347]
	GetHandleVerifier [0x0xae9332+2511634]
	GetHandleVerifier [0x0x8b9eda+220858]
	GetHandleVerifier [0x0x8aa528+156936]
	GetHandleVerifier [0x0x8b0c5d+183357]
	(No symbol) [0x0x6936d0]
	(No symbol) [0x0x692edd]
	GetHandleVerifier [0x0xc27edc+3817148]
	BaseThreadInitThunk [0x0x76235d49+25]
	RtlInitializeExceptionChain [0x0x7716d03b+107]
	RtlGetAppContainerNamedObjectPath [0x0x7716cfc1+561]

2025-06-05 12:18:23,433 - INFO - Iniciando: coletar_tribunais
2025-06-05 12:18:23,433 - INFO - Iniciando scraping de tribunais...
2025-06-05 12:18:23,434 - ERROR - Erro em coletar_tribunais: Message: invalid session id
Stacktrace:
	GetHandleVerifier [0x0x893763+63299]
	GetHandleVerifier [0x0x8937a4+63364]
	(No symbol) [0x0x6c0f70]
	(No symbol) [0x0x6fc9a8]
	(No symbol) [0x0x72e436]
	(No symbol) [0x0x729f05]
	(No symbol) [0x0x729486]
	(No symbol) [0x0x693a05]
	(No symbol) [0x0x693f5e]
	(No symbol) [0x0x6943ed]
	GetHandleVerifier [0x0xaee033+2531347]
	GetHandleVerifier [0x0xae9332+2511634]
	GetHandleVerifier [0x0x8b9eda+220858]
	GetHandleVerifier [0x0x8aa528+156936]
	GetHandleVerifier [0x0x8b0c5d+183357]
	(No symbol) [0x0x6936d0]
	(No symbol) [0x0x692edd]
	GetHandleVerifier [0x0xc27edc+3817148]
	BaseThreadInitThunk [0x0x76235d49+25]
	RtlInitializeExceptionChain [0x0x7716d03b+107]
	RtlGetAppContainerNamedObjectPath [0x0x7716cfc1+561]

2025-06-05 12:18:23,434 - INFO - Iniciando: coletar_julgados
2025-06-05 12:18:23,434 - INFO - Iniciando scraping de julgados de paz...
2025-06-05 12:18:23,435 - ERROR - Erro em coletar_julgados: Message: invalid session id
Stacktrace:
	GetHandleVerifier [0x0x893763+63299]
	GetHandleVerifier [0x0x8937a4+63364]
	(No symbol) [0x0x6c0f70]
	(No symbol) [0x0x6fc9a8]
	(No symbol) [0x0x72e436]
	(No symbol) [0x0x729f05]
	(No symbol) [0x0x729486]
	(No symbol) [0x0x693a05]
	(No symbol) [0x0x693f5e]
	(No symbol) [0x0x6943ed]
	GetHandleVerifier [0x0xaee033+2531347]
	GetHandleVerifier [0x0xae9332+2511634]
	GetHandleVerifier [0x0x8b9eda+220858]
	GetHandleVerifier [0x0x8aa528+156936]
	GetHandleVerifier [0x0x8b0c5d+183357]
	(No symbol) [0x0x6936d0]
	(No symbol) [0x0x692edd]
	GetHandleVerifier [0x0xc27edc+3817148]
	BaseThreadInitThunk [0x0x76235d49+25]
	RtlInitializeExceptionChain [0x0x7716d03b+107]
	RtlGetAppContainerNamedObjectPath [0x0x7716cfc1+561]

2025-06-05 12:18:23,435 - INFO - Iniciando: coletar_osae
2025-06-05 12:18:23,435 - INFO - Iniciando scraping do OSAE...
2025-06-05 12:18:23,435 - ERROR - Erro em coletar_osae: Message: invalid session id
Stacktrace:
	GetHandleVerifier [0x0x893763+63299]
	GetHandleVerifier [0x0x8937a4+63364]
	(No symbol) [0x0x6c0f70]
	(No symbol) [0x0x6fc9a8]
	(No symbol) [0x0x72e436]
	(No symbol) [0x0x729f05]
	(No symbol) [0x0x729486]
	(No symbol) [0x0x693a05]
	(No symbol) [0x0x693f5e]
	(No symbol) [0x0x6943ed]
	GetHandleVerifier [0x0xaee033+2531347]
	GetHandleVerifier [0x0xae9332+2511634]
	GetHandleVerifier [0x0x8b9eda+220858]
	GetHandleVerifier [0x0x8aa528+156936]
	GetHandleVerifier [0x0x8b0c5d+183357]
	(No symbol) [0x0x6936d0]
	(No symbol) [0x0x692edd]
	GetHandleVerifier [0x0xc27edc+3817148]
	BaseThreadInitThunk [0x0x76235d49+25]
	RtlInitializeExceptionChain [0x0x7716d03b+107]
	RtlGetAppContainerNamedObjectPath [0x0x7716cfc1+561]

2025-06-05 12:18:23,435 - INFO - Iniciando: coletar_advogados_angola
2025-06-05 12:18:23,435 - INFO - Iniciando scraping de advogados de Angola...
2025-06-05 12:18:23,436 - ERROR - Erro em coletar_advogados_angola: Message: invalid session id
Stacktrace:
	GetHandleVerifier [0x0x893763+63299]
	GetHandleVerifier [0x0x8937a4+63364]
	(No symbol) [0x0x6c0f70]
	(No symbol) [0x0x6fc9a8]
	(No symbol) [0x0x72e436]
	(No symbol) [0x0x729f05]
	(No symbol) [0x0x729486]
	(No symbol) [0x0x693a05]
	(No symbol) [0x0x693f5e]
	(No symbol) [0x0x6943ed]
	GetHandleVerifier [0x0xaee033+2531347]
	GetHandleVerifier [0x0xae9332+2511634]
	GetHandleVerifier [0x0x8b9eda+220858]
	GetHandleVerifier [0x0x8aa528+156936]
	GetHandleVerifier [0x0x8b0c5d+183357]
	(No symbol) [0x0x6936d0]
	(No symbol) [0x0x692edd]
	GetHandleVerifier [0x0xc27edc+3817148]
	BaseThreadInitThunk [0x0x76235d49+25]
	RtlInitializeExceptionChain [0x0x7716d03b+107]
	RtlGetAppContainerNamedObjectPath [0x0x7716cfc1+561]

2025-06-05 12:18:23,436 - INFO - Iniciando: coletar_camaras_municipais
2025-06-05 12:18:23,436 - INFO - Iniciando scraping de câmaras municipais...
2025-06-05 12:18:23,437 - ERROR - Erro em coletar_camaras_municipais: Message: invalid session id
Stacktrace:
	GetHandleVerifier [0x0x893763+63299]
	GetHandleVerifier [0x0x8937a4+63364]
	(No symbol) [0x0x6c0f70]
	(No symbol) [0x0x6fc9a8]
	(No symbol) [0x0x72e436]
	(No symbol) [0x0x729f05]
	(No symbol) [0x0x729486]
	(No symbol) [0x0x693a05]
	(No symbol) [0x0x693f5e]
	(No symbol) [0x0x6943ed]
	GetHandleVerifier [0x0xaee033+2531347]
	GetHandleVerifier [0x0xae9332+2511634]
	GetHandleVerifier [0x0x8b9eda+220858]
	GetHandleVerifier [0x0x8aa528+156936]
	GetHandleVerifier [0x0x8b0c5d+183357]
	(No symbol) [0x0x6936d0]
	(No symbol) [0x0x692edd]
	GetHandleVerifier [0x0xc27edc+3817148]
	BaseThreadInitThunk [0x0x76235d49+25]
	RtlInitializeExceptionChain [0x0x7716d03b+107]
	RtlGetAppContainerNamedObjectPath [0x0x7716cfc1+561]

2025-06-05 12:18:23,437 - INFO - Iniciando: coletar_atlas_cplp
2025-06-05 12:18:23,437 - INFO - Iniciando scraping do Atlas CPLP...
2025-06-05 12:18:23,437 - ERROR - Erro em coletar_atlas_cplp: Message: invalid session id
Stacktrace:
	GetHandleVerifier [0x0x893763+63299]
	GetHandleVerifier [0x0x8937a4+63364]
	(No symbol) [0x0x6c0f70]
	(No symbol) [0x0x6fc9a8]
	(No symbol) [0x0x72e436]
	(No symbol) [0x0x729f05]
	(No symbol) [0x0x729486]
	(No symbol) [0x0x693a05]
	(No symbol) [0x0x693f5e]
	(No symbol) [0x0x6943ed]
	GetHandleVerifier [0x0xaee033+2531347]
	GetHandleVerifier [0x0xae9332+2511634]
	GetHandleVerifier [0x0x8b9eda+220858]
	GetHandleVerifier [0x0x8aa528+156936]
	GetHandleVerifier [0x0x8b0c5d+183357]
	(No symbol) [0x0x6936d0]
	(No symbol) [0x0x692edd]
	GetHandleVerifier [0x0xc27edc+3817148]
	BaseThreadInitThunk [0x0x76235d49+25]
	RtlInitializeExceptionChain [0x0x7716d03b+107]
	RtlGetAppContainerNamedObjectPath [0x0x7716cfc1+561]

2025-06-05 12:18:23,438 - INFO - Dados salvos em CSV: todos_dados_20250605_121823.csv
2025-06-05 12:18:23,438 - INFO - Todos os dados salvos em CSV com timestamp: 20250605_121823
2025-06-05 12:18:23,439 - INFO - Conexão com o banco de dados fechada.
2025-06-05 12:18:25,472 - INFO - Navegador fechado.
