2025-06-06 12:11:32,445 - INFO - Iniciando o script de scraping...
2025-06-06 12:11:32,461 - INFO - Conexão com o banco de dados estabelecida!
2025-06-06 12:11:32,538 - INFO - Tabelas existentes (advogados, sociedades, estagiarios, advogados_backup) eliminadas para recriação.
2025-06-06 12:11:32,561 - INFO - Tabela 'advogados' criada com sucesso!
2025-06-06 12:11:32,584 - INFO - Tabela 'sociedades' criada com sucesso!
2025-06-06 12:11:32,604 - INFO - Tabela 'estagiarios' criada com sucesso!
2025-06-06 12:11:32,605 - INFO - ====== WebDriver manager ======
2025-06-06 12:11:33,885 - INFO - Get LATEST chromedriver version for google-chrome
2025-06-06 12:11:33,923 - INFO - Get LATEST chromedriver version for google-chrome
2025-06-06 12:11:33,960 - INFO - Driver [C:\Users\david\.wdm\drivers\chromedriver\win64\137.0.7151.68\chromedriver-win32/chromedriver.exe] found in cache
2025-06-06 12:11:35,496 - INFO - Iniciando: coletar_estagiarios_lisboa
2025-06-06 12:11:35,496 - INFO - Iniciando scraping de estagiários...
2025-06-06 12:11:55,059 - ERROR - Erro ao clicar no botão de pesquisa para https://portal.oa.pt/advogados/pesquisa-de-advogados-estagiarios/?cg=L&ce=&n=&lo=&m=&cp=&a=on&op=&o=0: Message: 

2025-06-06 12:11:55,081 - WARNING - Não foi possível determinar o total de páginas.
2025-06-06 12:12:07,588 - INFO - Executando query: 
            INSERT INTO estagiarios 
            (name, cedula, conselho, morada, estado, email, site, tipo, localidade, codigo_postal, data_inscricao, telefone, fax)
            VALUES 
            (Adelina Ormonde Santos, 44038L, Lisboa, Pc Bernardino Machado, 11 B, Activo, adelina.ormonde-44038L@adv-est.oa.pt, N/D, advogado, LISBOA, 1750-042 LISBOA, N/D, N/D, N/D)
        
2025-06-06 12:12:07,596 - INFO - Estagiário Adelina Ormonde Santos inserido com sucesso!
2025-06-06 12:12:07,598 - INFO - Executando query: 
            INSERT INTO estagiarios 
            (name, cedula, conselho, morada, estado, email, site, tipo, localidade, codigo_postal, data_inscricao, telefone, fax)
            VALUES 
            (Adriana Carvalho Barroso, 49472L, Lisboa, R Cidade Nova Lisboa, 11, Activo, adrianacarvalhobarroso-49472L@adv-est.oa.pt, N/D, advogado, LISBOA, 1800-107 LISBOA, N/D, N/D, N/D)
        
2025-06-06 12:12:07,609 - INFO - Estagiário Adriana Carvalho Barroso inserido com sucesso!
2025-06-06 12:12:07,610 - INFO - Executando query: 
            INSERT INTO estagiarios 
            (name, cedula, conselho, morada, estado, email, site, tipo, localidade, codigo_postal, data_inscricao, telefone, fax)
            VALUES 
            (Afonso Almeida Luís, 51257L, Lisboa, R Alexandre Herculano, 38 - 4º, Activo, afonso.almeida.luis-51257L@adv-est.oa.pt, N/D, advogado, LISBOA, 1250-011 LISBOA, N/D, N/D, N/D)
        
2025-06-06 12:12:07,620 - INFO - Estagiário Afonso Almeida Luís inserido com sucesso!
2025-06-06 12:12:07,621 - INFO - Executando query: 
            INSERT INTO estagiarios 
            (name, cedula, conselho, morada, estado, email, site, tipo, localidade, codigo_postal, data_inscricao, telefone, fax)
            VALUES 
            (Afonso Boavida, 51122L, Lisboa, Av Visconde Valmor, 31, Activo, afonso.boavida-51122L@adv-est.oa.pt, N/D, advogado, LISBOA, 1050-237 LISBOA, N/D, N/D, N/D)
        
2025-06-06 12:12:07,627 - INFO - Estagiário Afonso Boavida inserido com sucesso!
2025-06-06 12:12:07,628 - INFO - Executando query: 
            INSERT INTO estagiarios 
            (name, cedula, conselho, morada, estado, email, site, tipo, localidade, codigo_postal, data_inscricao, telefone, fax)
            VALUES 
            (Afonso Borges da Costa, 50620L, Lisboa, Av Álvares Cabral, 61-4º Dto, Activo, afonsoborgesdacosta-50620L@adv-est.oa.pt, N/D, advogado, LISBOA, 1250-017 LISBOA, N/D, N/D, N/D)
        
2025-06-06 12:12:07,634 - INFO - Estagiário Afonso Borges da Costa inserido com sucesso!
2025-06-06 12:12:07,635 - INFO - Executando query: 
            INSERT INTO estagiarios 
            (name, cedula, conselho, morada, estado, email, site, tipo, localidade, codigo_postal, data_inscricao, telefone, fax)
            VALUES 
            (Afonso Costa Gomes, 51341L, Lisboa, Av da Liberdade, 110 - 6º, Activo, afonsocostagomes-51341L@adv-est.oa.pt, N/D, advogado, LISBOA, 1250-146 LISBOA, N/D, N/D, N/D)
        
2025-06-06 12:12:07,641 - INFO - Estagiário Afonso Costa Gomes inserido com sucesso!
2025-06-06 12:12:07,642 - INFO - Executando query: 
            INSERT INTO estagiarios 
            (name, cedula, conselho, morada, estado, email, site, tipo, localidade, codigo_postal, data_inscricao, telefone, fax)
            VALUES 
            (Afonso Cunha Somsen, 51118L, Lisboa, Av João Crisóstomo, 31 - 4º A, Activo, afonsosomsen-51118L@adv-est.oa.pt, N/D, advogado, LISBOA, 1050-125 LISBOA, N/D, N/D, N/D)
        
2025-06-06 12:12:07,648 - INFO - Estagiário Afonso Cunha Somsen inserido com sucesso!
2025-06-06 12:12:07,649 - INFO - Executando query: 
            INSERT INTO estagiarios 
            (name, cedula, conselho, morada, estado, email, site, tipo, localidade, codigo_postal, data_inscricao, telefone, fax)
            VALUES 
            (Afonso de Gândara Gomes, 50698L, Lisboa, R Marquês da Fronteira,  111 - Rc  Esq, Activo, afonsodegandaragomes-50698L@adv-est.oa.pt, N/D, advogado, LISBOA, 1070-292 LISBOA, N/D, N/D, N/D)
        
2025-06-06 12:12:07,656 - INFO - Estagiário Afonso de Gândara Gomes inserido com sucesso!
2025-06-06 12:12:07,656 - INFO - Executando query: 
            INSERT INTO estagiarios 
            (name, cedula, conselho, morada, estado, email, site, tipo, localidade, codigo_postal, data_inscricao, telefone, fax)
            VALUES 
            (Afonso Marques, 51020L, Lisboa, Doca de Alcântara Norte - Edifício Diogo Cão, Activo, afonsomarques-51020L@adv-est.oa.pt, N/D, advogado, LISBOA, 1350-352 LISBOA, N/D, N/D, N/D)
        
2025-06-06 12:12:07,663 - INFO - Estagiário Afonso Marques inserido com sucesso!
2025-06-06 12:12:07,664 - INFO - Executando query: 
            INSERT INTO estagiarios 
            (name, cedula, conselho, morada, estado, email, site, tipo, localidade, codigo_postal, data_inscricao, telefone, fax)
            VALUES 
            (Afonso Santos de Carvalho, 50944L, Lisboa, Doca de Alcântara Norte - Edf Diogo Cão, Activo, afonsosantosdecarvalho-50944L@adv-est.oa.pt, N/D, advogado, LISBOA, 1350-352 LISBOA, N/D, N/D, N/D)
        
2025-06-06 12:12:07,676 - INFO - Estagiário Afonso Santos de Carvalho inserido com sucesso!
2025-06-06 12:12:21,346 - WARNING - Não foi possível determinar o total de páginas.
2025-06-06 12:12:34,641 - INFO - Executando query: 
            INSERT INTO estagiarios 
            (name, cedula, conselho, morada, estado, email, site, tipo, localidade, codigo_postal, data_inscricao, telefone, fax)
            VALUES 
            (Afonso Vaz Dias, 50361L, Lisboa, Av da Liberdade, 3 - 3º SL 8/9, Activo, afonsovazdias-50361L@adv-est.oa.pt, N/D, advogado, LISBOA, 1250-139 LISBOA, N/D, N/D, N/D)
        
2025-06-06 12:12:34,653 - INFO - Estagiário Afonso Vaz Dias inserido com sucesso!
2025-06-06 12:12:34,654 - INFO - Executando query: 
            INSERT INTO estagiarios 
            (name, cedula, conselho, morada, estado, email, site, tipo, localidade, codigo_postal, data_inscricao, telefone, fax)
            VALUES 
            (Afonso Vaz Tomé, 47599L, Lisboa, R Alexandre Herculano, 38 - 3º, Activo, afonso.v.tome-47599L@adv-est.oa.pt, N/D, advogado, LISBOA, 1269-180 LISBOA, N/D, N/D, N/D)
        
2025-06-06 12:12:34,662 - INFO - Estagiário Afonso Vaz Tomé inserido com sucesso!
2025-06-06 12:12:34,663 - INFO - Executando query: 
            INSERT INTO estagiarios 
            (name, cedula, conselho, morada, estado, email, site, tipo, localidade, codigo_postal, data_inscricao, telefone, fax)
            VALUES 
            (Alexandra Abalain, 50565L, Lisboa, R Castilho, 39 - 15º, Activo, alexandraabalain-50565L@adv-est.oa.pt, N/D, advogado, LISBOA, 1250-068 LISBOA, N/D, N/D, N/D)
        
2025-06-06 12:12:34,669 - INFO - Estagiário Alexandra Abalain inserido com sucesso!
2025-06-06 12:12:34,670 - INFO - Executando query: 
            INSERT INTO estagiarios 
            (name, cedula, conselho, morada, estado, email, site, tipo, localidade, codigo_postal, data_inscricao, telefone, fax)
            VALUES 
            (Alexandra Caetano Baptista, 51548L, Lisboa, Av Gen Pedro Cardoso, 1, Activo, alexandra.c.baptista-51548L@adv-est.oa.pt, N/D, advogado, CALDAS DA RAINHA, 2500-922 CALDAS DA RAINHA, N/D, N/D, N/D)
        
2025-06-06 12:12:34,680 - INFO - Estagiário Alexandra Caetano Baptista inserido com sucesso!
2025-06-06 12:12:34,681 - INFO - Executando query: 
            INSERT INTO estagiarios 
            (name, cedula, conselho, morada, estado, email, site, tipo, localidade, codigo_postal, data_inscricao, telefone, fax)
            VALUES 
            (Alexandra Christine Beck, 49898L, Lisboa, Av Fontes Pereira de Melo, 6, Activo, alexandra.beck-49898L@adv-est.oa.pt, N/D, advogado, LISBOA, 1050-121 LISBOA, N/D, N/D, N/D)
        
2025-06-06 12:12:34,687 - INFO - Estagiário Alexandra Christine Beck inserido com sucesso!
2025-06-06 12:12:34,688 - INFO - Executando query: 
            INSERT INTO estagiarios 
            (name, cedula, conselho, morada, estado, email, site, tipo, localidade, codigo_postal, data_inscricao, telefone, fax)
            VALUES 
            (Alexandra Figueiredo Silva, 50943L, Lisboa, R dos Remolares, 14 - 2º, Activo, alexandrafsilva-50943L@adv-est.oa.pt, N/D, advogado, LISBOA, 1200-371 LISBOA, N/D, N/D, N/D)
        
2025-06-06 12:12:34,695 - INFO - Estagiário Alexandra Figueiredo Silva inserido com sucesso!
2025-06-06 12:12:34,695 - INFO - Executando query: 
            INSERT INTO estagiarios 
            (name, cedula, conselho, morada, estado, email, site, tipo, localidade, codigo_postal, data_inscricao, telefone, fax)
            VALUES 
            (Alexandra J Oliveira Lopes, 46348L, Lisboa, Av de Roma, 86-1º Esq, Activo, alexandrajoliveiralopes-46348L@adv-est.oa.pt, N/D, advogado, LISBOA, 1700-351 LISBOA, N/D, N/D, N/D)
        
2025-06-06 12:12:34,702 - INFO - Estagiário Alexandra J Oliveira Lopes inserido com sucesso!
2025-06-06 12:12:34,703 - INFO - Executando query: 
            INSERT INTO estagiarios 
            (name, cedula, conselho, morada, estado, email, site, tipo, localidade, codigo_postal, data_inscricao, telefone, fax)
            VALUES 
            (Alexandra Pascoal, 49304L, Lisboa, R João de Freitas Branco, 37 - letra A, Activo, a.pascoal-49304L@adv-est.oa.pt, N/D, advogado, LISBOA, 1500-630 LISBOA, N/D, N/D, N/D)
        
2025-06-06 12:12:34,707 - INFO - Estagiário Alexandra Pascoal inserido com sucesso!
2025-06-06 12:12:34,708 - INFO - Executando query: 
            INSERT INTO estagiarios 
            (name, cedula, conselho, morada, estado, email, site, tipo, localidade, codigo_postal, data_inscricao, telefone, fax)
            VALUES 
            (Alexandra Rebordão de Sousa, 50149L, Lisboa, Av Inf D Henrique, 26, Activo, alexandra.r.sousa-50149L@adv-est.oa.pt, N/D, advogado, LISBOA, 1149-096 LISBOA, N/D, N/D, N/D)
        
2025-06-06 12:12:34,716 - INFO - Estagiário Alexandra Rebordão de Sousa inserido com sucesso!
2025-06-06 12:12:34,717 - INFO - Executando query: 
            INSERT INTO estagiarios 
            (name, cedula, conselho, morada, estado, email, site, tipo, localidade, codigo_postal, data_inscricao, telefone, fax)
            VALUES 
            (Alexandra Seabra Ramos, 50996L, Lisboa, Av Eng Duarte Pacheco, 7 - 7º, Activo, aseabraramos-50996L@adv-est.oa.pt, N/D, advogado, LISBOA, 1070-100 LISBOA, N/D, N/D, N/D)
        
2025-06-06 12:12:34,723 - INFO - Estagiário Alexandra Seabra Ramos inserido com sucesso!
2025-06-06 12:12:48,660 - WARNING - Não foi possível determinar o total de páginas.
2025-06-06 12:13:01,890 - INFO - Executando query: 
            INSERT INTO estagiarios 
            (name, cedula, conselho, morada, estado, email, site, tipo, localidade, codigo_postal, data_inscricao, telefone, fax)
            VALUES 
            (Alexandre Bruno Henriques, 47536L, Lisboa, R Alexandre Herculano, 2 - 3º Dto, Activo, a.henriques-47536l@adv-est.oa.pt, N/D, advogado, LISBOA, 1150-006 LISBOA, N/D, N/D, N/D)
        
2025-06-06 12:13:01,925 - INFO - Estagiário Alexandre Bruno Henriques inserido com sucesso!
2025-06-06 12:13:01,925 - INFO - Executando query: 
            INSERT INTO estagiarios 
            (name, cedula, conselho, morada, estado, email, site, tipo, localidade, codigo_postal, data_inscricao, telefone, fax)
            VALUES 
            (Alexandre Caetano, 39157L, Lisboa, R Andrade, 13 - i, Activo, dr.alecaetano-39157L@adv-est.oa.pt, N/D, advogado, LISBOA, 1170-013 LISBOA, N/D, N/D, N/D)
        
2025-06-06 12:13:01,937 - INFO - Estagiário Alexandre Caetano inserido com sucesso!
2025-06-06 12:13:01,937 - INFO - Executando query: 
            INSERT INTO estagiarios 
            (name, cedula, conselho, morada, estado, email, site, tipo, localidade, codigo_postal, data_inscricao, telefone, fax)
            VALUES 
            (Alexandre da Costa, 51608L, Lisboa, Cc Bento da Rocha Cabral, 1, Activo, alexandredacosta-51608L@adv-est.oa.pt, N/D, advogado, LISBOA, 1250-047 LISBOA, N/D, N/D, N/D)
        
2025-06-06 12:13:01,981 - INFO - Estagiário Alexandre da Costa inserido com sucesso!
2025-06-06 12:13:01,982 - INFO - Executando query: 
            INSERT INTO estagiarios 
            (name, cedula, conselho, morada, estado, email, site, tipo, localidade, codigo_postal, data_inscricao, telefone, fax)
            VALUES 
            (Alexandre Mateus Ferreira, 33200L, Lisboa, R José Carlos dos Santos, 18 - 2º Esq, Activo, amf-33200L@adv-est.oa.pt, N/D, advogado, LISBOA, 1700-271 LISBOA, N/D, N/D, N/D)
        
2025-06-06 12:13:02,001 - INFO - Estagiário Alexandre Mateus Ferreira inserido com sucesso!
2025-06-06 12:13:02,012 - INFO - Executando query: 
            INSERT INTO estagiarios 
            (name, cedula, conselho, morada, estado, email, site, tipo, localidade, codigo_postal, data_inscricao, telefone, fax)
            VALUES 
            (Alexandre Novais, 50366L, Lisboa, Estr Paço Arcos, 66 e 66 A - Sl 2.36 - Belavista Office, Activo, alexandrenovais-50366L@adv-est.oa.pt, N/D, advogado, AGUALVA-CACÉM, 2735-336 AGUALVA-CACÉM, N/D, N/D, N/D)
        
2025-06-06 12:13:02,069 - INFO - Estagiário Alexandre Novais inserido com sucesso!
2025-06-06 12:13:02,072 - INFO - Executando query: 
            INSERT INTO estagiarios 
            (name, cedula, conselho, morada, estado, email, site, tipo, localidade, codigo_postal, data_inscricao, telefone, fax)
            VALUES 
            (Alexandre Pimenta da Cruz, 51464L, Lisboa, Av António Augusto de Aguiar, 90 - 2º, Activo, apimentadacruz-51464L@adv-est.oa.pt, N/D, advogado, LISBOA, 1050-018 LISBOA, N/D, N/D, N/D)
        
2025-06-06 12:13:02,102 - INFO - Estagiário Alexandre Pimenta da Cruz inserido com sucesso!
2025-06-06 12:13:02,124 - INFO - Executando query: 
            INSERT INTO estagiarios 
            (name, cedula, conselho, morada, estado, email, site, tipo, localidade, codigo_postal, data_inscricao, telefone, fax)
            VALUES 
            (Alice Sousa Lara, 49499L, Lisboa, Cc Bento da Rocha Cabral, 1, Activo, asl-49499L@adv-est.oa.pt, N/D, advogado, LISBOA, 1250-047 LISBOA, N/D, N/D, N/D)
        
2025-06-06 12:13:02,143 - INFO - Estagiário Alice Sousa Lara inserido com sucesso!
2025-06-06 12:13:02,144 - INFO - Executando query: 
            INSERT INTO estagiarios 
            (name, cedula, conselho, morada, estado, email, site, tipo, localidade, codigo_postal, data_inscricao, telefone, fax)
            VALUES 
            (Aline Valence Gonçalves, 49433L, Lisboa, Av José Malhoa, 16 B -  2º, Activo, alinegoncalves-49433L@adv-est.oa.pt, N/D, advogado, LISBOA, 1070-159 LISBOA, N/D, N/D, N/D)
        
2025-06-06 12:13:02,154 - INFO - Estagiário Aline Valence Gonçalves inserido com sucesso!
2025-06-06 12:13:02,163 - INFO - Executando query: 
            INSERT INTO estagiarios 
            (name, cedula, conselho, morada, estado, email, site, tipo, localidade, codigo_postal, data_inscricao, telefone, fax)
            VALUES 
            (Amanda Anacleto, 50466L, Lisboa, R S José, 6 - Lj, Activo, amandaanacleto-50466L@adv-est.oa.pt, N/D, advogado, MEM MARTINS, 2725-131 MEM MARTINS, N/D, N/D, N/D)
        
2025-06-06 12:13:02,187 - INFO - Estagiário Amanda Anacleto inserido com sucesso!
2025-06-06 12:13:02,188 - INFO - Executando query: 
            INSERT INTO estagiarios 
            (name, cedula, conselho, morada, estado, email, site, tipo, localidade, codigo_postal, data_inscricao, telefone, fax)
            VALUES 
            (Amaro Cabral Jorge, 50192L, Lisboa, Av Eng Duarte Pacheco, 19, sl 12, Activo, amarocabraljorge-50192L@adv-est.oa.pt, N/D, advogado, LISBOA, 1070-100 LISBOA, N/D, N/D, N/D)
        
2025-06-06 12:13:02,203 - INFO - Estagiário Amaro Cabral Jorge inserido com sucesso!
2025-06-06 12:13:13,412 - WARNING - Não foi possível determinar o total de páginas.
2025-06-06 12:13:25,217 - INFO - Executando query: 
            INSERT INTO estagiarios 
            (name, cedula, conselho, morada, estado, email, site, tipo, localidade, codigo_postal, data_inscricao, telefone, fax)
            VALUES 
            (Amélia Handanga, 51102L, Lisboa, Av Dr Álvaro Vasconcelos, Lt 2-3º B, Activo, ameliahandanga-51102L@adv-est.oa.pt, N/D, advogado, SINTRA, 2710-420 SINTRA, N/D, N/D, N/D)
        
2025-06-06 12:13:25,232 - INFO - Estagiário Amélia Handanga inserido com sucesso!
2025-06-06 12:13:25,232 - INFO - Executando query: 
            INSERT INTO estagiarios 
            (name, cedula, conselho, morada, estado, email, site, tipo, localidade, codigo_postal, data_inscricao, telefone, fax)
            VALUES 
            (Amélia Katiavala, 49555L, Lisboa, R Afonso Praça, 30 - 5º - Edf Torre Monsanto - Miraflores, Activo, ameliakatiavala-49555L@adv-est.oa.pt, N/D, advogado, ALGÉS, 1495-061 ALGÉS, N/D, N/D, N/D)
        
2025-06-06 12:13:25,255 - INFO - Estagiário Amélia Katiavala inserido com sucesso!
2025-06-06 12:13:25,256 - INFO - Executando query: 
            INSERT INTO estagiarios 
            (name, cedula, conselho, morada, estado, email, site, tipo, localidade, codigo_postal, data_inscricao, telefone, fax)
            VALUES 
            (Ana Anahory, 51481L, Lisboa, Pc Marquês de Pombal, 12, Activo, anaanahory-51481L@adv-est.oa.pt, N/D, advogado, LISBOA, 1250-162 LISBOA, N/D, N/D, N/D)
        
2025-06-06 12:13:25,269 - INFO - Estagiário Ana Anahory inserido com sucesso!
2025-06-06 12:13:25,271 - INFO - Executando query: 
            INSERT INTO estagiarios 
            (name, cedula, conselho, morada, estado, email, site, tipo, localidade, codigo_postal, data_inscricao, telefone, fax)
            VALUES 
            (Ana Beatriz Silva, 51365L, Lisboa, R Nove de Abril, 1 - 1º, Sl C, Activo, anabeatrizsilva-51365l@adv-est.oa.pt, N/D, advogado, TORRES VEDRAS, 2560-301 TORRES VEDRAS, N/D, N/D, N/D)
        
2025-06-06 12:13:25,291 - INFO - Estagiário Ana Beatriz Silva inserido com sucesso!
2025-06-06 12:13:25,291 - INFO - Executando query: 
            INSERT INTO estagiarios 
            (name, cedula, conselho, morada, estado, email, site, tipo, localidade, codigo_postal, data_inscricao, telefone, fax)
            VALUES 
            (Ana Chitunda, 51678L, Lisboa, Av António Augusto Aguiar, 25 - 2º Esq, Activo, anachitunda-51678L@adv-est.oa.pt, N/D, advogado, LISBOA, 1050-012 LISBOA, N/D, N/D, N/D)
        
2025-06-06 12:13:25,312 - INFO - Estagiário Ana Chitunda inserido com sucesso!
2025-06-06 12:13:25,313 - INFO - Executando query: 
            INSERT INTO estagiarios 
            (name, cedula, conselho, morada, estado, email, site, tipo, localidade, codigo_postal, data_inscricao, telefone, fax)
            VALUES 
            (Ana Cristina Chanfana, 45042L, Lisboa, R José da Silva Mendes, 4 - 2º Dto, Activo, anacristinachanfana-45042l@adv-est.oa.pt, N/D, advogado, ALMADA, 2805-180 ALMADA, N/D, N/D, N/D)
        
2025-06-06 12:13:25,365 - INFO - Estagiário Ana Cristina Chanfana inserido com sucesso!
2025-06-06 12:13:25,366 - INFO - Executando query: 
            INSERT INTO estagiarios 
            (name, cedula, conselho, morada, estado, email, site, tipo, localidade, codigo_postal, data_inscricao, telefone, fax)
            VALUES 
            (Ana da Silva Figueiredo, 50803L, Lisboa, R Braamcamp, 6 - Rc Dto, Activo, anadasilvafigueiredo-50803L@adv-est.oa.pt, N/D, advogado, LISBOA, 1250-050 LISBOA, N/D, N/D, N/D)
        
2025-06-06 12:13:25,375 - INFO - Estagiário Ana da Silva Figueiredo inserido com sucesso!
2025-06-06 12:13:25,377 - INFO - Executando query: 
            INSERT INTO estagiarios 
            (name, cedula, conselho, morada, estado, email, site, tipo, localidade, codigo_postal, data_inscricao, telefone, fax)
            VALUES 
            (Ana Filipa Ferreira, 51088L, Lisboa, R do Moinho, 18 A - Algueirão, Activo, anaferreira-51088L@adv-est.oa.pt, N/D, advogado, MEM MARTINS, 2725-095 MEM MARTINS, N/D, N/D, N/D)
        
2025-06-06 12:13:25,397 - INFO - Estagiário Ana Filipa Ferreira inserido com sucesso!
2025-06-06 12:13:25,398 - INFO - Executando query: 
            INSERT INTO estagiarios 
            (name, cedula, conselho, morada, estado, email, site, tipo, localidade, codigo_postal, data_inscricao, telefone, fax)
            VALUES 
            (Ana Filipa Pereira de Sousa, 51041L, Lisboa, Av da Índia, 8, Activo, ana.f.pereiradesousa-51041L@adv-est.oa.pt, N/D, advogado, LISBOA, 1349-065 LISBOA, N/D, N/D, N/D)
        
2025-06-06 12:13:25,410 - INFO - Estagiário Ana Filipa Pereira de Sousa inserido com sucesso!
2025-06-06 12:13:25,411 - INFO - Executando query: 
            INSERT INTO estagiarios 
            (name, cedula, conselho, morada, estado, email, site, tipo, localidade, codigo_postal, data_inscricao, telefone, fax)
            VALUES 
            (Ana Lia Mendo, 51490L, Lisboa, Pc Marquês de Pombal, 12, Activo, analia.mendo-51490L@adv-est.oa.pt, N/D, advogado, LISBOA, 1250-162 LISBOA, N/D, N/D, N/D)
        
2025-06-06 12:13:25,434 - INFO - Estagiário Ana Lia Mendo inserido com sucesso!
2025-06-06 12:13:37,040 - WARNING - Não foi possível determinar o total de páginas.
2025-06-06 12:13:51,395 - INFO - Executando query: 
            INSERT INTO estagiarios 
            (name, cedula, conselho, morada, estado, email, site, tipo, localidade, codigo_postal, data_inscricao, telefone, fax)
            VALUES 
            (Ana Luísa Borges, 49380L, Lisboa, Av Inf D Henrique, 26, Activo, ana.luisa.borges-49380L@adv-est.oa.pt, N/D, advogado, LISBOA, 1149-096 LISBOA, N/D, N/D, N/D)
        
2025-06-06 12:13:51,427 - INFO - Estagiário Ana Luísa Borges inserido com sucesso!
2025-06-06 12:13:51,428 - INFO - Executando query: 
            INSERT INTO estagiarios 
            (name, cedula, conselho, morada, estado, email, site, tipo, localidade, codigo_postal, data_inscricao, telefone, fax)
            VALUES 
            (Ana Luisa Frade, 26111L, Lisboa, R Joaquim Ant de Aguiar, 64-1ºE, Activo, analuisafrade-26111l@adv-est.oa.pt, N/D, advogado, LISBOA, 1070-153 LISBOA, N/D, N/D, N/D)
        
2025-06-06 12:13:51,460 - INFO - Estagiário Ana Luisa Frade inserido com sucesso!
2025-06-06 12:13:51,461 - INFO - Executando query: 
            INSERT INTO estagiarios 
            (name, cedula, conselho, morada, estado, email, site, tipo, localidade, codigo_postal, data_inscricao, telefone, fax)
            VALUES 
            (Ana Marçal Guerra, 49406L, Lisboa, Av da Liberdade, 249 - 1º, Activo, amg-49406L@adv-est.oa.pt, N/D, advogado, LISBOA, 1250-143 LISBOA, N/D, N/D, N/D)
        
2025-06-06 12:13:51,523 - INFO - Estagiário Ana Marçal Guerra inserido com sucesso!
2025-06-06 12:13:51,524 - INFO - Executando query: 
            INSERT INTO estagiarios 
            (name, cedula, conselho, morada, estado, email, site, tipo, localidade, codigo_postal, data_inscricao, telefone, fax)
            VALUES 
            (Ana Marchiori, 33740L, Lisboa, Pct Amândio Rodrigues de Sousa, Bl D, RcEsq, Activo, anamarchiori-33740L@adv-est.oa.pt, N/D, advogado, RIO MAIOR, 2040-363 RIO MAIOR, N/D, N/D, N/D)
        
2025-06-06 12:13:51,556 - INFO - Estagiário Ana Marchiori inserido com sucesso!
2025-06-06 12:13:51,557 - INFO - Executando query: 
            INSERT INTO estagiarios 
            (name, cedula, conselho, morada, estado, email, site, tipo, localidade, codigo_postal, data_inscricao, telefone, fax)
            VALUES 
            (Ana Margarida Branco, 51222L, Lisboa, Av Fontes Pereira de Melo, 14 - 15º, Activo, amargaridabranco-51222L@adv-est.oa.pt, N/D, advogado, LISBOA, 1050-121 LISBOA, N/D, N/D, N/D)
        
2025-06-06 12:13:51,578 - INFO - Estagiário Ana Margarida Branco inserido com sucesso!
2025-06-06 12:13:51,578 - INFO - Executando query: 
            INSERT INTO estagiarios 
            (name, cedula, conselho, morada, estado, email, site, tipo, localidade, codigo_postal, data_inscricao, telefone, fax)
            VALUES 
            (Ana Marta Duarte, 50064L, Lisboa, Av Eng Arantes e Oliveira, 1 - RC D, Activo, anamartaduarte-50064L@adv-est.oa.pt, N/D, advogado, LISBOA, 1900-221 LISBOA, N/D, N/D, N/D)
        
2025-06-06 12:13:51,596 - INFO - Estagiário Ana Marta Duarte inserido com sucesso!
2025-06-06 12:13:51,597 - INFO - Executando query: 
            INSERT INTO estagiarios 
            (name, cedula, conselho, morada, estado, email, site, tipo, localidade, codigo_postal, data_inscricao, telefone, fax)
            VALUES 
            (Ana Melo Valadão, 50079L, Lisboa, Pc Príncipe Perfeito, 2, Activo, anamelovaladao-50079L@adv-est.oa.pt, N/D, advogado, LISBOA, 1990-278 LISBOA, N/D, N/D, N/D)
        
2025-06-06 12:13:51,611 - INFO - Estagiário Ana Melo Valadão inserido com sucesso!
2025-06-06 12:13:51,612 - INFO - Executando query: 
            INSERT INTO estagiarios 
            (name, cedula, conselho, morada, estado, email, site, tipo, localidade, codigo_postal, data_inscricao, telefone, fax)
            VALUES 
            (Ana Patrícia M Pereira, 51083L, Lisboa, R Garrett, 64, Activo, anapatriciampereira-51083L@adv-est.oa.pt, N/D, advogado, LISBOA, 1200-204 LISBOA, N/D, N/D, N/D)
        
2025-06-06 12:13:51,631 - INFO - Estagiário Ana Patrícia M Pereira inserido com sucesso!
2025-06-06 12:13:51,631 - INFO - Executando query: 
            INSERT INTO estagiarios 
            (name, cedula, conselho, morada, estado, email, site, tipo, localidade, codigo_postal, data_inscricao, telefone, fax)
            VALUES 
            (Ana Patrícia Magalhães, 51052L, Lisboa, R Castilho, 165, Activo, anapatriciamagalhaes-51052L@adv-est.oa.pt, N/D, advogado, LISBOA, 1070-050 LISBOA, N/D, N/D, N/D)
        
2025-06-06 12:13:51,651 - INFO - Estagiário Ana Patrícia Magalhães inserido com sucesso!
2025-06-06 12:13:51,651 - INFO - Executando query: 
            INSERT INTO estagiarios 
            (name, cedula, conselho, morada, estado, email, site, tipo, localidade, codigo_postal, data_inscricao, telefone, fax)
            VALUES 
            (Ana Pinto Afonso, 27064L, Lisboa, Av D Vicente Afonso Valente - Serra Nova Shopping Center - Lj 50, Activo, anapafonso-27064l@adv-est.oa.pt, N/D, advogado, PÓVOA DE SANTA IRIA, 2625-218 PÓVOA DE SANTA IRIA, N/D, N/D, N/D)
        
2025-06-06 12:13:51,672 - INFO - Estagiário Ana Pinto Afonso inserido com sucesso!
2025-06-06 12:14:05,894 - WARNING - Não foi possível determinar o total de páginas.
2025-06-06 12:14:18,361 - INFO - Executando query: 
            INSERT INTO estagiarios 
            (name, cedula, conselho, morada, estado, email, site, tipo, localidade, codigo_postal, data_inscricao, telefone, fax)
            VALUES 
            (Ana Raimundo, 50846L, Lisboa, R Tierno Galvan, 10, Tr 3 - 16º, Activo, ana.raimundo-50846L@adv-est.oa.pt, N/D, advogado, LISBOA, 1070-274 LISBOA, N/D, N/D, N/D)
        
2025-06-06 12:14:18,377 - INFO - Estagiário Ana Raimundo inserido com sucesso!
2025-06-06 12:14:18,378 - INFO - Executando query: 
            INSERT INTO estagiarios 
            (name, cedula, conselho, morada, estado, email, site, tipo, localidade, codigo_postal, data_inscricao, telefone, fax)
            VALUES 
            (Ana Ribeiro Cunha, 47555L, Lisboa, Av da Índia, 10 - 5º, fr 5.1 - Edf ALLO, Activo, anaribeirocunha-47555L@adv-est.oa.pt, N/D, advogado, LISBOA, 1070-100 LISBOA, N/D, N/D, N/D)
        
2025-06-06 12:14:18,383 - INFO - Estagiário Ana Ribeiro Cunha inserido com sucesso!
2025-06-06 12:14:18,386 - INFO - Executando query: 
            INSERT INTO estagiarios 
            (name, cedula, conselho, morada, estado, email, site, tipo, localidade, codigo_postal, data_inscricao, telefone, fax)
            VALUES 
            (Ana Rita Antunes, 49002P, Lisboa, Av Miguel Bombarda, 36 - 2º B - Edf Presidente, Activo, anaritaantunes-49002P@adv-est.oa.pt, N/D, advogado, LISBOA, 1050-165 LISBOA, N/D, N/D, N/D)
        
2025-06-06 12:14:18,394 - INFO - Estagiário Ana Rita Antunes inserido com sucesso!
2025-06-06 12:14:18,394 - INFO - Executando query: 
            INSERT INTO estagiarios 
            (name, cedula, conselho, morada, estado, email, site, tipo, localidade, codigo_postal, data_inscricao, telefone, fax)
            VALUES 
            (Ana Rita Flosa Freitas, 51240L, Lisboa, Av Duque D'Ávila, 40 - 1 Dto, Activo, arff-51240L@adv-est.oa.pt, N/D, advogado, LISBOA, 1050-083 LISBOA, N/D, N/D, N/D)
        
2025-06-06 12:14:18,403 - INFO - Estagiário Ana Rita Flosa Freitas inserido com sucesso!
2025-06-06 12:14:18,405 - INFO - Executando query: 
            INSERT INTO estagiarios 
            (name, cedula, conselho, morada, estado, email, site, tipo, localidade, codigo_postal, data_inscricao, telefone, fax)
            VALUES 
            (Ana Rita Mano, 51097L, Lisboa, Avenida Fontes Pereira de Melo 43, Activo, anrm-51097L@adv-est.oa.pt, N/D, advogado, LISBOA, 1050-119 LISBOA, N/D, N/D, N/D)
        
2025-06-06 12:14:18,411 - INFO - Estagiário Ana Rita Mano inserido com sucesso!
2025-06-06 12:14:18,412 - INFO - Executando query: 
            INSERT INTO estagiarios 
            (name, cedula, conselho, morada, estado, email, site, tipo, localidade, codigo_postal, data_inscricao, telefone, fax)
            VALUES 
            (Ana Rita Matias Santos, 47858P, Lisboa, R de D Luís de Noronha, 4 - 3º, Activo, amatiassantos-47858P@adv-est.oa.pt, N/D, advogado, LISBOA, 1050-072 LISBOA, N/D, N/D, N/D)
        
2025-06-06 12:14:18,419 - INFO - Estagiário Ana Rita Matias Santos inserido com sucesso!
2025-06-06 12:14:18,419 - INFO - Executando query: 
            INSERT INTO estagiarios 
            (name, cedula, conselho, morada, estado, email, site, tipo, localidade, codigo_postal, data_inscricao, telefone, fax)
            VALUES 
            (Ana Rita Quina, 50254L, Lisboa, Av José Malhoa, 2 - Escritório 2.8, Activo, ritaquina-50254L@adv-est.oa.pt, N/D, advogado, LISBOA, 1070-325 LISBOA, N/D, N/D, N/D)
        
2025-06-06 12:14:18,432 - INFO - Estagiário Ana Rita Quina inserido com sucesso!
2025-06-06 12:14:18,432 - INFO - Executando query: 
            INSERT INTO estagiarios 
            (name, cedula, conselho, morada, estado, email, site, tipo, localidade, codigo_postal, data_inscricao, telefone, fax)
            VALUES 
            (Ana Rita Segão Alves, 51623L, Lisboa, R Gen Firmino Miguel, 5 – 11º, Activo, anarita.segaoalves-51623L@adv-est.oa.pt, N/D, advogado, LISBOA, 1600-100 LISBOA, N/D, N/D, N/D)
        
2025-06-06 12:14:18,438 - INFO - Estagiário Ana Rita Segão Alves inserido com sucesso!
2025-06-06 12:14:18,438 - INFO - Executando query: 
            INSERT INTO estagiarios 
            (name, cedula, conselho, morada, estado, email, site, tipo, localidade, codigo_postal, data_inscricao, telefone, fax)
            VALUES 
            (Ana Rita Veredas, 51217L, Lisboa, R Carlos Alberto da Mota Pinto, 17 - 3º B - Edf  Amoreiras Square, Activo, anaveredas-51217L@adv-est.oa.pt, N/D, advogado, LISBOA, 1070-313 LISBOA, N/D, N/D, N/D)
        
2025-06-06 12:14:18,449 - INFO - Estagiário Ana Rita Veredas inserido com sucesso!
2025-06-06 12:14:18,450 - INFO - Executando query: 
            INSERT INTO estagiarios 
            (name, cedula, conselho, morada, estado, email, site, tipo, localidade, codigo_postal, data_inscricao, telefone, fax)
            VALUES 
            (Ana Rita Villaverde, 49462L, Lisboa, R Carlos Alberto da Mota Pinto, 17 – 2º - Edf Amoreiras Square, Activo, anaritavillaverde-49462L@adv-est.oa.pt, N/D, advogado, LISBOA, 1070-313 LISBOA, N/D, N/D, N/D)
        
2025-06-06 12:14:18,456 - INFO - Estagiário Ana Rita Villaverde inserido com sucesso!
2025-06-06 12:14:27,871 - WARNING - Não foi possível determinar o total de páginas.
2025-06-06 12:14:43,109 - INFO - Executando query: 
            INSERT INTO estagiarios 
            (name, cedula, conselho, morada, estado, email, site, tipo, localidade, codigo_postal, data_inscricao, telefone, fax)
            VALUES 
            (Ana Rodrigues Lopes, 35192L, Lisboa, Av João Crisóstomo, 31 - 2º B, Activo, anarodrigueslopes-35192L@adv-est.oa.pt, N/D, advogado, LISBOA, 1050-125 LISBOA, N/D, N/D, N/D)
        
2025-06-06 12:14:43,117 - INFO - Estagiário Ana Rodrigues Lopes inserido com sucesso!
2025-06-06 12:14:43,118 - INFO - Executando query: 
            INSERT INTO estagiarios 
            (name, cedula, conselho, morada, estado, email, site, tipo, localidade, codigo_postal, data_inscricao, telefone, fax)
            VALUES 
            (Ana Sofia Alcaide, 50964L, Lisboa, R D Luis I, 28, Activo, N/D, N/D, advogado, LISBOA, 1200-151 LISBOA, N/D, N/D, N/D)
        
2025-06-06 12:14:43,123 - INFO - Estagiário Ana Sofia Alcaide inserido com sucesso!
2025-06-06 12:14:43,123 - INFO - Executando query: 
            INSERT INTO estagiarios 
            (name, cedula, conselho, morada, estado, email, site, tipo, localidade, codigo_postal, data_inscricao, telefone, fax)
            VALUES 
            (Ana Sofia Faustino, 50530L, Lisboa, R Dr Mouga Rodrigues, 2 - A, Activo, anasofiafaustino-50530L@adv-est.oa.pt, N/D, advogado, CALDAS DA RAINHA, 2500-113 CALDAS DA RAINHA, N/D, N/D, N/D)
        
2025-06-06 12:14:43,130 - INFO - Estagiário Ana Sofia Faustino inserido com sucesso!
2025-06-06 12:14:43,131 - INFO - Executando query: 
            INSERT INTO estagiarios 
            (name, cedula, conselho, morada, estado, email, site, tipo, localidade, codigo_postal, data_inscricao, telefone, fax)
            VALUES 
            (Ana Teresa V da Silva, 50814L, Lisboa, R Sampaio e Pina,  58-3º Esq, Activo, teresavsilva-50814L@adv-est.oa.pt, N/D, advogado, LISBOA, 1070-250 LISBOA, N/D, N/D, N/D)
        
2025-06-06 12:14:43,138 - INFO - Estagiário Ana Teresa V da Silva inserido com sucesso!
2025-06-06 12:14:43,139 - INFO - Executando query: 
            INSERT INTO estagiarios 
            (name, cedula, conselho, morada, estado, email, site, tipo, localidade, codigo_postal, data_inscricao, telefone, fax)
            VALUES 
            (Ana Xavier Nunes, 50144L, Lisboa, R Castilho, 165, Activo, anunes-50144L@adv-est.oa.pt, N/D, advogado, LISBOA, 1070-050 LISBOA, N/D, N/D, N/D)
        
2025-06-06 12:14:43,145 - INFO - Estagiário Ana Xavier Nunes inserido com sucesso!
2025-06-06 12:14:43,146 - INFO - Executando query: 
            INSERT INTO estagiarios 
            (name, cedula, conselho, morada, estado, email, site, tipo, localidade, codigo_postal, data_inscricao, telefone, fax)
            VALUES 
            (Anabela Figueiredo Alves, 35196L, Lisboa, Pct Manuel Batista, 12 - Rc Dto, Activo, afa-35196L@adv-est.oa.pt, N/D, advogado, PORTO SALVO, 2740-094 PORTO SALVO, N/D, N/D, N/D)
        
2025-06-06 12:14:43,157 - INFO - Estagiário Anabela Figueiredo Alves inserido com sucesso!
2025-06-06 12:14:43,158 - INFO - Executando query: 
            INSERT INTO estagiarios 
            (name, cedula, conselho, morada, estado, email, site, tipo, localidade, codigo_postal, data_inscricao, telefone, fax)
            VALUES 
            (Anabela Filipe Cuco, 42422L, Lisboa, R de Moixent, 6 - Rc A, Activo, anabelacuco-42422L@adv-est.oa.pt, N/D, advogado, ARRUDA DOS VINHOS, 2630-289 ARRUDA DOS VINHOS, N/D, N/D, N/D)
        
2025-06-06 12:14:43,169 - INFO - Estagiário Anabela Filipe Cuco inserido com sucesso!
2025-06-06 12:14:43,169 - INFO - Executando query: 
            INSERT INTO estagiarios 
            (name, cedula, conselho, morada, estado, email, site, tipo, localidade, codigo_postal, data_inscricao, telefone, fax)
            VALUES 
            (André Carujo, 50133L, Lisboa, R Castilho, 39 - 15º, Activo, acarujo-50133L@adv-est.oa.pt, N/D, advogado, LISBOA, 1250-068 LISBOA, N/D, N/D, N/D)
        
2025-06-06 12:14:43,177 - INFO - Estagiário André Carujo inserido com sucesso!
2025-06-06 12:14:43,178 - INFO - Executando query: 
            INSERT INTO estagiarios 
            (name, cedula, conselho, morada, estado, email, site, tipo, localidade, codigo_postal, data_inscricao, telefone, fax)
            VALUES 
            (André Cunha, 50925L, Lisboa, Av António Augusto de Aguiar, 163 - 2º Dto, Activo, aco-50925L@adv-est.oa.pt, N/D, advogado, LISBOA, 1050-014 LISBOA, N/D, N/D, N/D)
        
2025-06-06 12:14:43,189 - INFO - Estagiário André Cunha inserido com sucesso!
2025-06-06 12:14:43,190 - INFO - Executando query: 
            INSERT INTO estagiarios 
            (name, cedula, conselho, morada, estado, email, site, tipo, localidade, codigo_postal, data_inscricao, telefone, fax)
            VALUES 
            (André de Assunção Neves, 48641L, Lisboa, R Braamcamp, 40 - 5º E - Edifício Heron Castilho, Activo, aan-48641L@adv-est.oa.pt, N/D, advogado, LISBOA, 1250-050 LISBOA, N/D, N/D, N/D)
        
2025-06-06 12:14:43,196 - INFO - Estagiário André de Assunção Neves inserido com sucesso!
2025-06-06 12:14:52,919 - WARNING - Não foi possível determinar o total de páginas.
2025-06-06 12:15:06,322 - INFO - Executando query: 
            INSERT INTO estagiarios 
            (name, cedula, conselho, morada, estado, email, site, tipo, localidade, codigo_postal, data_inscricao, telefone, fax)
            VALUES 
            (André de Sousa Pimenta, 48363L, Lisboa, Av Manuel da Fonseca, 16 - B, Activo, aspimenta-48363L@adv-est.oa.pt, N/D, advogado, SEIXAL, 2840-143 SEIXAL, N/D, N/D, N/D)
        
2025-06-06 12:15:06,330 - INFO - Estagiário André de Sousa Pimenta inserido com sucesso!
2025-06-06 12:15:06,330 - INFO - Executando query: 
            INSERT INTO estagiarios 
            (name, cedula, conselho, morada, estado, email, site, tipo, localidade, codigo_postal, data_inscricao, telefone, fax)
            VALUES 
            (André Félix, 49760L, Lisboa, Avenida Fontes Pereira de Melo 43, Activo, andrefelix-49760L@adv-est.oa.pt, N/D, advogado, LISBOA, 1050-119 LISBOA, N/D, N/D, N/D)
        
2025-06-06 12:15:06,336 - INFO - Estagiário André Félix inserido com sucesso!
2025-06-06 12:15:06,337 - INFO - Executando query: 
            INSERT INTO estagiarios 
            (name, cedula, conselho, morada, estado, email, site, tipo, localidade, codigo_postal, data_inscricao, telefone, fax)
            VALUES 
            (André Neves Amaral, 51410L, Lisboa, Av da Republica, 32 - 1º Dto, Activo, andre.amaral-51410L@adv-est.oa.pt, N/D, advogado, LISBOA, 1050-193 LISBOA, N/D, N/D, N/D)
        
2025-06-06 12:15:06,342 - INFO - Estagiário André Neves Amaral inserido com sucesso!
2025-06-06 12:15:06,343 - INFO - Executando query: 
            INSERT INTO estagiarios 
            (name, cedula, conselho, morada, estado, email, site, tipo, localidade, codigo_postal, data_inscricao, telefone, fax)
            VALUES 
            (André Sá Leão, 49576L, Lisboa, Estr de Benfica, 447-1º Dto, Activo, andre.saleao-49576L@adv-est.oa.pt, N/D, advogado, LISBOA, 1500-080 LISBOA, N/D, N/D, N/D)
        
2025-06-06 12:15:06,349 - INFO - Estagiário André Sá Leão inserido com sucesso!
2025-06-06 12:15:06,350 - INFO - Executando query: 
            INSERT INTO estagiarios 
            (name, cedula, conselho, morada, estado, email, site, tipo, localidade, codigo_postal, data_inscricao, telefone, fax)
            VALUES 
            (André Severino, 51207L, Lisboa, R do Arco Marquês do Alegrete, 2 - Piso 3, Escr 3.10 - Palácio dos Aboim, Activo, as-51207L@adv-est.oa.pt, N/D, advogado, LISBOA, 1100-034 LISBOA, N/D, N/D, N/D)
        
2025-06-06 12:15:06,360 - INFO - Estagiário André Severino inserido com sucesso!
2025-06-06 12:15:06,360 - INFO - Executando query: 
            INSERT INTO estagiarios 
            (name, cedula, conselho, morada, estado, email, site, tipo, localidade, codigo_postal, data_inscricao, telefone, fax)
            VALUES 
            (Andreia da Cunha Alves, 51677L, Lisboa, R Castilho, 50, Activo, andreia.alves-51677L@adv-est.oa.pt, N/D, advogado, LISBOA, 1250-071 LISBOA, N/D, N/D, N/D)
        
2025-06-06 12:15:06,371 - INFO - Estagiário Andreia da Cunha Alves inserido com sucesso!
2025-06-06 12:15:06,371 - INFO - Executando query: 
            INSERT INTO estagiarios 
            (name, cedula, conselho, morada, estado, email, site, tipo, localidade, codigo_postal, data_inscricao, telefone, fax)
            VALUES 
            (Andreia Domingos, 47630L, Lisboa, Pc Dq de Saldanha, 1 - 7º - Edf Atrium Saldanha, Activo, andreiadomingos-47630l@adv-est.oa.pt, N/D, advogado, LISBOA, 1050-094 LISBOA, N/D, N/D, N/D)
        
2025-06-06 12:15:06,377 - INFO - Estagiário Andreia Domingos inserido com sucesso!
2025-06-06 12:15:06,378 - INFO - Executando query: 
            INSERT INTO estagiarios 
            (name, cedula, conselho, morada, estado, email, site, tipo, localidade, codigo_postal, data_inscricao, telefone, fax)
            VALUES 
            (Andreia Filipa Santos, 50477L, Lisboa, R Marquês de Pombal, 77 - 1º Dto, Activo, andreiafilipasantos-50477L@adv-est.oa.pt, N/D, advogado, AGUALVA-CACÉM, 2735-316 AGUALVA-CACÉM, N/D, N/D, N/D)
        
2025-06-06 12:15:06,383 - INFO - Estagiário Andreia Filipa Santos inserido com sucesso!
2025-06-06 12:15:06,383 - INFO - Executando query: 
            INSERT INTO estagiarios 
            (name, cedula, conselho, morada, estado, email, site, tipo, localidade, codigo_postal, data_inscricao, telefone, fax)
            VALUES 
            (Andreia Jerónimo, 51336L, Lisboa, R Ramiro Ferrão, 13 C, Activo, andreia.jeronimo-51336L@adv-est.oa.pt, N/D, advogado, ALMADA, 2805-356 ALMADA, N/D, N/D, N/D)
        
2025-06-06 12:15:06,389 - INFO - Estagiário Andreia Jerónimo inserido com sucesso!
2025-06-06 12:15:06,389 - INFO - Executando query: 
            INSERT INTO estagiarios 
            (name, cedula, conselho, morada, estado, email, site, tipo, localidade, codigo_postal, data_inscricao, telefone, fax)
            VALUES 
            (Andreia Lourinho, 51283L, Lisboa, Pc Principe Real, 11 - 2º Esq, Activo, andreialourinho-51283L@adv-est.oa.pt, N/D, advogado, LISBOA, 1250-184 LISBOA, N/D, N/D, N/D)
        
2025-06-06 12:15:06,395 - INFO - Estagiário Andreia Lourinho inserido com sucesso!
2025-06-06 12:15:18,224 - WARNING - Não foi possível determinar o total de páginas.
2025-06-06 12:15:29,899 - INFO - Executando query: 
            INSERT INTO estagiarios 
            (name, cedula, conselho, morada, estado, email, site, tipo, localidade, codigo_postal, data_inscricao, telefone, fax)
            VALUES 
            (Andreia Morais Lourenço, 51472L, Lisboa, Pc Marquês de Pombal, 12 - Edf Rodrigo Uría, Activo, andreia.moraislourenco-51472L@adv-est.oa.pt, N/D, advogado, LISBOA, 1250-162 LISBOA, N/D, N/D, N/D)
        
2025-06-06 12:15:29,905 - INFO - Estagiário Andreia Morais Lourenço inserido com sucesso!
2025-06-06 12:15:29,905 - INFO - Executando query: 
            INSERT INTO estagiarios 
            (name, cedula, conselho, morada, estado, email, site, tipo, localidade, codigo_postal, data_inscricao, telefone, fax)
            VALUES 
            (Andreia Paulo de Oliveira, 49518L, Lisboa, Pc Francisco Sá Carneiro, 2 - 5º, Activo, andreiapaulodeoliveira-49518L@adv-est.oa.pt, N/D, advogado, LISBOA, 1000-159 LISBOA, N/D, N/D, N/D)
        
2025-06-06 12:15:29,912 - INFO - Estagiário Andreia Paulo de Oliveira inserido com sucesso!
2025-06-06 12:15:29,912 - INFO - Executando query: 
            INSERT INTO estagiarios 
            (name, cedula, conselho, morada, estado, email, site, tipo, localidade, codigo_postal, data_inscricao, telefone, fax)
            VALUES 
            (Andreza Caldeira, 51438L, Lisboa, Av da Liberdade, 129 B, Activo, andreza.caldeira-51438L@adv-est.oa.pt, N/D, advogado, LISBOA, 1250-140 LISBOA, N/D, N/D, N/D)
        
2025-06-06 12:15:29,918 - INFO - Estagiário Andreza Caldeira inserido com sucesso!
2025-06-06 12:15:29,919 - INFO - Executando query: 
            INSERT INTO estagiarios 
            (name, cedula, conselho, morada, estado, email, site, tipo, localidade, codigo_postal, data_inscricao, telefone, fax)
            VALUES 
            (Anete Dias, 51566L, Lisboa, Av Eng Duarte Pacheco, Tr 1 - 6º, Sl 10, Activo, N/D, N/D, advogado, LISBOA, 1070-101 LISBOA, N/D, N/D, N/D)
        
2025-06-06 12:15:29,926 - INFO - Estagiário Anete Dias inserido com sucesso!
2025-06-06 12:15:29,926 - INFO - Executando query: 
            INSERT INTO estagiarios 
            (name, cedula, conselho, morada, estado, email, site, tipo, localidade, codigo_postal, data_inscricao, telefone, fax)
            VALUES 
            (Ângela Linhares, 32951L, Lisboa, R Correia Teles, 28-A, Activo, angelalinhares-32951L@adv-est.oa.pt, N/D, advogado, LISBOA, 1350-100 LISBOA, N/D, N/D, N/D)
        
2025-06-06 12:15:29,936 - INFO - Estagiário Ângela Linhares inserido com sucesso!
2025-06-06 12:15:29,937 - INFO - Executando query: 
            INSERT INTO estagiarios 
            (name, cedula, conselho, morada, estado, email, site, tipo, localidade, codigo_postal, data_inscricao, telefone, fax)
            VALUES 
            (Ângela Martins da Fonseca, 50562L, Lisboa, R Quinta da Nora, nº 5 ( L25) Cve -  Albarraque - Urb Qta da Nora, Activo, angelamartinsdafonseca-50562L@adv-est.oa.pt, N/D, advogado, SINTRA, 2710-683 SINTRA, N/D, N/D, N/D)
        
2025-06-06 12:15:29,951 - INFO - Estagiário Ângela Martins da Fonseca inserido com sucesso!
2025-06-06 12:15:29,951 - INFO - Executando query: 
            INSERT INTO estagiarios 
            (name, cedula, conselho, morada, estado, email, site, tipo, localidade, codigo_postal, data_inscricao, telefone, fax)
            VALUES 
            (Anna Khutoryanska, 51403L, Lisboa, Pc Duque de Saldanha, 1 - 7º - Edf Atrium Saldanha, Activo, akhutoryanska-51403L@adv-est.oa.pt, N/D, advogado, LISBOA, 1050-094 LISBOA, N/D, N/D, N/D)
        
2025-06-06 12:15:29,957 - INFO - Estagiário Anna Khutoryanska inserido com sucesso!
2025-06-06 12:15:29,958 - INFO - Executando query: 
            INSERT INTO estagiarios 
            (name, cedula, conselho, morada, estado, email, site, tipo, localidade, codigo_postal, data_inscricao, telefone, fax)
            VALUES 
            (Anne-Sophie Alves, 50342L, Lisboa, Av da Liberdade, 3 - 3º SL 8/9, Activo, anne-sophiealves-50342L@adv-est.oa.pt, N/D, advogado, LISBOA, 1250-139 LISBOA, N/D, N/D, N/D)
        
2025-06-06 12:15:29,963 - INFO - Estagiário Anne-Sophie Alves inserido com sucesso!
2025-06-06 12:15:29,963 - INFO - Executando query: 
            INSERT INTO estagiarios 
            (name, cedula, conselho, morada, estado, email, site, tipo, localidade, codigo_postal, data_inscricao, telefone, fax)
            VALUES 
            (Antónia Queta, 49119L, Lisboa, R Rodrigo da Fonseca, 70 - 3º Dto, Activo, antoniaqueta-49119l@adv-est.oa.pt, N/D, advogado, LISBOA, 1250-193 LISBOA, N/D, N/D, N/D)
        
2025-06-06 12:15:29,975 - INFO - Estagiário Antónia Queta inserido com sucesso!
2025-06-06 12:15:29,975 - INFO - Executando query: 
            INSERT INTO estagiarios 
            (name, cedula, conselho, morada, estado, email, site, tipo, localidade, codigo_postal, data_inscricao, telefone, fax)
            VALUES 
            (Antónia Sebastião da Silva, 47170L, Lisboa, Av Inf Santo, 347 - 2º Dto, Activo, asebastiao-47170L@adv-est.oa.pt, N/D, advogado, LISBOA, 1350-177 LISBOA, N/D, N/D, N/D)
        
2025-06-06 12:15:29,982 - INFO - Estagiário Antónia Sebastião da Silva inserido com sucesso!
2025-06-06 12:15:43,424 - WARNING - Não foi possível determinar o total de páginas.
2025-06-06 12:15:57,016 - INFO - Executando query: 
            INSERT INTO estagiarios 
            (name, cedula, conselho, morada, estado, email, site, tipo, localidade, codigo_postal, data_inscricao, telefone, fax)
            VALUES 
            (António Aguiar Cortês, 49827L, Lisboa, R D Luís I, 28, Activo, aac-49827L@adv-est.oa.pt, N/D, advogado, LISBOA, 1200-151 LISBOA, N/D, N/D, N/D)
        
2025-06-06 12:15:57,023 - INFO - Estagiário António Aguiar Cortês inserido com sucesso!
2025-06-06 12:15:57,023 - INFO - Executando query: 
            INSERT INTO estagiarios 
            (name, cedula, conselho, morada, estado, email, site, tipo, localidade, codigo_postal, data_inscricao, telefone, fax)
            VALUES 
            (António Azevedo Gomes, 49479L, Lisboa, R Carlos Alberto da Mota Pinto, 17 - 2º, Activo, antonio.azevedo.gomes-49479L@adv-est.oa.pt, N/D, advogado, LISBOA, 1070-313 LISBOA, N/D, N/D, N/D)
        
2025-06-06 12:15:57,030 - INFO - Estagiário António Azevedo Gomes inserido com sucesso!
2025-06-06 12:15:57,031 - INFO - Executando query: 
            INSERT INTO estagiarios 
            (name, cedula, conselho, morada, estado, email, site, tipo, localidade, codigo_postal, data_inscricao, telefone, fax)
            VALUES 
            (António Costa Lopes, 50686L, Lisboa, Av Conde de Valbom, 98 - 1º, Activo, antoniocostalopes-50686L@adv-est.oa.pt, N/D, advogado, LISBOA, 1050-070 LISBOA, N/D, N/D, N/D)
        
2025-06-06 12:15:57,036 - INFO - Estagiário António Costa Lopes inserido com sucesso!
2025-06-06 12:15:57,037 - INFO - Executando query: 
            INSERT INTO estagiarios 
            (name, cedula, conselho, morada, estado, email, site, tipo, localidade, codigo_postal, data_inscricao, telefone, fax)
            VALUES 
            (António Delgado da Cruz, 49649L, Lisboa, Avenida Fontes Pereira de Melo 43, Activo, N/D, N/D, advogado, LISBOA, 1050-119 LISBOA, N/D, N/D, N/D)
        
2025-06-06 12:15:57,043 - INFO - Estagiário António Delgado da Cruz inserido com sucesso!
2025-06-06 12:15:57,044 - INFO - Executando query: 
            INSERT INTO estagiarios 
            (name, cedula, conselho, morada, estado, email, site, tipo, localidade, codigo_postal, data_inscricao, telefone, fax)
            VALUES 
            (António Dias, 49922L, Lisboa, Av Almirante Reis, 114 - 1º, Escr F, Activo, antoniodias-49922L@adv-est.oa.pt, N/D, advogado, LISBOA, 1150-023 LISBOA, N/D, N/D, N/D)
        
2025-06-06 12:15:57,051 - INFO - Estagiário António Dias inserido com sucesso!
2025-06-06 12:15:57,052 - INFO - Executando query: 
            INSERT INTO estagiarios 
            (name, cedula, conselho, morada, estado, email, site, tipo, localidade, codigo_postal, data_inscricao, telefone, fax)
            VALUES 
            (António J Domingues, 51560L, Lisboa, Av Columbano Bordalo Pinheiro, 61 C - 1º, Escr 4, Activo, teixedo-51560L@adv-est.oa.pt, N/D, advogado, LISBOA, 1070-061 LISBOA, N/D, N/D, N/D)
        
2025-06-06 12:15:57,063 - INFO - Estagiário António J Domingues inserido com sucesso!
2025-06-06 12:15:57,064 - INFO - Executando query: 
            INSERT INTO estagiarios 
            (name, cedula, conselho, morada, estado, email, site, tipo, localidade, codigo_postal, data_inscricao, telefone, fax)
            VALUES 
            (António Kreiseler Albuquerque, 51267L, Lisboa, Av Inf D Henrique, 26, Activo, antoniokalbuquerque-51267L@adv-est.oa.pt, N/D, advogado, LISBOA, 1149-096 LISBOA, N/D, N/D, N/D)
        
2025-06-06 12:15:57,075 - INFO - Estagiário António Kreiseler Albuquerque inserido com sucesso!
2025-06-06 12:15:57,077 - INFO - Executando query: 
            INSERT INTO estagiarios 
            (name, cedula, conselho, morada, estado, email, site, tipo, localidade, codigo_postal, data_inscricao, telefone, fax)
            VALUES 
            (António Mesquita Pires, 50782L, Lisboa, R Bernardo Lima, 3, Activo, antoniompires-50782L@adv-est.oa.pt, N/D, advogado, LISBOA, 1150-074 LISBOA, N/D, N/D, N/D)
        
2025-06-06 12:15:57,083 - INFO - Estagiário António Mesquita Pires inserido com sucesso!
2025-06-06 12:15:57,085 - INFO - Executando query: 
            INSERT INTO estagiarios 
            (name, cedula, conselho, morada, estado, email, site, tipo, localidade, codigo_postal, data_inscricao, telefone, fax)
            VALUES 
            (António Moura Sobral, 49720L, Lisboa, Av Fontes Pereira de Melo, 43, Activo, antoniomourasobral-49720L@adv-est.oa.pt, N/D, advogado, LISBOA, 1050-119 LISBOA, N/D, N/D, N/D)
        
2025-06-06 12:15:57,095 - INFO - Estagiário António Moura Sobral inserido com sucesso!
2025-06-06 12:15:57,096 - INFO - Executando query: 
            INSERT INTO estagiarios 
            (name, cedula, conselho, morada, estado, email, site, tipo, localidade, codigo_postal, data_inscricao, telefone, fax)
            VALUES 
            (António Neves Pereira, 50469L, Lisboa, R Castilho, 39 - 11º D - Edf Castil, Activo, anp-50469L@adv-est.oa.pt, N/D, advogado, LISBOA, 1250-068 LISBOA, N/D, N/D, N/D)
        
2025-06-06 12:15:57,102 - INFO - Estagiário António Neves Pereira inserido com sucesso!
2025-06-06 12:16:11,691 - WARNING - Não foi possível determinar o total de páginas.
2025-06-06 12:16:24,701 - INFO - Executando query: 
            INSERT INTO estagiarios 
            (name, cedula, conselho, morada, estado, email, site, tipo, localidade, codigo_postal, data_inscricao, telefone, fax)
            VALUES 
            (António Noronha de Barros, 51273L, Lisboa, Av Inf D Henrique, 26, Activo, antonio.n.barros-51273L@adv-est.oa.pt, N/D, advogado, LISBOA, 1149-096 LISBOA, N/D, N/D, N/D)
        
2025-06-06 12:16:24,708 - INFO - Estagiário António Noronha de Barros inserido com sucesso!
2025-06-06 12:16:24,709 - INFO - Executando query: 
            INSERT INTO estagiarios 
            (name, cedula, conselho, morada, estado, email, site, tipo, localidade, codigo_postal, data_inscricao, telefone, fax)
            VALUES 
            (António Paulo Carvalho, 33846L, Lisboa, R Castilho, 67 - 1º, Activo, apc-33846L@adv-est.oa.pt, N/D, advogado, LISBOA, 1250-068 LISBOA, N/D, N/D, N/D)
        
2025-06-06 12:16:24,715 - INFO - Estagiário António Paulo Carvalho inserido com sucesso!
2025-06-06 12:16:24,716 - INFO - Executando query: 
            INSERT INTO estagiarios 
            (name, cedula, conselho, morada, estado, email, site, tipo, localidade, codigo_postal, data_inscricao, telefone, fax)
            VALUES 
            (António Pedro Serôdio, 51126L, Lisboa, Av Eng Duarte Pacheco, Tr 2 - Amoreiras, 16º A, Activo, antoniopedroserodio-51126L@adv-est.oa.pt, N/D, advogado, LISBOA, 1070-102 LISBOA, N/D, N/D, N/D)
        
2025-06-06 12:16:24,722 - INFO - Estagiário António Pedro Serôdio inserido com sucesso!
2025-06-06 12:16:24,723 - INFO - Executando query: 
            INSERT INTO estagiarios 
            (name, cedula, conselho, morada, estado, email, site, tipo, localidade, codigo_postal, data_inscricao, telefone, fax)
            VALUES 
            (António Tavares Portugal, 51298L, Lisboa, Av Inf D Henrique, 26, Activo, antonio.t.portugal-51298L@adv-est.oa.pt, N/D, advogado, LISBOA, 1149-096 LISBOA, N/D, N/D, N/D)
        
2025-06-06 12:16:24,729 - INFO - Estagiário António Tavares Portugal inserido com sucesso!
2025-06-06 12:16:24,730 - INFO - Executando query: 
            INSERT INTO estagiarios 
            (name, cedula, conselho, morada, estado, email, site, tipo, localidade, codigo_postal, data_inscricao, telefone, fax)
            VALUES 
            (Áquila Afonso Neto, 51541L, Lisboa, Av 5 de Outubro, 122, 7 Esq, Activo, aan-51541L@adv-est.oa.pt, N/D, advogado, LISBOA, 1050-061 LISBOA, N/D, N/D, N/D)
        
2025-06-06 12:16:24,737 - INFO - Estagiário Áquila Afonso Neto inserido com sucesso!
2025-06-06 12:16:24,738 - INFO - Executando query: 
            INSERT INTO estagiarios 
            (name, cedula, conselho, morada, estado, email, site, tipo, localidade, codigo_postal, data_inscricao, telefone, fax)
            VALUES 
            (Armando Reis Vieira, 50140L, Lisboa, Pc Dq de Saldanha, 1 - Piso 7 - Edf Atrium Saldanha, Activo, avieira-50140L@adv-est.oa.pt, N/D, advogado, LISBOA, 1050-094 LISBOA, N/D, N/D, N/D)
        
2025-06-06 12:16:24,745 - INFO - Estagiário Armando Reis Vieira inserido com sucesso!
2025-06-06 12:16:24,745 - INFO - Executando query: 
            INSERT INTO estagiarios 
            (name, cedula, conselho, morada, estado, email, site, tipo, localidade, codigo_postal, data_inscricao, telefone, fax)
            VALUES 
            (Arthur Mendes Moraes, 50454L, Lisboa, R da Artilharia 1, 51 - 3º - Edf 1, Activo, aaguirre-50454L@adv-est.oa.pt, N/D, advogado, LISBOA, 1250-038 LISBOA, N/D, N/D, N/D)
        
2025-06-06 12:16:24,752 - INFO - Estagiário Arthur Mendes Moraes inserido com sucesso!
2025-06-06 12:16:24,753 - INFO - Executando query: 
            INSERT INTO estagiarios 
            (name, cedula, conselho, morada, estado, email, site, tipo, localidade, codigo_postal, data_inscricao, telefone, fax)
            VALUES 
            (Assunção Brandão Mira, 51363L, Lisboa, Edf Amoreiras Square, R Joshua Benoliel, 1 - 6º C, Activo, assuncaobmira-51363L@adv-est.oa.pt, N/D, advogado, LISBOA, 1250-133 LISBOA, N/D, N/D, N/D)
        
2025-06-06 12:16:24,767 - INFO - Estagiário Assunção Brandão Mira inserido com sucesso!
2025-06-06 12:16:24,767 - INFO - Executando query: 
            INSERT INTO estagiarios 
            (name, cedula, conselho, morada, estado, email, site, tipo, localidade, codigo_postal, data_inscricao, telefone, fax)
            VALUES 
            (Assunção da Cunha, 50541L, Lisboa, R Castilho, 75 - 8º Dto, Activo, assuncaodacunha-50541l@adv-est.oa.pt, N/D, advogado, LISBOA, 1250-068 LISBOA, N/D, N/D, N/D)
        
2025-06-06 12:16:24,785 - INFO - Estagiário Assunção da Cunha inserido com sucesso!
2025-06-06 12:16:24,786 - INFO - Executando query: 
            INSERT INTO estagiarios 
            (name, cedula, conselho, morada, estado, email, site, tipo, localidade, codigo_postal, data_inscricao, telefone, fax)
            VALUES 
            (Astrine Cardoso, 44267L, Lisboa, R Silva Tavares, 7 A - 11º A, Activo, a-44267l@adv-est.oa.pt, N/D, advogado, LISBOA, 1750-287 LISBOA, N/D, N/D, N/D)
        
2025-06-06 12:16:24,793 - INFO - Estagiário Astrine Cardoso inserido com sucesso!
2025-06-06 12:16:33,581 - WARNING - Não foi possível determinar o total de páginas.
2025-06-06 12:16:46,259 - INFO - Executando query: 
            INSERT INTO estagiarios 
            (name, cedula, conselho, morada, estado, email, site, tipo, localidade, codigo_postal, data_inscricao, telefone, fax)
            VALUES 
            (Augusta Castro Paiva, 51684L, Lisboa, Av Cons Fernando de Sousa, 19 B-C, Activo, augustacastropaiva-51684L@adv-est.oa.pt, N/D, advogado, LISBOA, 1070-072 LISBOA, N/D, N/D, N/D)
        
2025-06-06 12:16:46,266 - INFO - Estagiário Augusta Castro Paiva inserido com sucesso!
2025-06-06 12:16:46,267 - INFO - Executando query: 
            INSERT INTO estagiarios 
            (name, cedula, conselho, morada, estado, email, site, tipo, localidade, codigo_postal, data_inscricao, telefone, fax)
            VALUES 
            (Áurea Amado Pinto, 23544L, Lisboa, Av Duarte Pacheco, Tr 2-Sl 8 - Empreendimento das Amoreiras, Activo, N/D, N/D, advogado, LISBOA, 1070-102 LISBOA, N/D, N/D, N/D)
        
2025-06-06 12:16:46,274 - INFO - Estagiário Áurea Amado Pinto inserido com sucesso!
2025-06-06 12:16:46,275 - INFO - Executando query: 
            INSERT INTO estagiarios 
            (name, cedula, conselho, morada, estado, email, site, tipo, localidade, codigo_postal, data_inscricao, telefone, fax)
            VALUES 
            (Bárbara Coelho, 48921L, Lisboa, Av da República, 74 - 1º Esq, Activo, barbarashcoelho-48921L@adv-est.oa.pt, N/D, advogado, LISBOA, 1600-205 LISBOA, N/D, N/D, N/D)
        
2025-06-06 12:16:46,282 - INFO - Estagiário Bárbara Coelho inserido com sucesso!
2025-06-06 12:16:46,283 - INFO - Executando query: 
            INSERT INTO estagiarios 
            (name, cedula, conselho, morada, estado, email, site, tipo, localidade, codigo_postal, data_inscricao, telefone, fax)
            VALUES 
            (Bárbara Ferrari, 51639L, Lisboa, Av Inf D Henrique, 306 - Letra K, Activo, N/D, N/D, advogado, LISBOA, 1950-421 LISBOA, N/D, N/D, N/D)
        
2025-06-06 12:16:46,289 - INFO - Estagiário Bárbara Ferrari inserido com sucesso!
2025-06-06 12:16:46,290 - INFO - Executando query: 
            INSERT INTO estagiarios 
            (name, cedula, conselho, morada, estado, email, site, tipo, localidade, codigo_postal, data_inscricao, telefone, fax)
            VALUES 
            (Bárbara Figueiredo de Oliveira, 51335L, Lisboa, Av Dq de Ávila, 46 - 6º, Activo, boliveiraf-51335L@adv-est.oa.pt, N/D, advogado, LISBOA, 1050-046 LISBOA, N/D, N/D, N/D)
        
2025-06-06 12:16:46,297 - INFO - Estagiário Bárbara Figueiredo de Oliveira inserido com sucesso!
2025-06-06 12:16:46,298 - INFO - Executando query: 
            INSERT INTO estagiarios 
            (name, cedula, conselho, morada, estado, email, site, tipo, localidade, codigo_postal, data_inscricao, telefone, fax)
            VALUES 
            (Bárbara Fragoso Luís, 49887L, Lisboa, Av Fontes Pereira de Melo, 6, Activo, barbarafragosoluis-49887L@adv-est.oa.pt, N/D, advogado, LISBOA, 1050-121 LISBOA, N/D, N/D, N/D)
        
2025-06-06 12:16:46,305 - INFO - Estagiário Bárbara Fragoso Luís inserido com sucesso!
2025-06-06 12:16:46,307 - INFO - Executando query: 
            INSERT INTO estagiarios 
            (name, cedula, conselho, morada, estado, email, site, tipo, localidade, codigo_postal, data_inscricao, telefone, fax)
            VALUES 
            (Bárbara Granado, 51355L, Lisboa, Av Fontes Pereira de Melo, 6, Activo, barbaragranado-51355L@adv-est.oa.pt, N/D, advogado, LISBOA, 1050-121 LISBOA, N/D, N/D, N/D)
        
2025-06-06 12:16:46,314 - INFO - Estagiário Bárbara Granado inserido com sucesso!
2025-06-06 12:16:46,315 - INFO - Executando query: 
            INSERT INTO estagiarios 
            (name, cedula, conselho, morada, estado, email, site, tipo, localidade, codigo_postal, data_inscricao, telefone, fax)
            VALUES 
            (Bárbara Lomba, 37388L, Lisboa, Av Columbano Bordalo Pinheiro, 74 - 4º Esq, Activo, barbaralomba-37388L@adv-est.oa.pt, N/D, advogado, LISBOA, 1070-064 LISBOA, N/D, N/D, N/D)
        
2025-06-06 12:16:46,322 - INFO - Estagiário Bárbara Lomba inserido com sucesso!
2025-06-06 12:16:46,323 - INFO - Executando query: 
            INSERT INTO estagiarios 
            (name, cedula, conselho, morada, estado, email, site, tipo, localidade, codigo_postal, data_inscricao, telefone, fax)
            VALUES 
            (Bárbara Lopes Henriques, 48263L, Lisboa, Av Eng Duarte Pacheco, Tr 1 - 4º, Sl 2 e 3, Activo, barbaralhenriques-48263L@adv-est.oa.pt, N/D, advogado, LISBOA, 1070-101 LISBOA, N/D, N/D, N/D)
        
2025-06-06 12:16:46,331 - INFO - Estagiário Bárbara Lopes Henriques inserido com sucesso!
2025-06-06 12:16:46,332 - INFO - Executando query: 
            INSERT INTO estagiarios 
            (name, cedula, conselho, morada, estado, email, site, tipo, localidade, codigo_postal, data_inscricao, telefone, fax)
            VALUES 
            (Bárbara Melo Sá Gomes, 47018L, Lisboa, R do Cde de Redondo, 8 - 4º Dto, Activo, barbaramelosagomes03-47018l@adv-est.oa.pt, N/D, advogado, LISBOA, 1150-105 LISBOA, N/D, N/D, N/D)
        
2025-06-06 12:16:46,339 - INFO - Estagiário Bárbara Melo Sá Gomes inserido com sucesso!
2025-06-06 12:16:59,656 - WARNING - Não foi possível determinar o total de páginas.
2025-06-06 12:17:03,007 - INFO - Conexão com o banco de dados fechada.
2025-06-06 12:17:03,035 - WARNING - Retrying (Retry(total=2, connect=None, read=None, redirect=None, status=None)) after connection broken by 'ConnectionResetError(10054, 'Uma ligação existente foi forçada a fechar pelo anfitrião remoto', None, 10054, None)': /session/45b3d968f8ac5a3e1b843e1a32ccbeaf
