2025-06-05 18:14:57,497 - INFO - Iniciando o script de scraping...
2025-06-05 18:14:57,505 - INFO - Conexão com o banco de dados estabelecida!
2025-06-05 18:14:57,506 - INFO - ====== WebDriver manager ======
2025-06-05 18:14:58,320 - INFO - Get LATEST chromedriver version for google-chrome
2025-06-05 18:14:58,354 - INFO - Get LATEST chromedriver version for google-chrome
2025-06-05 18:14:58,388 - INFO - Driver [C:\Users\david\.wdm\drivers\chromedriver\win64\137.0.7151.68\chromedriver-win32/chromedriver.exe] found in cache
2025-06-05 18:14:59,535 - INFO - Iniciando: coletar_sociedades
2025-06-05 18:14:59,535 - INFO - Iniciando scraping de sociedades de advogados...
2025-06-05 18:15:19,784 - ERROR - Erro ao clicar no botão de pesquisa para https://portal.oa.pt/advogados/pesquisa-de-sociedades-de-advogados/: Message: 

2025-06-05 18:15:19,789 - WARNING - Não foi possível determinar o total de páginas.
2025-06-05 18:15:59,424 - ERROR - Tentativa 1 falhou: Message: 

2025-06-05 18:16:32,027 - ERROR - Tentativa 2 falhou: Message: 

2025-06-05 18:17:04,518 - ERROR - Tentativa 3 falhou: Message: 

2025-06-05 18:17:08,658 - ERROR - Não foi possível carregar a página 1
2025-06-05 18:17:08,672 - WARNING - Não foi possível determinar o total de páginas.
2025-06-05 18:17:15,414 - ERROR - Tentativa 1 falhou: Message: invalid session id
Stacktrace:
	GetHandleVerifier [0x0x1013763+63299]
	GetHandleVerifier [0x0x10137a4+63364]
	(No symbol) [0x0xe40f70]
	(No symbol) [0x0xe7c9a8]
	(No symbol) [0x0xeae436]
	(No symbol) [0x0xea9f05]
	(No symbol) [0x0xea9486]
	(No symbol) [0x0xe13a05]
	(No symbol) [0x0xe13f5e]
	(No symbol) [0x0xe143ed]
	GetHandleVerifier [0x0x126e033+2531347]
	GetHandleVerifier [0x0x1269332+2511634]
	GetHandleVerifier [0x0x1039eda+220858]
	GetHandleVerifier [0x0x102a528+156936]
	GetHandleVerifier [0x0x1030c5d+183357]
	(No symbol) [0x0xe136d0]
	(No symbol) [0x0xe12edd]
	GetHandleVerifier [0x0x13a7edc+3817148]
	BaseThreadInitThunk [0x0x76235d49+25]
	RtlInitializeExceptionChain [0x0x7716d03b+107]
	RtlGetAppContainerNamedObjectPath [0x0x7716cfc1+561]

2025-06-05 18:17:15,415 - ERROR - Erro ao processar página 2: Message: invalid session id
Stacktrace:
	GetHandleVerifier [0x0x1013763+63299]
	GetHandleVerifier [0x0x10137a4+63364]
	(No symbol) [0x0xe40f70]
	(No symbol) [0x0xe7c9a8]
	(No symbol) [0x0xeae436]
	(No symbol) [0x0xea9f05]
	(No symbol) [0x0xea9486]
	(No symbol) [0x0xe13a05]
	(No symbol) [0x0xe13f5e]
	(No symbol) [0x0xe143ed]
	GetHandleVerifier [0x0x126e033+2531347]
	GetHandleVerifier [0x0x1269332+2511634]
	GetHandleVerifier [0x0x1039eda+220858]
	GetHandleVerifier [0x0x102a528+156936]
	GetHandleVerifier [0x0x1030c5d+183357]
	(No symbol) [0x0xe136d0]
	(No symbol) [0x0xe12edd]
	GetHandleVerifier [0x0x13a7edc+3817148]
	BaseThreadInitThunk [0x0x76235d49+25]
	RtlInitializeExceptionChain [0x0x7716d03b+107]
	RtlGetAppContainerNamedObjectPath [0x0x7716cfc1+561]

2025-06-05 18:17:15,416 - ERROR - Erro ao processar página 3: Message: invalid session id
Stacktrace:
	GetHandleVerifier [0x0x1013763+63299]
	GetHandleVerifier [0x0x10137a4+63364]
	(No symbol) [0x0xe40f70]
	(No symbol) [0x0xe7c9a8]
	(No symbol) [0x0xeae436]
	(No symbol) [0x0xea9f05]
	(No symbol) [0x0xea9486]
	(No symbol) [0x0xe13a05]
	(No symbol) [0x0xe13f5e]
	(No symbol) [0x0xe143ed]
	GetHandleVerifier [0x0x126e033+2531347]
	GetHandleVerifier [0x0x1269332+2511634]
	GetHandleVerifier [0x0x1039eda+220858]
	GetHandleVerifier [0x0x102a528+156936]
	GetHandleVerifier [0x0x1030c5d+183357]
	(No symbol) [0x0xe136d0]
	(No symbol) [0x0xe12edd]
	GetHandleVerifier [0x0x13a7edc+3817148]
	BaseThreadInitThunk [0x0x76235d49+25]
	RtlInitializeExceptionChain [0x0x7716d03b+107]
	RtlGetAppContainerNamedObjectPath [0x0x7716cfc1+561]

2025-06-05 18:17:15,416 - WARNING - coletar_sociedades retornou 0 registros
2025-06-05 18:17:15,416 - INFO - Iniciando: coletar_estagiarios
2025-06-05 18:17:15,416 - INFO - Iniciando scraping de estagiários...
2025-06-05 18:17:15,417 - ERROR - Erro em coletar_estagiarios: Message: invalid session id
Stacktrace:
	GetHandleVerifier [0x0x1013763+63299]
	GetHandleVerifier [0x0x10137a4+63364]
	(No symbol) [0x0xe40f70]
	(No symbol) [0x0xe7c9a8]
	(No symbol) [0x0xeae436]
	(No symbol) [0x0xea9f05]
	(No symbol) [0x0xea9486]
	(No symbol) [0x0xe13a05]
	(No symbol) [0x0xe13f5e]
	(No symbol) [0x0xe143ed]
	GetHandleVerifier [0x0x126e033+2531347]
	GetHandleVerifier [0x0x1269332+2511634]
	GetHandleVerifier [0x0x1039eda+220858]
	GetHandleVerifier [0x0x102a528+156936]
	GetHandleVerifier [0x0x1030c5d+183357]
	(No symbol) [0x0xe136d0]
	(No symbol) [0x0xe12edd]
	GetHandleVerifier [0x0x13a7edc+3817148]
	BaseThreadInitThunk [0x0x76235d49+25]
	RtlInitializeExceptionChain [0x0x7716d03b+107]
	RtlGetAppContainerNamedObjectPath [0x0x7716cfc1+561]

2025-06-05 18:17:15,419 - INFO - Iniciando: coletar_tribunais
2025-06-05 18:17:15,419 - INFO - Iniciando scraping de tribunais...
2025-06-05 18:17:15,419 - ERROR - Erro em coletar_tribunais: Message: invalid session id
Stacktrace:
	GetHandleVerifier [0x0x1013763+63299]
	GetHandleVerifier [0x0x10137a4+63364]
	(No symbol) [0x0xe40f70]
	(No symbol) [0x0xe7c9a8]
	(No symbol) [0x0xeae436]
	(No symbol) [0x0xea9f05]
	(No symbol) [0x0xea9486]
	(No symbol) [0x0xe13a05]
	(No symbol) [0x0xe13f5e]
	(No symbol) [0x0xe143ed]
	GetHandleVerifier [0x0x126e033+2531347]
	GetHandleVerifier [0x0x1269332+2511634]
	GetHandleVerifier [0x0x1039eda+220858]
	GetHandleVerifier [0x0x102a528+156936]
	GetHandleVerifier [0x0x1030c5d+183357]
	(No symbol) [0x0xe136d0]
	(No symbol) [0x0xe12edd]
	GetHandleVerifier [0x0x13a7edc+3817148]
	BaseThreadInitThunk [0x0x76235d49+25]
	RtlInitializeExceptionChain [0x0x7716d03b+107]
	RtlGetAppContainerNamedObjectPath [0x0x7716cfc1+561]

2025-06-05 18:17:15,419 - INFO - Iniciando: coletar_julgados
2025-06-05 18:17:15,419 - INFO - Iniciando scraping de julgados de paz...
2025-06-05 18:17:15,420 - ERROR - Erro em coletar_julgados: Message: invalid session id
Stacktrace:
	GetHandleVerifier [0x0x1013763+63299]
	GetHandleVerifier [0x0x10137a4+63364]
	(No symbol) [0x0xe40f70]
	(No symbol) [0x0xe7c9a8]
	(No symbol) [0x0xeae436]
	(No symbol) [0x0xea9f05]
	(No symbol) [0x0xea9486]
	(No symbol) [0x0xe13a05]
	(No symbol) [0x0xe13f5e]
	(No symbol) [0x0xe143ed]
	GetHandleVerifier [0x0x126e033+2531347]
	GetHandleVerifier [0x0x1269332+2511634]
	GetHandleVerifier [0x0x1039eda+220858]
	GetHandleVerifier [0x0x102a528+156936]
	GetHandleVerifier [0x0x1030c5d+183357]
	(No symbol) [0x0xe136d0]
	(No symbol) [0x0xe12edd]
	GetHandleVerifier [0x0x13a7edc+3817148]
	BaseThreadInitThunk [0x0x76235d49+25]
	RtlInitializeExceptionChain [0x0x7716d03b+107]
	RtlGetAppContainerNamedObjectPath [0x0x7716cfc1+561]

2025-06-05 18:17:15,423 - INFO - Iniciando: coletar_osae
2025-06-05 18:17:15,423 - INFO - Iniciando scraping do OSAE...
2025-06-05 18:17:15,425 - ERROR - Erro em coletar_osae: Message: invalid session id
Stacktrace:
	GetHandleVerifier [0x0x1013763+63299]
	GetHandleVerifier [0x0x10137a4+63364]
	(No symbol) [0x0xe40f70]
	(No symbol) [0x0xe7c9a8]
	(No symbol) [0x0xeae436]
	(No symbol) [0x0xea9f05]
	(No symbol) [0x0xea9486]
	(No symbol) [0x0xe13a05]
	(No symbol) [0x0xe13f5e]
	(No symbol) [0x0xe143ed]
	GetHandleVerifier [0x0x126e033+2531347]
	GetHandleVerifier [0x0x1269332+2511634]
	GetHandleVerifier [0x0x1039eda+220858]
	GetHandleVerifier [0x0x102a528+156936]
	GetHandleVerifier [0x0x1030c5d+183357]
	(No symbol) [0x0xe136d0]
	(No symbol) [0x0xe12edd]
	GetHandleVerifier [0x0x13a7edc+3817148]
	BaseThreadInitThunk [0x0x76235d49+25]
	RtlInitializeExceptionChain [0x0x7716d03b+107]
	RtlGetAppContainerNamedObjectPath [0x0x7716cfc1+561]

2025-06-05 18:17:15,425 - INFO - Iniciando: coletar_advogados_angola
2025-06-05 18:17:15,425 - INFO - Iniciando scraping de advogados de Angola...
2025-06-05 18:17:15,426 - ERROR - Erro ao carregar dados de advogados de Angola: Message: invalid session id
Stacktrace:
	GetHandleVerifier [0x0x1013763+63299]
	GetHandleVerifier [0x0x10137a4+63364]
	(No symbol) [0x0xe40f70]
	(No symbol) [0x0xe7c9a8]
	(No symbol) [0x0xeae436]
	(No symbol) [0x0xea9f05]
	(No symbol) [0x0xea9486]
	(No symbol) [0x0xe13a05]
	(No symbol) [0x0xe13f5e]
	(No symbol) [0x0xe143ed]
	GetHandleVerifier [0x0x126e033+2531347]
	GetHandleVerifier [0x0x1269332+2511634]
	GetHandleVerifier [0x0x1039eda+220858]
	GetHandleVerifier [0x0x102a528+156936]
	GetHandleVerifier [0x0x1030c5d+183357]
	(No symbol) [0x0xe136d0]
	(No symbol) [0x0xe12edd]
	GetHandleVerifier [0x0x13a7edc+3817148]
	BaseThreadInitThunk [0x0x76235d49+25]
	RtlInitializeExceptionChain [0x0x7716d03b+107]
	RtlGetAppContainerNamedObjectPath [0x0x7716cfc1+561]

2025-06-05 18:17:15,428 - ERROR - Erro em coletar_advogados_angola: Message: invalid session id
Stacktrace:
	GetHandleVerifier [0x0x1013763+63299]
	GetHandleVerifier [0x0x10137a4+63364]
	(No symbol) [0x0xe40f70]
	(No symbol) [0x0xe7c9a8]
	(No symbol) [0x0xeae436]
	(No symbol) [0x0xea9f05]
	(No symbol) [0x0xea9486]
	(No symbol) [0x0xe13a05]
	(No symbol) [0x0xe13f5e]
	(No symbol) [0x0xe143ed]
	GetHandleVerifier [0x0x126e033+2531347]
	GetHandleVerifier [0x0x1269332+2511634]
	GetHandleVerifier [0x0x1039eda+220858]
	GetHandleVerifier [0x0x102a528+156936]
	GetHandleVerifier [0x0x1030c5d+183357]
	(No symbol) [0x0xe136d0]
	(No symbol) [0x0xe12edd]
	GetHandleVerifier [0x0x13a7edc+3817148]
	BaseThreadInitThunk [0x0x76235d49+25]
	RtlInitializeExceptionChain [0x0x7716d03b+107]
	RtlGetAppContainerNamedObjectPath [0x0x7716cfc1+561]

2025-06-05 18:17:15,428 - INFO - Iniciando: coletar_camaras_municipais
2025-06-05 18:17:15,428 - INFO - Iniciando scraping de câmaras municipais...
2025-06-05 18:17:15,429 - ERROR - Erro em coletar_camaras_municipais: Message: invalid session id
Stacktrace:
	GetHandleVerifier [0x0x1013763+63299]
	GetHandleVerifier [0x0x10137a4+63364]
	(No symbol) [0x0xe40f70]
	(No symbol) [0x0xe7c9a8]
	(No symbol) [0x0xeae436]
	(No symbol) [0x0xea9f05]
	(No symbol) [0x0xea9486]
	(No symbol) [0x0xe13a05]
	(No symbol) [0x0xe13f5e]
	(No symbol) [0x0xe143ed]
	GetHandleVerifier [0x0x126e033+2531347]
	GetHandleVerifier [0x0x1269332+2511634]
	GetHandleVerifier [0x0x1039eda+220858]
	GetHandleVerifier [0x0x102a528+156936]
	GetHandleVerifier [0x0x1030c5d+183357]
	(No symbol) [0x0xe136d0]
	(No symbol) [0x0xe12edd]
	GetHandleVerifier [0x0x13a7edc+3817148]
	BaseThreadInitThunk [0x0x76235d49+25]
	RtlInitializeExceptionChain [0x0x7716d03b+107]
	RtlGetAppContainerNamedObjectPath [0x0x7716cfc1+561]

2025-06-05 18:17:15,429 - INFO - Iniciando: coletar_atlas_cplp
2025-06-05 18:17:15,429 - INFO - Iniciando scraping do Atlas CPLP...
2025-06-05 18:17:15,430 - ERROR - Erro em coletar_atlas_cplp: Message: invalid session id
Stacktrace:
	GetHandleVerifier [0x0x1013763+63299]
	GetHandleVerifier [0x0x10137a4+63364]
	(No symbol) [0x0xe40f70]
	(No symbol) [0x0xe7c9a8]
	(No symbol) [0x0xeae436]
	(No symbol) [0x0xea9f05]
	(No symbol) [0x0xea9486]
	(No symbol) [0x0xe13a05]
	(No symbol) [0x0xe13f5e]
	(No symbol) [0x0xe143ed]
	GetHandleVerifier [0x0x126e033+2531347]
	GetHandleVerifier [0x0x1269332+2511634]
	GetHandleVerifier [0x0x1039eda+220858]
	GetHandleVerifier [0x0x102a528+156936]
	GetHandleVerifier [0x0x1030c5d+183357]
	(No symbol) [0x0xe136d0]
	(No symbol) [0x0xe12edd]
	GetHandleVerifier [0x0x13a7edc+3817148]
	BaseThreadInitThunk [0x0x76235d49+25]
	RtlInitializeExceptionChain [0x0x7716d03b+107]
	RtlGetAppContainerNamedObjectPath [0x0x7716cfc1+561]

2025-06-05 18:17:15,440 - INFO - Conexão com o banco de dados fechada.
2025-06-05 18:17:17,515 - INFO - Navegador fechado.
