2025-06-06 12:44:20,667 - INFO - Iniciando o script de scraping...
2025-06-06 12:44:20,721 - INFO - Conexão com o banco de dados estabelecida!
2025-06-06 12:44:20,800 - INFO - Tabelas existentes (advogados, sociedades, estagiarios, advogados_backup) eliminadas para recriação.
2025-06-06 12:44:20,825 - INFO - Tabela 'advogados' criada com sucesso!
2025-06-06 12:44:20,845 - INFO - Tabela 'sociedades' criada com sucesso!
2025-06-06 12:44:20,868 - INFO - Tabela 'estagiarios' criada com sucesso!
2025-06-06 12:44:20,869 - INFO - ====== WebDriver manager ======
2025-06-06 12:44:22,422 - INFO - Get LATEST chromedriver version for google-chrome
2025-06-06 12:44:22,479 - INFO - Get LATEST chromedriver version for google-chrome
2025-06-06 12:44:22,513 - INFO - Driver [C:\Users\david\.wdm\drivers\chromedriver\win64\137.0.7151.68\chromedriver-win32/chromedriver.exe] found in cache
2025-06-06 12:44:24,650 - INFO - Iniciando: coletar_advogados_lisboa
2025-06-06 12:44:24,650 - INFO - Iniciando scraping de advogados...
2025-06-06 12:45:15,912 - WARNING - Erro ao marcar 'Apenas Ativos' (continuando sem marcar): Message: 
Stacktrace:
	GetHandleVerifier [0x0x10f3763+63299]
	GetHandleVerifier [0x0x10f37a4+63364]
	(No symbol) [0x0xf21113]
	(No symbol) [0x0xf6987e]
	(No symbol) [0x0xf69c1b]
	(No symbol) [0x0xfb2212]
	(No symbol) [0x0xf8e5c4]
	(No symbol) [0x0xfafa4a]
	(No symbol) [0x0xf8e376]
	(No symbol) [0x0xf5d6e0]
	(No symbol) [0x0xf5e544]
	GetHandleVerifier [0x0x134e033+2531347]
	GetHandleVerifier [0x0x1349332+2511634]
	GetHandleVerifier [0x0x1119eda+220858]
	GetHandleVerifier [0x0x110a528+156936]
	GetHandleVerifier [0x0x1110c5d+183357]
	GetHandleVerifier [0x0x10fb6c8+95912]
	GetHandleVerifier [0x0x10fb870+96336]
	GetHandleVerifier [0x0x10e664a+9770]
	BaseThreadInitThunk [0x0x76235d49+25]
	RtlInitializeExceptionChain [0x0x7716d03b+107]
	RtlGetAppContainerNamedObjectPath [0x0x7716cfc1+561]

2025-06-06 12:45:26,112 - WARNING - Erro ao clicar no botão de pesquisa: Message: 

2025-06-06 12:45:26,118 - WARNING - Não foi possível determinar o total de páginas.
2025-06-06 12:45:41,214 - INFO - Executando query: 
            INSERT INTO advogados (name, cedula, conselho, morada, estado,email, site, tipo, localidade, codigo_postal)
            VALUES (A Martins, 6454L, Lisboa, R de São Francisco Xavier, 7 - Algueirão, Activo, amartin-6454l@adv.oa.pt, N/D, advogado, MEM MARTINS, 2725-129 MEM MARTINS)
        
2025-06-06 12:45:41,221 - INFO - Executando query: 
            INSERT INTO advogados (name, cedula, conselho, morada, estado,email, site, tipo, localidade, codigo_postal)
            VALUES (A Santos Ramos, 3733L, Lisboa, N/D, Inativo, N/D, N/D, advogado, N/D, N/D)
        
2025-06-06 12:45:41,229 - INFO - Executando query: 
            INSERT INTO advogados (name, cedula, conselho, morada, estado,email, site, tipo, localidade, codigo_postal)
            VALUES (Adriana Rodrigues Vieira, 70904L, Lisboa, Av Eng Duarte Pacheco, 7 - 7º, Activo, arv-70904L@adv.oa.pt, N/D, advogado, LISBOA, 1070-100 LISBOA)
        
2025-06-06 12:45:41,247 - INFO - Executando query: 
            INSERT INTO advogados (name, cedula, conselho, morada, estado,email, site, tipo, localidade, codigo_postal)
            VALUES (Alexandre Jardim, 7065L, Lisboa, Pc de Alvalade, 6 - 13º Ft, Activo, aj-7065l@adv.oa.pt, N/D, advogado, LISBOA, 1700-036 LISBOA)
        
2025-06-06 12:45:41,253 - INFO - Executando query: 
            INSERT INTO advogados (name, cedula, conselho, morada, estado,email, site, tipo, localidade, codigo_postal)
            VALUES (Ana Maria Basto de Carvalho, 13973L, Lisboa, R Castilho, 50, Activo, N/D, N/D, advogado, LISBOA, 1250-071 LISBOA)
        
2025-06-06 12:45:41,260 - INFO - Executando query: 
            INSERT INTO advogados (name, cedula, conselho, morada, estado,email, site, tipo, localidade, codigo_postal)
            VALUES (Ana Rita Brandão, 61722L, Lisboa, N/D, Inativo, N/D, N/D, advogado, N/D, N/D)
        
2025-06-06 12:45:41,267 - INFO - Executando query: 
            INSERT INTO advogados (name, cedula, conselho, morada, estado,email, site, tipo, localidade, codigo_postal)
            VALUES (Ana Sofia Guimarães, 44701L, Lisboa, N/D, Inativo, N/D, N/D, advogado, N/D, N/D)
        
2025-06-06 12:45:41,274 - INFO - Executando query: 
            INSERT INTO advogados (name, cedula, conselho, morada, estado,email, site, tipo, localidade, codigo_postal)
            VALUES (Andreia Botelho, 21585L, Lisboa, Av Conde Valbom, 96/98 -, Activo, andreia.botelho-21585l@adv.oa.pt, N/D, advogado, LISBOA, 1050-070 LISBOA)
        
2025-06-06 12:45:41,282 - INFO - Executando query: 
            INSERT INTO advogados (name, cedula, conselho, morada, estado,email, site, tipo, localidade, codigo_postal)
            VALUES (Carina Correia, 18026L, Lisboa, R D Nuno Álvares Pereira, 9 B, Activo, carinacorreia-18026l@adv.oa.pt, N/D, advogado, ODIVELAS, 2675-419 ODIVELAS)
        
2025-06-06 12:45:41,289 - INFO - Executando query: 
            INSERT INTO advogados (name, cedula, conselho, morada, estado,email, site, tipo, localidade, codigo_postal)
            VALUES (Carla Pinto Roldão, 15324L, Lisboa, N/D, Inativo, N/D, N/D, advogado, N/D, N/D)
        
2025-06-06 12:46:00,168 - WARNING - Não foi possível determinar o total de páginas.
2025-06-06 12:46:14,521 - INFO - Executando query: 
            INSERT INTO advogados (name, cedula, conselho, morada, estado,email, site, tipo, localidade, codigo_postal)
            VALUES (Carlos de Jesus Fernandes, 8386L, Lisboa, Av 25 de Abril, 805 - 1º A, Activo, carlos.j.fernandes-8386l@adv.oa.pt, N/D, advogado, CASCAIS, 2750-514 CASCAIS)
        
2025-06-06 12:46:14,535 - INFO - Executando query: 
            INSERT INTO advogados (name, cedula, conselho, morada, estado,email, site, tipo, localidade, codigo_postal)
            VALUES (Cristina Madail Louro, 9610L, Lisboa, R Álvaro de Campos, 7 - Cv - Bons Dias, Activo, cristina.madail-9610l@adv.oa.pt, N/D, advogado, RAMADA, 2620-258 RAMADA)
        
2025-06-06 12:46:14,541 - INFO - Executando query: 
            INSERT INTO advogados (name, cedula, conselho, morada, estado,email, site, tipo, localidade, codigo_postal)
            VALUES (Cristina Sá Pinto, 14356L, Lisboa, N/D, Inativo, N/D, N/D, advogado, N/D, N/D)
        
2025-06-06 12:46:14,563 - INFO - Executando query: 
            INSERT INTO advogados (name, cedula, conselho, morada, estado,email, site, tipo, localidade, codigo_postal)
            VALUES (Cristina Ventura Cardoso, 19679L, Lisboa, N/D, Inativo, N/D, N/D, advogado, N/D, N/D)
        
2025-06-06 12:46:14,581 - INFO - Executando query: 
            INSERT INTO advogados (name, cedula, conselho, morada, estado,email, site, tipo, localidade, codigo_postal)
            VALUES (Dino Barbosa, 21514L, Lisboa, R de Campolide, 164 D, Activo, dinobarbosa-21514l@adv.oa.pt, N/D, advogado, LISBOA, 1070-037 LISBOA)
        
2025-06-06 12:46:14,587 - INFO - Executando query: 
            INSERT INTO advogados (name, cedula, conselho, morada, estado,email, site, tipo, localidade, codigo_postal)
            VALUES (Evaristo Maia, 2849C, Lisboa, N/D, Inativo, N/D, N/D, advogado, N/D, N/D)
        
2025-06-06 12:46:14,595 - INFO - Executando query: 
            INSERT INTO advogados (name, cedula, conselho, morada, estado,email, site, tipo, localidade, codigo_postal)
            VALUES (Fátima Costa, 9292L, Lisboa, Av Duque Loule, 1-2º Dto, Activo, fatima.costa-9292l@adv.oa.pt, N/D, advogado, LISBOA, 1050-085 LISBOA)
        
2025-06-06 12:46:14,602 - INFO - Executando query: 
            INSERT INTO advogados (name, cedula, conselho, morada, estado,email, site, tipo, localidade, codigo_postal)
            VALUES (Fátima Monteiro Martins, 16923L, Lisboa, N/D, Inativo, N/D, N/D, advogado, N/D, N/D)
        
2025-06-06 12:46:14,607 - INFO - Executando query: 
            INSERT INTO advogados (name, cedula, conselho, morada, estado,email, site, tipo, localidade, codigo_postal)
            VALUES (Francisco Dias Mega, 6555L, Lisboa, N/D, Inativo, N/D, N/D, advogado, N/D, N/D)
        
2025-06-06 12:46:14,614 - INFO - Executando query: 
            INSERT INTO advogados (name, cedula, conselho, morada, estado,email, site, tipo, localidade, codigo_postal)
            VALUES (Francisco Loureiro Ferreira, 67703L, Lisboa, N/D, Inativo, N/D, N/D, advogado, N/D, N/D)
        
2025-06-06 12:46:25,795 - ERROR - Erro ao processar página 3: Message: invalid session id: session deleted as the browser has closed the connection
from disconnected: not connected to DevTools
  (Session info: chrome=137.0.7151.57)
Stacktrace:
	GetHandleVerifier [0x0x10f3763+63299]
	GetHandleVerifier [0x0x10f37a4+63364]
	(No symbol) [0x0xf21113]
	(No symbol) [0x0xf108a0]
	(No symbol) [0x0xf2e8c2]
	(No symbol) [0x0xf9519c]
	(No symbol) [0x0xfaf359]
	(No symbol) [0x0xf8e376]
	(No symbol) [0x0xf5d6e0]
	(No symbol) [0x0xf5e544]
	GetHandleVerifier [0x0x134e033+2531347]
	GetHandleVerifier [0x0x1349332+2511634]
	GetHandleVerifier [0x0x1119eda+220858]
	GetHandleVerifier [0x0x110a528+156936]
	GetHandleVerifier [0x0x1110c5d+183357]
	GetHandleVerifier [0x0x10fb6c8+95912]
	GetHandleVerifier [0x0x10fb870+96336]
	GetHandleVerifier [0x0x10e664a+9770]
	BaseThreadInitThunk [0x0x76235d49+25]
	RtlInitializeExceptionChain [0x0x7716d03b+107]
	RtlGetAppContainerNamedObjectPath [0x0x7716cfc1+561]

2025-06-06 12:46:25,869 - ERROR - Erro ao processar página 4: Message: invalid session id
Stacktrace:
	GetHandleVerifier [0x0x10f3763+63299]
	GetHandleVerifier [0x0x10f37a4+63364]
	(No symbol) [0x0xf20f70]
	(No symbol) [0x0xf5c9a8]
	(No symbol) [0x0xf8e436]
	(No symbol) [0x0xf89f05]
	(No symbol) [0x0xf89486]
	(No symbol) [0x0xef3a05]
	(No symbol) [0x0xef3f5e]
	(No symbol) [0x0xef43ed]
	GetHandleVerifier [0x0x134e033+2531347]
	GetHandleVerifier [0x0x1349332+2511634]
	GetHandleVerifier [0x0x1119eda+220858]
	GetHandleVerifier [0x0x110a528+156936]
	GetHandleVerifier [0x0x1110c5d+183357]
	(No symbol) [0x0xef36d0]
	(No symbol) [0x0xef2edd]
	GetHandleVerifier [0x0x1487edc+3817148]
	BaseThreadInitThunk [0x0x76235d49+25]
	RtlInitializeExceptionChain [0x0x7716d03b+107]
	RtlGetAppContainerNamedObjectPath [0x0x7716cfc1+561]

2025-06-06 12:46:25,870 - ERROR - Erro ao processar página 5: Message: invalid session id
Stacktrace:
	GetHandleVerifier [0x0x10f3763+63299]
	GetHandleVerifier [0x0x10f37a4+63364]
	(No symbol) [0x0xf20f70]
	(No symbol) [0x0xf5c9a8]
	(No symbol) [0x0xf8e436]
	(No symbol) [0x0xf89f05]
	(No symbol) [0x0xf89486]
	(No symbol) [0x0xef3a05]
	(No symbol) [0x0xef3f5e]
	(No symbol) [0x0xef43ed]
	GetHandleVerifier [0x0x134e033+2531347]
	GetHandleVerifier [0x0x1349332+2511634]
	GetHandleVerifier [0x0x1119eda+220858]
	GetHandleVerifier [0x0x110a528+156936]
	GetHandleVerifier [0x0x1110c5d+183357]
	(No symbol) [0x0xef36d0]
	(No symbol) [0x0xef2edd]
	GetHandleVerifier [0x0x1487edc+3817148]
	BaseThreadInitThunk [0x0x76235d49+25]
	RtlInitializeExceptionChain [0x0x7716d03b+107]
	RtlGetAppContainerNamedObjectPath [0x0x7716cfc1+561]

2025-06-06 12:46:25,871 - INFO - Dados salvos em CSV: dados_pesquisa-de-advogados_20250606_124625.csv
2025-06-06 12:46:25,871 - INFO - coletar_advogados_lisboa completado com 20 registros
2025-06-06 12:46:25,871 - INFO - Iniciando: coletar_estagiarios_lisboa
2025-06-06 12:46:25,871 - INFO - Iniciando scraping de estagiários...
2025-06-06 12:46:25,871 - ERROR - Erro em coletar_estagiarios_lisboa: Message: invalid session id
Stacktrace:
	GetHandleVerifier [0x0x10f3763+63299]
	GetHandleVerifier [0x0x10f37a4+63364]
	(No symbol) [0x0xf20f70]
	(No symbol) [0x0xf5c9a8]
	(No symbol) [0x0xf8e436]
	(No symbol) [0x0xf89f05]
	(No symbol) [0x0xf89486]
	(No symbol) [0x0xef3a05]
	(No symbol) [0x0xef3f5e]
	(No symbol) [0x0xef43ed]
	GetHandleVerifier [0x0x134e033+2531347]
	GetHandleVerifier [0x0x1349332+2511634]
	GetHandleVerifier [0x0x1119eda+220858]
	GetHandleVerifier [0x0x110a528+156936]
	GetHandleVerifier [0x0x1110c5d+183357]
	(No symbol) [0x0xef36d0]
	(No symbol) [0x0xef2edd]
	GetHandleVerifier [0x0x1487edc+3817148]
	BaseThreadInitThunk [0x0x76235d49+25]
	RtlInitializeExceptionChain [0x0x7716d03b+107]
	RtlGetAppContainerNamedObjectPath [0x0x7716cfc1+561]

2025-06-06 12:46:25,871 - INFO - Iniciando: coletar_estagiarios_porto
2025-06-06 12:46:25,872 - INFO - Iniciando scraping de estagiários...
2025-06-06 12:46:25,872 - ERROR - Erro em coletar_estagiarios_porto: Message: invalid session id
Stacktrace:
	GetHandleVerifier [0x0x10f3763+63299]
	GetHandleVerifier [0x0x10f37a4+63364]
	(No symbol) [0x0xf20f70]
	(No symbol) [0x0xf5c9a8]
	(No symbol) [0x0xf8e436]
	(No symbol) [0x0xf89f05]
	(No symbol) [0x0xf89486]
	(No symbol) [0x0xef3a05]
	(No symbol) [0x0xef3f5e]
	(No symbol) [0x0xef43ed]
	GetHandleVerifier [0x0x134e033+2531347]
	GetHandleVerifier [0x0x1349332+2511634]
	GetHandleVerifier [0x0x1119eda+220858]
	GetHandleVerifier [0x0x110a528+156936]
	GetHandleVerifier [0x0x1110c5d+183357]
	(No symbol) [0x0xef36d0]
	(No symbol) [0x0xef2edd]
	GetHandleVerifier [0x0x1487edc+3817148]
	BaseThreadInitThunk [0x0x76235d49+25]
	RtlInitializeExceptionChain [0x0x7716d03b+107]
	RtlGetAppContainerNamedObjectPath [0x0x7716cfc1+561]

2025-06-06 12:46:25,872 - INFO - Iniciando: coletar_estagiarios_coimbra
2025-06-06 12:46:25,872 - INFO - Iniciando scraping de estagiários...
2025-06-06 12:46:25,873 - ERROR - Erro em coletar_estagiarios_coimbra: Message: invalid session id
Stacktrace:
	GetHandleVerifier [0x0x10f3763+63299]
	GetHandleVerifier [0x0x10f37a4+63364]
	(No symbol) [0x0xf20f70]
	(No symbol) [0x0xf5c9a8]
	(No symbol) [0x0xf8e436]
	(No symbol) [0x0xf89f05]
	(No symbol) [0x0xf89486]
	(No symbol) [0x0xef3a05]
	(No symbol) [0x0xef3f5e]
	(No symbol) [0x0xef43ed]
	GetHandleVerifier [0x0x134e033+2531347]
	GetHandleVerifier [0x0x1349332+2511634]
	GetHandleVerifier [0x0x1119eda+220858]
	GetHandleVerifier [0x0x110a528+156936]
	GetHandleVerifier [0x0x1110c5d+183357]
	(No symbol) [0x0xef36d0]
	(No symbol) [0x0xef2edd]
	GetHandleVerifier [0x0x1487edc+3817148]
	BaseThreadInitThunk [0x0x76235d49+25]
	RtlInitializeExceptionChain [0x0x7716d03b+107]
	RtlGetAppContainerNamedObjectPath [0x0x7716cfc1+561]

2025-06-06 12:46:25,873 - INFO - Iniciando: coletar_estagiarios_evora
2025-06-06 12:46:25,873 - INFO - Iniciando scraping de estagiários...
2025-06-06 12:46:25,874 - ERROR - Erro em coletar_estagiarios_evora: Message: invalid session id
Stacktrace:
	GetHandleVerifier [0x0x10f3763+63299]
	GetHandleVerifier [0x0x10f37a4+63364]
	(No symbol) [0x0xf20f70]
	(No symbol) [0x0xf5c9a8]
	(No symbol) [0x0xf8e436]
	(No symbol) [0x0xf89f05]
	(No symbol) [0x0xf89486]
	(No symbol) [0x0xef3a05]
	(No symbol) [0x0xef3f5e]
	(No symbol) [0x0xef43ed]
	GetHandleVerifier [0x0x134e033+2531347]
	GetHandleVerifier [0x0x1349332+2511634]
	GetHandleVerifier [0x0x1119eda+220858]
	GetHandleVerifier [0x0x110a528+156936]
	GetHandleVerifier [0x0x1110c5d+183357]
	(No symbol) [0x0xef36d0]
	(No symbol) [0x0xef2edd]
	GetHandleVerifier [0x0x1487edc+3817148]
	BaseThreadInitThunk [0x0x76235d49+25]
	RtlInitializeExceptionChain [0x0x7716d03b+107]
	RtlGetAppContainerNamedObjectPath [0x0x7716cfc1+561]

2025-06-06 12:46:25,874 - INFO - Iniciando: coletar_estagiarios_faro
2025-06-06 12:46:25,874 - INFO - Iniciando scraping de estagiários...
2025-06-06 12:46:25,874 - ERROR - Erro em coletar_estagiarios_faro: Message: invalid session id
Stacktrace:
	GetHandleVerifier [0x0x10f3763+63299]
	GetHandleVerifier [0x0x10f37a4+63364]
	(No symbol) [0x0xf20f70]
	(No symbol) [0x0xf5c9a8]
	(No symbol) [0x0xf8e436]
	(No symbol) [0x0xf89f05]
	(No symbol) [0x0xf89486]
	(No symbol) [0x0xef3a05]
	(No symbol) [0x0xef3f5e]
	(No symbol) [0x0xef43ed]
	GetHandleVerifier [0x0x134e033+2531347]
	GetHandleVerifier [0x0x1349332+2511634]
	GetHandleVerifier [0x0x1119eda+220858]
	GetHandleVerifier [0x0x110a528+156936]
	GetHandleVerifier [0x0x1110c5d+183357]
	(No symbol) [0x0xef36d0]
	(No symbol) [0x0xef2edd]
	GetHandleVerifier [0x0x1487edc+3817148]
	BaseThreadInitThunk [0x0x76235d49+25]
	RtlInitializeExceptionChain [0x0x7716d03b+107]
	RtlGetAppContainerNamedObjectPath [0x0x7716cfc1+561]

2025-06-06 12:46:25,874 - INFO - Iniciando: coletar_estagiarios_madeira
2025-06-06 12:46:25,874 - INFO - Iniciando scraping de estagiários...
2025-06-06 12:46:25,875 - ERROR - Erro em coletar_estagiarios_madeira: Message: invalid session id
Stacktrace:
	GetHandleVerifier [0x0x10f3763+63299]
	GetHandleVerifier [0x0x10f37a4+63364]
	(No symbol) [0x0xf20f70]
	(No symbol) [0x0xf5c9a8]
	(No symbol) [0x0xf8e436]
	(No symbol) [0x0xf89f05]
	(No symbol) [0x0xf89486]
	(No symbol) [0x0xef3a05]
	(No symbol) [0x0xef3f5e]
	(No symbol) [0x0xef43ed]
	GetHandleVerifier [0x0x134e033+2531347]
	GetHandleVerifier [0x0x1349332+2511634]
	GetHandleVerifier [0x0x1119eda+220858]
	GetHandleVerifier [0x0x110a528+156936]
	GetHandleVerifier [0x0x1110c5d+183357]
	(No symbol) [0x0xef36d0]
	(No symbol) [0x0xef2edd]
	GetHandleVerifier [0x0x1487edc+3817148]
	BaseThreadInitThunk [0x0x76235d49+25]
	RtlInitializeExceptionChain [0x0x7716d03b+107]
	RtlGetAppContainerNamedObjectPath [0x0x7716cfc1+561]

2025-06-06 12:46:25,875 - INFO - Iniciando: coletar_estagiarios_acores
2025-06-06 12:46:25,875 - INFO - Iniciando scraping de estagiários...
2025-06-06 12:46:25,876 - ERROR - Erro em coletar_estagiarios_acores: Message: invalid session id
Stacktrace:
	GetHandleVerifier [0x0x10f3763+63299]
	GetHandleVerifier [0x0x10f37a4+63364]
	(No symbol) [0x0xf20f70]
	(No symbol) [0x0xf5c9a8]
	(No symbol) [0x0xf8e436]
	(No symbol) [0x0xf89f05]
	(No symbol) [0x0xf89486]
	(No symbol) [0x0xef3a05]
	(No symbol) [0x0xef3f5e]
	(No symbol) [0x0xef43ed]
	GetHandleVerifier [0x0x134e033+2531347]
	GetHandleVerifier [0x0x1349332+2511634]
	GetHandleVerifier [0x0x1119eda+220858]
	GetHandleVerifier [0x0x110a528+156936]
	GetHandleVerifier [0x0x1110c5d+183357]
	(No symbol) [0x0xef36d0]
	(No symbol) [0x0xef2edd]
	GetHandleVerifier [0x0x1487edc+3817148]
	BaseThreadInitThunk [0x0x76235d49+25]
	RtlInitializeExceptionChain [0x0x7716d03b+107]
	RtlGetAppContainerNamedObjectPath [0x0x7716cfc1+561]

2025-06-06 12:46:25,876 - INFO - Iniciando: coletar_estagiarios_braga
2025-06-06 12:46:25,876 - INFO - Iniciando scraping de estagiários...
2025-06-06 12:46:25,876 - ERROR - Erro em coletar_estagiarios_braga: Message: invalid session id
Stacktrace:
	GetHandleVerifier [0x0x10f3763+63299]
	GetHandleVerifier [0x0x10f37a4+63364]
	(No symbol) [0x0xf20f70]
	(No symbol) [0x0xf5c9a8]
	(No symbol) [0x0xf8e436]
	(No symbol) [0x0xf89f05]
	(No symbol) [0x0xf89486]
	(No symbol) [0x0xef3a05]
	(No symbol) [0x0xef3f5e]
	(No symbol) [0x0xef43ed]
	GetHandleVerifier [0x0x134e033+2531347]
	GetHandleVerifier [0x0x1349332+2511634]
	GetHandleVerifier [0x0x1119eda+220858]
	GetHandleVerifier [0x0x110a528+156936]
	GetHandleVerifier [0x0x1110c5d+183357]
	(No symbol) [0x0xef36d0]
	(No symbol) [0x0xef2edd]
	GetHandleVerifier [0x0x1487edc+3817148]
	BaseThreadInitThunk [0x0x76235d49+25]
	RtlInitializeExceptionChain [0x0x7716d03b+107]
	RtlGetAppContainerNamedObjectPath [0x0x7716cfc1+561]

2025-06-06 12:46:25,876 - INFO - Iniciando: coletar_tribunais
2025-06-06 12:46:25,876 - INFO - Iniciando scraping de tribunais...
2025-06-06 12:46:25,877 - ERROR - Erro em coletar_tribunais: Message: invalid session id
Stacktrace:
	GetHandleVerifier [0x0x10f3763+63299]
	GetHandleVerifier [0x0x10f37a4+63364]
	(No symbol) [0x0xf20f70]
	(No symbol) [0x0xf5c9a8]
	(No symbol) [0x0xf8e436]
	(No symbol) [0x0xf89f05]
	(No symbol) [0x0xf89486]
	(No symbol) [0x0xef3a05]
	(No symbol) [0x0xef3f5e]
	(No symbol) [0x0xef43ed]
	GetHandleVerifier [0x0x134e033+2531347]
	GetHandleVerifier [0x0x1349332+2511634]
	GetHandleVerifier [0x0x1119eda+220858]
	GetHandleVerifier [0x0x110a528+156936]
	GetHandleVerifier [0x0x1110c5d+183357]
	(No symbol) [0x0xef36d0]
	(No symbol) [0x0xef2edd]
	GetHandleVerifier [0x0x1487edc+3817148]
	BaseThreadInitThunk [0x0x76235d49+25]
	RtlInitializeExceptionChain [0x0x7716d03b+107]
	RtlGetAppContainerNamedObjectPath [0x0x7716cfc1+561]

2025-06-06 12:46:25,877 - INFO - Iniciando: coletar_julgados
2025-06-06 12:46:25,877 - INFO - Iniciando scraping de julgados de paz...
2025-06-06 12:46:25,877 - ERROR - Erro em coletar_julgados: Message: invalid session id
Stacktrace:
	GetHandleVerifier [0x0x10f3763+63299]
	GetHandleVerifier [0x0x10f37a4+63364]
	(No symbol) [0x0xf20f70]
	(No symbol) [0x0xf5c9a8]
	(No symbol) [0x0xf8e436]
	(No symbol) [0x0xf89f05]
	(No symbol) [0x0xf89486]
	(No symbol) [0x0xef3a05]
	(No symbol) [0x0xef3f5e]
	(No symbol) [0x0xef43ed]
	GetHandleVerifier [0x0x134e033+2531347]
	GetHandleVerifier [0x0x1349332+2511634]
	GetHandleVerifier [0x0x1119eda+220858]
	GetHandleVerifier [0x0x110a528+156936]
	GetHandleVerifier [0x0x1110c5d+183357]
	(No symbol) [0x0xef36d0]
	(No symbol) [0x0xef2edd]
	GetHandleVerifier [0x0x1487edc+3817148]
	BaseThreadInitThunk [0x0x76235d49+25]
	RtlInitializeExceptionChain [0x0x7716d03b+107]
	RtlGetAppContainerNamedObjectPath [0x0x7716cfc1+561]

2025-06-06 12:46:25,878 - INFO - Iniciando: coletar_osae
2025-06-06 12:46:25,878 - INFO - Iniciando scraping do OSAE...
2025-06-06 12:46:25,878 - ERROR - Erro em coletar_osae: Message: invalid session id
Stacktrace:
	GetHandleVerifier [0x0x10f3763+63299]
	GetHandleVerifier [0x0x10f37a4+63364]
	(No symbol) [0x0xf20f70]
	(No symbol) [0x0xf5c9a8]
	(No symbol) [0x0xf8e436]
	(No symbol) [0x0xf89f05]
	(No symbol) [0x0xf89486]
	(No symbol) [0x0xef3a05]
	(No symbol) [0x0xef3f5e]
	(No symbol) [0x0xef43ed]
	GetHandleVerifier [0x0x134e033+2531347]
	GetHandleVerifier [0x0x1349332+2511634]
	GetHandleVerifier [0x0x1119eda+220858]
	GetHandleVerifier [0x0x110a528+156936]
	GetHandleVerifier [0x0x1110c5d+183357]
	(No symbol) [0x0xef36d0]
	(No symbol) [0x0xef2edd]
	GetHandleVerifier [0x0x1487edc+3817148]
	BaseThreadInitThunk [0x0x76235d49+25]
	RtlInitializeExceptionChain [0x0x7716d03b+107]
	RtlGetAppContainerNamedObjectPath [0x0x7716cfc1+561]

2025-06-06 12:46:25,878 - INFO - Iniciando: coletar_advogados_angola
2025-06-06 12:46:25,878 - INFO - Iniciando scraping de advogados de Angola...
2025-06-06 12:46:25,879 - ERROR - Erro ao carregar dados de advogados de Angola: Message: invalid session id
Stacktrace:
	GetHandleVerifier [0x0x10f3763+63299]
	GetHandleVerifier [0x0x10f37a4+63364]
	(No symbol) [0x0xf20f70]
	(No symbol) [0x0xf5c9a8]
	(No symbol) [0x0xf8e436]
	(No symbol) [0x0xf89f05]
	(No symbol) [0x0xf89486]
	(No symbol) [0x0xef3a05]
	(No symbol) [0x0xef3f5e]
	(No symbol) [0x0xef43ed]
	GetHandleVerifier [0x0x134e033+2531347]
	GetHandleVerifier [0x0x1349332+2511634]
	GetHandleVerifier [0x0x1119eda+220858]
	GetHandleVerifier [0x0x110a528+156936]
	GetHandleVerifier [0x0x1110c5d+183357]
	(No symbol) [0x0xef36d0]
	(No symbol) [0x0xef2edd]
	GetHandleVerifier [0x0x1487edc+3817148]
	BaseThreadInitThunk [0x0x76235d49+25]
	RtlInitializeExceptionChain [0x0x7716d03b+107]
	RtlGetAppContainerNamedObjectPath [0x0x7716cfc1+561]

2025-06-06 12:46:25,880 - ERROR - Erro em coletar_advogados_angola: Message: invalid session id
Stacktrace:
	GetHandleVerifier [0x0x10f3763+63299]
	GetHandleVerifier [0x0x10f37a4+63364]
	(No symbol) [0x0xf20f70]
	(No symbol) [0x0xf5c9a8]
	(No symbol) [0x0xf8e436]
	(No symbol) [0x0xf89f05]
	(No symbol) [0x0xf89486]
	(No symbol) [0x0xef3a05]
	(No symbol) [0x0xef3f5e]
	(No symbol) [0x0xef43ed]
	GetHandleVerifier [0x0x134e033+2531347]
	GetHandleVerifier [0x0x1349332+2511634]
	GetHandleVerifier [0x0x1119eda+220858]
	GetHandleVerifier [0x0x110a528+156936]
	GetHandleVerifier [0x0x1110c5d+183357]
	(No symbol) [0x0xef36d0]
	(No symbol) [0x0xef2edd]
	GetHandleVerifier [0x0x1487edc+3817148]
	BaseThreadInitThunk [0x0x76235d49+25]
	RtlInitializeExceptionChain [0x0x7716d03b+107]
	RtlGetAppContainerNamedObjectPath [0x0x7716cfc1+561]

2025-06-06 12:46:25,880 - INFO - Iniciando: coletar_camaras_municipais
2025-06-06 12:46:25,880 - INFO - Iniciando scraping de câmaras municipais...
2025-06-06 12:46:25,881 - ERROR - Erro em coletar_camaras_municipais: Message: invalid session id
Stacktrace:
	GetHandleVerifier [0x0x10f3763+63299]
	GetHandleVerifier [0x0x10f37a4+63364]
	(No symbol) [0x0xf20f70]
	(No symbol) [0x0xf5c9a8]
	(No symbol) [0x0xf8e436]
	(No symbol) [0x0xf89f05]
	(No symbol) [0x0xf89486]
	(No symbol) [0x0xef3a05]
	(No symbol) [0x0xef3f5e]
	(No symbol) [0x0xef43ed]
	GetHandleVerifier [0x0x134e033+2531347]
	GetHandleVerifier [0x0x1349332+2511634]
	GetHandleVerifier [0x0x1119eda+220858]
	GetHandleVerifier [0x0x110a528+156936]
	GetHandleVerifier [0x0x1110c5d+183357]
	(No symbol) [0x0xef36d0]
	(No symbol) [0x0xef2edd]
	GetHandleVerifier [0x0x1487edc+3817148]
	BaseThreadInitThunk [0x0x76235d49+25]
	RtlInitializeExceptionChain [0x0x7716d03b+107]
	RtlGetAppContainerNamedObjectPath [0x0x7716cfc1+561]

2025-06-06 12:46:25,881 - INFO - Iniciando: coletar_atlas_cplp
2025-06-06 12:46:25,881 - INFO - Iniciando scraping do Atlas CPLP...
2025-06-06 12:46:25,881 - ERROR - Erro em coletar_atlas_cplp: Message: invalid session id
Stacktrace:
	GetHandleVerifier [0x0x10f3763+63299]
	GetHandleVerifier [0x0x10f37a4+63364]
	(No symbol) [0x0xf20f70]
	(No symbol) [0x0xf5c9a8]
	(No symbol) [0x0xf8e436]
	(No symbol) [0x0xf89f05]
	(No symbol) [0x0xf89486]
	(No symbol) [0x0xef3a05]
	(No symbol) [0x0xef3f5e]
	(No symbol) [0x0xef43ed]
	GetHandleVerifier [0x0x134e033+2531347]
	GetHandleVerifier [0x0x1349332+2511634]
	GetHandleVerifier [0x0x1119eda+220858]
	GetHandleVerifier [0x0x110a528+156936]
	GetHandleVerifier [0x0x1110c5d+183357]
	(No symbol) [0x0xef36d0]
	(No symbol) [0x0xef2edd]
	GetHandleVerifier [0x0x1487edc+3817148]
	BaseThreadInitThunk [0x0x76235d49+25]
	RtlInitializeExceptionChain [0x0x7716d03b+107]
	RtlGetAppContainerNamedObjectPath [0x0x7716cfc1+561]

2025-06-06 12:46:25,882 - INFO - Dados salvos em CSV: todos_dados_20250606_124625.csv
2025-06-06 12:46:25,882 - INFO - Todos os dados salvos em CSV com timestamp: 20250606_124625
2025-06-06 12:46:25,882 - INFO - Conexão com o banco de dados fechada.
2025-06-06 12:46:27,920 - INFO - Navegador fechado.
