2025-06-10 17:41:22,983 - INFO - Iniciando o script de scraping...
2025-06-10 17:41:23,035 - INFO - Conexão com o banco de dados estabelecida!
2025-06-10 17:41:23,038 - INFO - Tabela 'advogados' verificada/recriada com sucesso!
2025-06-10 17:41:23,038 - INFO - Tabela 'sociedades' verificada/criada com sucesso!
2025-06-10 17:41:23,038 - INFO - Tabela 'estagiarios' verificada/criada com sucesso!
2025-06-10 17:41:23,038 - INFO - Tabela 'agentes_execucao' verificada/criada com sucesso!
2025-06-10 17:41:23,038 - INFO - ====== WebDriver manager ======
2025-06-10 17:41:24,193 - INFO - Get LATEST chromedriver version for google-chrome
2025-06-10 17:41:24,272 - INFO - Get LATEST chromedriver version for google-chrome
2025-06-10 17:41:24,306 - INFO - Get LATEST chromedriver version for google-chrome
2025-06-10 17:41:24,391 - INFO - WebDriver version 137.0.7151.68 selected
2025-06-10 17:41:24,393 - INFO - Modern chrome version https://storage.googleapis.com/chrome-for-testing-public/137.0.7151.68/win32/chromedriver-win32.zip
2025-06-10 17:41:24,393 - INFO - About to download new driver from https://storage.googleapis.com/chrome-for-testing-public/137.0.7151.68/win32/chromedriver-win32.zip
2025-06-10 17:41:24,492 - INFO - Driver downloading response is 200
2025-06-10 17:41:24,691 - INFO - Get LATEST chromedriver version for google-chrome
2025-06-10 17:41:24,991 - INFO - Driver has been saved in cache [C:\Users\david\.wdm\drivers\chromedriver\win64\137.0.7151.68]
2025-06-10 17:41:27,706 - INFO - Iniciando: coletar_advogados_lisboa
2025-06-10 17:41:27,707 - INFO - Iniciando scraping de advogados...
2025-06-10 17:41:57,967 - WARNING - Erro ao marcar 'Apenas Ativos' (continuando sem marcar): Message: 
Stacktrace:
	GetHandleVerifier [0x0xf73763+63299]
	GetHandleVerifier [0x0xf737a4+63364]
	(No symbol) [0x0xda1113]
	(No symbol) [0x0xde987e]
	(No symbol) [0x0xde9c1b]
	(No symbol) [0x0xe32212]
	(No symbol) [0x0xe0e5c4]
	(No symbol) [0x0xe2fa4a]
	(No symbol) [0x0xe0e376]
	(No symbol) [0x0xddd6e0]
	(No symbol) [0x0xdde544]
	GetHandleVerifier [0x0x11ce033+2531347]
	GetHandleVerifier [0x0x11c9332+2511634]
	GetHandleVerifier [0x0xf99eda+220858]
	GetHandleVerifier [0x0xf8a528+156936]
	GetHandleVerifier [0x0xf90c5d+183357]
	GetHandleVerifier [0x0xf7b6c8+95912]
	GetHandleVerifier [0x0xf7b870+96336]
	GetHandleVerifier [0x0xf6664a+9770]
	BaseThreadInitThunk [0x0x76235d49+25]
	RtlInitializeExceptionChain [0x0x7716d03b+107]
	RtlGetAppContainerNamedObjectPath [0x0x7716cfc1+561]

2025-06-10 17:42:08,205 - WARNING - Erro ao clicar no botão de pesquisa: Message: 

2025-06-10 17:42:08,212 - WARNING - Não foi possível determinar o total de páginas.
2025-06-10 17:42:14,550 - ERROR - Tentativa 1 falhou: Message: invalid session id
Stacktrace:
	GetHandleVerifier [0x0xf73763+63299]
	GetHandleVerifier [0x0xf737a4+63364]
	(No symbol) [0x0xda0f70]
	(No symbol) [0x0xddc9a8]
	(No symbol) [0x0xe0e436]
	(No symbol) [0x0xe09f05]
	(No symbol) [0x0xe09486]
	(No symbol) [0x0xd73a05]
	(No symbol) [0x0xd73f5e]
	(No symbol) [0x0xd743ed]
	GetHandleVerifier [0x0x11ce033+2531347]
	GetHandleVerifier [0x0x11c9332+2511634]
	GetHandleVerifier [0x0xf99eda+220858]
	GetHandleVerifier [0x0xf8a528+156936]
	GetHandleVerifier [0x0xf90c5d+183357]
	(No symbol) [0x0xd736d0]
	(No symbol) [0x0xd72edd]
	GetHandleVerifier [0x0x1307edc+3817148]
	BaseThreadInitThunk [0x0x76235d49+25]
	RtlInitializeExceptionChain [0x0x7716d03b+107]
	RtlGetAppContainerNamedObjectPath [0x0x7716cfc1+561]

2025-06-10 17:42:14,551 - ERROR - Erro ao processar página 1: Message: invalid session id
Stacktrace:
	GetHandleVerifier [0x0xf73763+63299]
	GetHandleVerifier [0x0xf737a4+63364]
	(No symbol) [0x0xda0f70]
	(No symbol) [0x0xddc9a8]
	(No symbol) [0x0xe0e436]
	(No symbol) [0x0xe09f05]
	(No symbol) [0x0xe09486]
	(No symbol) [0x0xd73a05]
	(No symbol) [0x0xd73f5e]
	(No symbol) [0x0xd743ed]
	GetHandleVerifier [0x0x11ce033+2531347]
	GetHandleVerifier [0x0x11c9332+2511634]
	GetHandleVerifier [0x0xf99eda+220858]
	GetHandleVerifier [0x0xf8a528+156936]
	GetHandleVerifier [0x0xf90c5d+183357]
	(No symbol) [0x0xd736d0]
	(No symbol) [0x0xd72edd]
	GetHandleVerifier [0x0x1307edc+3817148]
	BaseThreadInitThunk [0x0x76235d49+25]
	RtlInitializeExceptionChain [0x0x7716d03b+107]
	RtlGetAppContainerNamedObjectPath [0x0x7716cfc1+561]

2025-06-10 17:42:14,552 - ERROR - Erro ao processar página 2: Message: invalid session id
Stacktrace:
	GetHandleVerifier [0x0xf73763+63299]
	GetHandleVerifier [0x0xf737a4+63364]
	(No symbol) [0x0xda0f70]
	(No symbol) [0x0xddc9a8]
	(No symbol) [0x0xe0e436]
	(No symbol) [0x0xe09f05]
	(No symbol) [0x0xe09486]
	(No symbol) [0x0xd73a05]
	(No symbol) [0x0xd73f5e]
	(No symbol) [0x0xd743ed]
	GetHandleVerifier [0x0x11ce033+2531347]
	GetHandleVerifier [0x0x11c9332+2511634]
	GetHandleVerifier [0x0xf99eda+220858]
	GetHandleVerifier [0x0xf8a528+156936]
	GetHandleVerifier [0x0xf90c5d+183357]
	(No symbol) [0x0xd736d0]
	(No symbol) [0x0xd72edd]
	GetHandleVerifier [0x0x1307edc+3817148]
	BaseThreadInitThunk [0x0x76235d49+25]
	RtlInitializeExceptionChain [0x0x7716d03b+107]
	RtlGetAppContainerNamedObjectPath [0x0x7716cfc1+561]

2025-06-10 17:42:14,553 - ERROR - Erro ao processar página 3: Message: invalid session id
Stacktrace:
	GetHandleVerifier [0x0xf73763+63299]
	GetHandleVerifier [0x0xf737a4+63364]
	(No symbol) [0x0xda0f70]
	(No symbol) [0x0xddc9a8]
	(No symbol) [0x0xe0e436]
	(No symbol) [0x0xe09f05]
	(No symbol) [0x0xe09486]
	(No symbol) [0x0xd73a05]
	(No symbol) [0x0xd73f5e]
	(No symbol) [0x0xd743ed]
	GetHandleVerifier [0x0x11ce033+2531347]
	GetHandleVerifier [0x0x11c9332+2511634]
	GetHandleVerifier [0x0xf99eda+220858]
	GetHandleVerifier [0x0xf8a528+156936]
	GetHandleVerifier [0x0xf90c5d+183357]
	(No symbol) [0x0xd736d0]
	(No symbol) [0x0xd72edd]
	GetHandleVerifier [0x0x1307edc+3817148]
	BaseThreadInitThunk [0x0x76235d49+25]
	RtlInitializeExceptionChain [0x0x7716d03b+107]
	RtlGetAppContainerNamedObjectPath [0x0x7716cfc1+561]

2025-06-10 17:42:14,553 - WARNING - coletar_advogados_lisboa retornou 0 registros
2025-06-10 17:42:14,553 - INFO - Iniciando: coletar_advogados_porto
2025-06-10 17:42:14,553 - INFO - Iniciando scraping de advogados...
2025-06-10 17:42:14,554 - ERROR - Erro em coletar_advogados_porto: Message: invalid session id
Stacktrace:
	GetHandleVerifier [0x0xf73763+63299]
	GetHandleVerifier [0x0xf737a4+63364]
	(No symbol) [0x0xda0f70]
	(No symbol) [0x0xddc9a8]
	(No symbol) [0x0xe0e436]
	(No symbol) [0x0xe09f05]
	(No symbol) [0x0xe09486]
	(No symbol) [0x0xd73a05]
	(No symbol) [0x0xd73f5e]
	(No symbol) [0x0xd743ed]
	GetHandleVerifier [0x0x11ce033+2531347]
	GetHandleVerifier [0x0x11c9332+2511634]
	GetHandleVerifier [0x0xf99eda+220858]
	GetHandleVerifier [0x0xf8a528+156936]
	GetHandleVerifier [0x0xf90c5d+183357]
	(No symbol) [0x0xd736d0]
	(No symbol) [0x0xd72edd]
	GetHandleVerifier [0x0x1307edc+3817148]
	BaseThreadInitThunk [0x0x76235d49+25]
	RtlInitializeExceptionChain [0x0x7716d03b+107]
	RtlGetAppContainerNamedObjectPath [0x0x7716cfc1+561]

2025-06-10 17:42:14,554 - INFO - Iniciando: coletar_advogados_coimbra
2025-06-10 17:42:14,554 - INFO - Iniciando scraping de advogados...
2025-06-10 17:42:14,554 - ERROR - Erro em coletar_advogados_coimbra: Message: invalid session id
Stacktrace:
	GetHandleVerifier [0x0xf73763+63299]
	GetHandleVerifier [0x0xf737a4+63364]
	(No symbol) [0x0xda0f70]
	(No symbol) [0x0xddc9a8]
	(No symbol) [0x0xe0e436]
	(No symbol) [0x0xe09f05]
	(No symbol) [0x0xe09486]
	(No symbol) [0x0xd73a05]
	(No symbol) [0x0xd73f5e]
	(No symbol) [0x0xd743ed]
	GetHandleVerifier [0x0x11ce033+2531347]
	GetHandleVerifier [0x0x11c9332+2511634]
	GetHandleVerifier [0x0xf99eda+220858]
	GetHandleVerifier [0x0xf8a528+156936]
	GetHandleVerifier [0x0xf90c5d+183357]
	(No symbol) [0x0xd736d0]
	(No symbol) [0x0xd72edd]
	GetHandleVerifier [0x0x1307edc+3817148]
	BaseThreadInitThunk [0x0x76235d49+25]
	RtlInitializeExceptionChain [0x0x7716d03b+107]
	RtlGetAppContainerNamedObjectPath [0x0x7716cfc1+561]

2025-06-10 17:42:14,554 - INFO - Iniciando: coletar_advogados_evora
2025-06-10 17:42:14,554 - INFO - Iniciando scraping de advogados...
2025-06-10 17:42:14,555 - ERROR - Erro em coletar_advogados_evora: Message: invalid session id
Stacktrace:
	GetHandleVerifier [0x0xf73763+63299]
	GetHandleVerifier [0x0xf737a4+63364]
	(No symbol) [0x0xda0f70]
	(No symbol) [0x0xddc9a8]
	(No symbol) [0x0xe0e436]
	(No symbol) [0x0xe09f05]
	(No symbol) [0x0xe09486]
	(No symbol) [0x0xd73a05]
	(No symbol) [0x0xd73f5e]
	(No symbol) [0x0xd743ed]
	GetHandleVerifier [0x0x11ce033+2531347]
	GetHandleVerifier [0x0x11c9332+2511634]
	GetHandleVerifier [0x0xf99eda+220858]
	GetHandleVerifier [0x0xf8a528+156936]
	GetHandleVerifier [0x0xf90c5d+183357]
	(No symbol) [0x0xd736d0]
	(No symbol) [0x0xd72edd]
	GetHandleVerifier [0x0x1307edc+3817148]
	BaseThreadInitThunk [0x0x76235d49+25]
	RtlInitializeExceptionChain [0x0x7716d03b+107]
	RtlGetAppContainerNamedObjectPath [0x0x7716cfc1+561]

2025-06-10 17:42:14,555 - INFO - Iniciando: coletar_advogados_faro
2025-06-10 17:42:14,555 - INFO - Iniciando scraping de advogados...
2025-06-10 17:42:14,555 - ERROR - Erro em coletar_advogados_faro: Message: invalid session id
Stacktrace:
	GetHandleVerifier [0x0xf73763+63299]
	GetHandleVerifier [0x0xf737a4+63364]
	(No symbol) [0x0xda0f70]
	(No symbol) [0x0xddc9a8]
	(No symbol) [0x0xe0e436]
	(No symbol) [0x0xe09f05]
	(No symbol) [0x0xe09486]
	(No symbol) [0x0xd73a05]
	(No symbol) [0x0xd73f5e]
	(No symbol) [0x0xd743ed]
	GetHandleVerifier [0x0x11ce033+2531347]
	GetHandleVerifier [0x0x11c9332+2511634]
	GetHandleVerifier [0x0xf99eda+220858]
	GetHandleVerifier [0x0xf8a528+156936]
	GetHandleVerifier [0x0xf90c5d+183357]
	(No symbol) [0x0xd736d0]
	(No symbol) [0x0xd72edd]
	GetHandleVerifier [0x0x1307edc+3817148]
	BaseThreadInitThunk [0x0x76235d49+25]
	RtlInitializeExceptionChain [0x0x7716d03b+107]
	RtlGetAppContainerNamedObjectPath [0x0x7716cfc1+561]

2025-06-10 17:42:14,555 - INFO - Iniciando: coletar_advogados_madeira
2025-06-10 17:42:14,555 - INFO - Iniciando scraping de advogados...
2025-06-10 17:42:14,556 - ERROR - Erro em coletar_advogados_madeira: Message: invalid session id
Stacktrace:
	GetHandleVerifier [0x0xf73763+63299]
	GetHandleVerifier [0x0xf737a4+63364]
	(No symbol) [0x0xda0f70]
	(No symbol) [0x0xddc9a8]
	(No symbol) [0x0xe0e436]
	(No symbol) [0x0xe09f05]
	(No symbol) [0x0xe09486]
	(No symbol) [0x0xd73a05]
	(No symbol) [0x0xd73f5e]
	(No symbol) [0x0xd743ed]
	GetHandleVerifier [0x0x11ce033+2531347]
	GetHandleVerifier [0x0x11c9332+2511634]
	GetHandleVerifier [0x0xf99eda+220858]
	GetHandleVerifier [0x0xf8a528+156936]
	GetHandleVerifier [0x0xf90c5d+183357]
	(No symbol) [0x0xd736d0]
	(No symbol) [0x0xd72edd]
	GetHandleVerifier [0x0x1307edc+3817148]
	BaseThreadInitThunk [0x0x76235d49+25]
	RtlInitializeExceptionChain [0x0x7716d03b+107]
	RtlGetAppContainerNamedObjectPath [0x0x7716cfc1+561]

2025-06-10 17:42:14,556 - INFO - Iniciando: coletar_advogados_acores
2025-06-10 17:42:14,556 - INFO - Iniciando scraping de advogados...
2025-06-10 17:42:14,557 - ERROR - Erro em coletar_advogados_acores: Message: invalid session id
Stacktrace:
	GetHandleVerifier [0x0xf73763+63299]
	GetHandleVerifier [0x0xf737a4+63364]
	(No symbol) [0x0xda0f70]
	(No symbol) [0x0xddc9a8]
	(No symbol) [0x0xe0e436]
	(No symbol) [0x0xe09f05]
	(No symbol) [0x0xe09486]
	(No symbol) [0x0xd73a05]
	(No symbol) [0x0xd73f5e]
	(No symbol) [0x0xd743ed]
	GetHandleVerifier [0x0x11ce033+2531347]
	GetHandleVerifier [0x0x11c9332+2511634]
	GetHandleVerifier [0x0xf99eda+220858]
	GetHandleVerifier [0x0xf8a528+156936]
	GetHandleVerifier [0x0xf90c5d+183357]
	(No symbol) [0x0xd736d0]
	(No symbol) [0x0xd72edd]
	GetHandleVerifier [0x0x1307edc+3817148]
	BaseThreadInitThunk [0x0x76235d49+25]
	RtlInitializeExceptionChain [0x0x7716d03b+107]
	RtlGetAppContainerNamedObjectPath [0x0x7716cfc1+561]

2025-06-10 17:42:14,557 - INFO - Iniciando: coletar_advogados_braga
2025-06-10 17:42:14,557 - INFO - Iniciando scraping de advogados...
2025-06-10 17:42:14,557 - ERROR - Erro em coletar_advogados_braga: Message: invalid session id
Stacktrace:
	GetHandleVerifier [0x0xf73763+63299]
	GetHandleVerifier [0x0xf737a4+63364]
	(No symbol) [0x0xda0f70]
	(No symbol) [0x0xddc9a8]
	(No symbol) [0x0xe0e436]
	(No symbol) [0x0xe09f05]
	(No symbol) [0x0xe09486]
	(No symbol) [0x0xd73a05]
	(No symbol) [0x0xd73f5e]
	(No symbol) [0x0xd743ed]
	GetHandleVerifier [0x0x11ce033+2531347]
	GetHandleVerifier [0x0x11c9332+2511634]
	GetHandleVerifier [0x0xf99eda+220858]
	GetHandleVerifier [0x0xf8a528+156936]
	GetHandleVerifier [0x0xf90c5d+183357]
	(No symbol) [0x0xd736d0]
	(No symbol) [0x0xd72edd]
	GetHandleVerifier [0x0x1307edc+3817148]
	BaseThreadInitThunk [0x0x76235d49+25]
	RtlInitializeExceptionChain [0x0x7716d03b+107]
	RtlGetAppContainerNamedObjectPath [0x0x7716cfc1+561]

2025-06-10 17:42:14,558 - INFO - Iniciando: coletar_sociedades_lisboa
2025-06-10 17:42:14,558 - INFO - Iniciando scraping de sociedades de advogados de lisboa...
2025-06-10 17:42:14,558 - ERROR - Erro em coletar_sociedades_lisboa: Message: invalid session id
Stacktrace:
	GetHandleVerifier [0x0xf73763+63299]
	GetHandleVerifier [0x0xf737a4+63364]
	(No symbol) [0x0xda0f70]
	(No symbol) [0x0xddc9a8]
	(No symbol) [0x0xe0e436]
	(No symbol) [0x0xe09f05]
	(No symbol) [0x0xe09486]
	(No symbol) [0x0xd73a05]
	(No symbol) [0x0xd73f5e]
	(No symbol) [0x0xd743ed]
	GetHandleVerifier [0x0x11ce033+2531347]
	GetHandleVerifier [0x0x11c9332+2511634]
	GetHandleVerifier [0x0xf99eda+220858]
	GetHandleVerifier [0x0xf8a528+156936]
	GetHandleVerifier [0x0xf90c5d+183357]
	(No symbol) [0x0xd736d0]
	(No symbol) [0x0xd72edd]
	GetHandleVerifier [0x0x1307edc+3817148]
	BaseThreadInitThunk [0x0x76235d49+25]
	RtlInitializeExceptionChain [0x0x7716d03b+107]
	RtlGetAppContainerNamedObjectPath [0x0x7716cfc1+561]

2025-06-10 17:42:14,558 - INFO - Iniciando: coletar_sociedades_porto
2025-06-10 17:42:14,558 - INFO - Iniciando scraping de sociedades de advogados do porto...
2025-06-10 17:42:14,559 - ERROR - Erro em coletar_sociedades_porto: Message: invalid session id
Stacktrace:
	GetHandleVerifier [0x0xf73763+63299]
	GetHandleVerifier [0x0xf737a4+63364]
	(No symbol) [0x0xda0f70]
	(No symbol) [0x0xddc9a8]
	(No symbol) [0x0xe0e436]
	(No symbol) [0x0xe09f05]
	(No symbol) [0x0xe09486]
	(No symbol) [0x0xd73a05]
	(No symbol) [0x0xd73f5e]
	(No symbol) [0x0xd743ed]
	GetHandleVerifier [0x0x11ce033+2531347]
	GetHandleVerifier [0x0x11c9332+2511634]
	GetHandleVerifier [0x0xf99eda+220858]
	GetHandleVerifier [0x0xf8a528+156936]
	GetHandleVerifier [0x0xf90c5d+183357]
	(No symbol) [0x0xd736d0]
	(No symbol) [0x0xd72edd]
	GetHandleVerifier [0x0x1307edc+3817148]
	BaseThreadInitThunk [0x0x76235d49+25]
	RtlInitializeExceptionChain [0x0x7716d03b+107]
	RtlGetAppContainerNamedObjectPath [0x0x7716cfc1+561]

2025-06-10 17:42:14,559 - INFO - Iniciando: coletar_sociedades_coimbra
2025-06-10 17:42:14,559 - INFO - Iniciando scraping de sociedades de advogados de coimbra...
2025-06-10 17:42:14,560 - ERROR - Erro em coletar_sociedades_coimbra: Message: invalid session id
Stacktrace:
	GetHandleVerifier [0x0xf73763+63299]
	GetHandleVerifier [0x0xf737a4+63364]
	(No symbol) [0x0xda0f70]
	(No symbol) [0x0xddc9a8]
	(No symbol) [0x0xe0e436]
	(No symbol) [0x0xe09f05]
	(No symbol) [0x0xe09486]
	(No symbol) [0x0xd73a05]
	(No symbol) [0x0xd73f5e]
	(No symbol) [0x0xd743ed]
	GetHandleVerifier [0x0x11ce033+2531347]
	GetHandleVerifier [0x0x11c9332+2511634]
	GetHandleVerifier [0x0xf99eda+220858]
	GetHandleVerifier [0x0xf8a528+156936]
	GetHandleVerifier [0x0xf90c5d+183357]
	(No symbol) [0x0xd736d0]
	(No symbol) [0x0xd72edd]
	GetHandleVerifier [0x0x1307edc+3817148]
	BaseThreadInitThunk [0x0x76235d49+25]
	RtlInitializeExceptionChain [0x0x7716d03b+107]
	RtlGetAppContainerNamedObjectPath [0x0x7716cfc1+561]

2025-06-10 17:42:14,560 - INFO - Iniciando: coletar_sociedades_evora
2025-06-10 17:42:14,560 - INFO - Iniciando scraping de sociedades de advogados de evora...
2025-06-10 17:42:14,561 - ERROR - Erro em coletar_sociedades_evora: Message: invalid session id
Stacktrace:
	GetHandleVerifier [0x0xf73763+63299]
	GetHandleVerifier [0x0xf737a4+63364]
	(No symbol) [0x0xda0f70]
	(No symbol) [0x0xddc9a8]
	(No symbol) [0x0xe0e436]
	(No symbol) [0x0xe09f05]
	(No symbol) [0x0xe09486]
	(No symbol) [0x0xd73a05]
	(No symbol) [0x0xd73f5e]
	(No symbol) [0x0xd743ed]
	GetHandleVerifier [0x0x11ce033+2531347]
	GetHandleVerifier [0x0x11c9332+2511634]
	GetHandleVerifier [0x0xf99eda+220858]
	GetHandleVerifier [0x0xf8a528+156936]
	GetHandleVerifier [0x0xf90c5d+183357]
	(No symbol) [0x0xd736d0]
	(No symbol) [0x0xd72edd]
	GetHandleVerifier [0x0x1307edc+3817148]
	BaseThreadInitThunk [0x0x76235d49+25]
	RtlInitializeExceptionChain [0x0x7716d03b+107]
	RtlGetAppContainerNamedObjectPath [0x0x7716cfc1+561]

2025-06-10 17:42:14,561 - INFO - Iniciando: coletar_sociedades_faro
2025-06-10 17:42:14,561 - INFO - Iniciando scraping de sociedades de advogados de faro...
2025-06-10 17:42:14,562 - ERROR - Erro em coletar_sociedades_faro: Message: invalid session id
Stacktrace:
	GetHandleVerifier [0x0xf73763+63299]
	GetHandleVerifier [0x0xf737a4+63364]
	(No symbol) [0x0xda0f70]
	(No symbol) [0x0xddc9a8]
	(No symbol) [0x0xe0e436]
	(No symbol) [0x0xe09f05]
	(No symbol) [0x0xe09486]
	(No symbol) [0x0xd73a05]
	(No symbol) [0x0xd73f5e]
	(No symbol) [0x0xd743ed]
	GetHandleVerifier [0x0x11ce033+2531347]
	GetHandleVerifier [0x0x11c9332+2511634]
	GetHandleVerifier [0x0xf99eda+220858]
	GetHandleVerifier [0x0xf8a528+156936]
	GetHandleVerifier [0x0xf90c5d+183357]
	(No symbol) [0x0xd736d0]
	(No symbol) [0x0xd72edd]
	GetHandleVerifier [0x0x1307edc+3817148]
	BaseThreadInitThunk [0x0x76235d49+25]
	RtlInitializeExceptionChain [0x0x7716d03b+107]
	RtlGetAppContainerNamedObjectPath [0x0x7716cfc1+561]

2025-06-10 17:42:14,562 - INFO - Iniciando: coletar_sociedades_madeira
2025-06-10 17:42:14,562 - INFO - Iniciando scraping de sociedades de advogados da madeira...
2025-06-10 17:42:14,563 - ERROR - Erro em coletar_sociedades_madeira: Message: invalid session id
Stacktrace:
	GetHandleVerifier [0x0xf73763+63299]
	GetHandleVerifier [0x0xf737a4+63364]
	(No symbol) [0x0xda0f70]
	(No symbol) [0x0xddc9a8]
	(No symbol) [0x0xe0e436]
	(No symbol) [0x0xe09f05]
	(No symbol) [0x0xe09486]
	(No symbol) [0x0xd73a05]
	(No symbol) [0x0xd73f5e]
	(No symbol) [0x0xd743ed]
	GetHandleVerifier [0x0x11ce033+2531347]
	GetHandleVerifier [0x0x11c9332+2511634]
	GetHandleVerifier [0x0xf99eda+220858]
	GetHandleVerifier [0x0xf8a528+156936]
	GetHandleVerifier [0x0xf90c5d+183357]
	(No symbol) [0x0xd736d0]
	(No symbol) [0x0xd72edd]
	GetHandleVerifier [0x0x1307edc+3817148]
	BaseThreadInitThunk [0x0x76235d49+25]
	RtlInitializeExceptionChain [0x0x7716d03b+107]
	RtlGetAppContainerNamedObjectPath [0x0x7716cfc1+561]

2025-06-10 17:42:14,563 - INFO - Iniciando: coletar_sociedades_acores
2025-06-10 17:42:14,563 - INFO - Iniciando scraping de sociedades de advogados da madeira...
2025-06-10 17:42:14,563 - ERROR - Erro em coletar_sociedades_acores: Message: invalid session id
Stacktrace:
	GetHandleVerifier [0x0xf73763+63299]
	GetHandleVerifier [0x0xf737a4+63364]
	(No symbol) [0x0xda0f70]
	(No symbol) [0x0xddc9a8]
	(No symbol) [0x0xe0e436]
	(No symbol) [0x0xe09f05]
	(No symbol) [0x0xe09486]
	(No symbol) [0x0xd73a05]
	(No symbol) [0x0xd73f5e]
	(No symbol) [0x0xd743ed]
	GetHandleVerifier [0x0x11ce033+2531347]
	GetHandleVerifier [0x0x11c9332+2511634]
	GetHandleVerifier [0x0xf99eda+220858]
	GetHandleVerifier [0x0xf8a528+156936]
	GetHandleVerifier [0x0xf90c5d+183357]
	(No symbol) [0x0xd736d0]
	(No symbol) [0x0xd72edd]
	GetHandleVerifier [0x0x1307edc+3817148]
	BaseThreadInitThunk [0x0x76235d49+25]
	RtlInitializeExceptionChain [0x0x7716d03b+107]
	RtlGetAppContainerNamedObjectPath [0x0x7716cfc1+561]

2025-06-10 17:42:14,563 - INFO - Iniciando: coletar_sociedades_braga
2025-06-10 17:42:14,563 - INFO - Iniciando scraping de sociedades de advogados da madeira...
2025-06-10 17:42:14,564 - ERROR - Erro em coletar_sociedades_braga: Message: invalid session id
Stacktrace:
	GetHandleVerifier [0x0xf73763+63299]
	GetHandleVerifier [0x0xf737a4+63364]
	(No symbol) [0x0xda0f70]
	(No symbol) [0x0xddc9a8]
	(No symbol) [0x0xe0e436]
	(No symbol) [0x0xe09f05]
	(No symbol) [0x0xe09486]
	(No symbol) [0x0xd73a05]
	(No symbol) [0x0xd73f5e]
	(No symbol) [0x0xd743ed]
	GetHandleVerifier [0x0x11ce033+2531347]
	GetHandleVerifier [0x0x11c9332+2511634]
	GetHandleVerifier [0x0xf99eda+220858]
	GetHandleVerifier [0x0xf8a528+156936]
	GetHandleVerifier [0x0xf90c5d+183357]
	(No symbol) [0x0xd736d0]
	(No symbol) [0x0xd72edd]
	GetHandleVerifier [0x0x1307edc+3817148]
	BaseThreadInitThunk [0x0x76235d49+25]
	RtlInitializeExceptionChain [0x0x7716d03b+107]
	RtlGetAppContainerNamedObjectPath [0x0x7716cfc1+561]

2025-06-10 17:42:14,564 - INFO - Iniciando: coletar_estagiarios_lisboa
2025-06-10 17:42:14,564 - INFO - Iniciando scraping de estagiários...
2025-06-10 17:42:14,566 - ERROR - Erro em coletar_estagiarios_lisboa: Message: invalid session id
Stacktrace:
	GetHandleVerifier [0x0xf73763+63299]
	GetHandleVerifier [0x0xf737a4+63364]
	(No symbol) [0x0xda0f70]
	(No symbol) [0x0xddc9a8]
	(No symbol) [0x0xe0e436]
	(No symbol) [0x0xe09f05]
	(No symbol) [0x0xe09486]
	(No symbol) [0x0xd73a05]
	(No symbol) [0x0xd73f5e]
	(No symbol) [0x0xd743ed]
	GetHandleVerifier [0x0x11ce033+2531347]
	GetHandleVerifier [0x0x11c9332+2511634]
	GetHandleVerifier [0x0xf99eda+220858]
	GetHandleVerifier [0x0xf8a528+156936]
	GetHandleVerifier [0x0xf90c5d+183357]
	(No symbol) [0x0xd736d0]
	(No symbol) [0x0xd72edd]
	GetHandleVerifier [0x0x1307edc+3817148]
	BaseThreadInitThunk [0x0x76235d49+25]
	RtlInitializeExceptionChain [0x0x7716d03b+107]
	RtlGetAppContainerNamedObjectPath [0x0x7716cfc1+561]

2025-06-10 17:42:14,566 - INFO - Iniciando: coletar_estagiarios_porto
2025-06-10 17:42:14,566 - INFO - Iniciando scraping de estagiários...
2025-06-10 17:42:14,566 - ERROR - Erro em coletar_estagiarios_porto: Message: invalid session id
Stacktrace:
	GetHandleVerifier [0x0xf73763+63299]
	GetHandleVerifier [0x0xf737a4+63364]
	(No symbol) [0x0xda0f70]
	(No symbol) [0x0xddc9a8]
	(No symbol) [0x0xe0e436]
	(No symbol) [0x0xe09f05]
	(No symbol) [0x0xe09486]
	(No symbol) [0x0xd73a05]
	(No symbol) [0x0xd73f5e]
	(No symbol) [0x0xd743ed]
	GetHandleVerifier [0x0x11ce033+2531347]
	GetHandleVerifier [0x0x11c9332+2511634]
	GetHandleVerifier [0x0xf99eda+220858]
	GetHandleVerifier [0x0xf8a528+156936]
	GetHandleVerifier [0x0xf90c5d+183357]
	(No symbol) [0x0xd736d0]
	(No symbol) [0x0xd72edd]
	GetHandleVerifier [0x0x1307edc+3817148]
	BaseThreadInitThunk [0x0x76235d49+25]
	RtlInitializeExceptionChain [0x0x7716d03b+107]
	RtlGetAppContainerNamedObjectPath [0x0x7716cfc1+561]

2025-06-10 17:42:14,566 - INFO - Iniciando: coletar_estagiarios_coimbra
2025-06-10 17:42:14,566 - INFO - Iniciando scraping de estagiários...
2025-06-10 17:42:14,567 - ERROR - Erro em coletar_estagiarios_coimbra: Message: invalid session id
Stacktrace:
	GetHandleVerifier [0x0xf73763+63299]
	GetHandleVerifier [0x0xf737a4+63364]
	(No symbol) [0x0xda0f70]
	(No symbol) [0x0xddc9a8]
	(No symbol) [0x0xe0e436]
	(No symbol) [0x0xe09f05]
	(No symbol) [0x0xe09486]
	(No symbol) [0x0xd73a05]
	(No symbol) [0x0xd73f5e]
	(No symbol) [0x0xd743ed]
	GetHandleVerifier [0x0x11ce033+2531347]
	GetHandleVerifier [0x0x11c9332+2511634]
	GetHandleVerifier [0x0xf99eda+220858]
	GetHandleVerifier [0x0xf8a528+156936]
	GetHandleVerifier [0x0xf90c5d+183357]
	(No symbol) [0x0xd736d0]
	(No symbol) [0x0xd72edd]
	GetHandleVerifier [0x0x1307edc+3817148]
	BaseThreadInitThunk [0x0x76235d49+25]
	RtlInitializeExceptionChain [0x0x7716d03b+107]
	RtlGetAppContainerNamedObjectPath [0x0x7716cfc1+561]

2025-06-10 17:42:14,567 - INFO - Iniciando: coletar_estagiarios_evora
2025-06-10 17:42:14,567 - INFO - Iniciando scraping de estagiários...
2025-06-10 17:42:14,567 - ERROR - Erro em coletar_estagiarios_evora: Message: invalid session id
Stacktrace:
	GetHandleVerifier [0x0xf73763+63299]
	GetHandleVerifier [0x0xf737a4+63364]
	(No symbol) [0x0xda0f70]
	(No symbol) [0x0xddc9a8]
	(No symbol) [0x0xe0e436]
	(No symbol) [0x0xe09f05]
	(No symbol) [0x0xe09486]
	(No symbol) [0x0xd73a05]
	(No symbol) [0x0xd73f5e]
	(No symbol) [0x0xd743ed]
	GetHandleVerifier [0x0x11ce033+2531347]
	GetHandleVerifier [0x0x11c9332+2511634]
	GetHandleVerifier [0x0xf99eda+220858]
	GetHandleVerifier [0x0xf8a528+156936]
	GetHandleVerifier [0x0xf90c5d+183357]
	(No symbol) [0x0xd736d0]
	(No symbol) [0x0xd72edd]
	GetHandleVerifier [0x0x1307edc+3817148]
	BaseThreadInitThunk [0x0x76235d49+25]
	RtlInitializeExceptionChain [0x0x7716d03b+107]
	RtlGetAppContainerNamedObjectPath [0x0x7716cfc1+561]

2025-06-10 17:42:14,567 - INFO - Iniciando: coletar_estagiarios_faro
2025-06-10 17:42:14,567 - INFO - Iniciando scraping de estagiários...
2025-06-10 17:42:14,568 - ERROR - Erro em coletar_estagiarios_faro: Message: invalid session id
Stacktrace:
	GetHandleVerifier [0x0xf73763+63299]
	GetHandleVerifier [0x0xf737a4+63364]
	(No symbol) [0x0xda0f70]
	(No symbol) [0x0xddc9a8]
	(No symbol) [0x0xe0e436]
	(No symbol) [0x0xe09f05]
	(No symbol) [0x0xe09486]
	(No symbol) [0x0xd73a05]
	(No symbol) [0x0xd73f5e]
	(No symbol) [0x0xd743ed]
	GetHandleVerifier [0x0x11ce033+2531347]
	GetHandleVerifier [0x0x11c9332+2511634]
	GetHandleVerifier [0x0xf99eda+220858]
	GetHandleVerifier [0x0xf8a528+156936]
	GetHandleVerifier [0x0xf90c5d+183357]
	(No symbol) [0x0xd736d0]
	(No symbol) [0x0xd72edd]
	GetHandleVerifier [0x0x1307edc+3817148]
	BaseThreadInitThunk [0x0x76235d49+25]
	RtlInitializeExceptionChain [0x0x7716d03b+107]
	RtlGetAppContainerNamedObjectPath [0x0x7716cfc1+561]

2025-06-10 17:42:14,568 - INFO - Iniciando: coletar_estagiarios_madeira
2025-06-10 17:42:14,568 - INFO - Iniciando scraping de estagiários...
2025-06-10 17:42:14,568 - ERROR - Erro em coletar_estagiarios_madeira: Message: invalid session id
Stacktrace:
	GetHandleVerifier [0x0xf73763+63299]
	GetHandleVerifier [0x0xf737a4+63364]
	(No symbol) [0x0xda0f70]
	(No symbol) [0x0xddc9a8]
	(No symbol) [0x0xe0e436]
	(No symbol) [0x0xe09f05]
	(No symbol) [0x0xe09486]
	(No symbol) [0x0xd73a05]
	(No symbol) [0x0xd73f5e]
	(No symbol) [0x0xd743ed]
	GetHandleVerifier [0x0x11ce033+2531347]
	GetHandleVerifier [0x0x11c9332+2511634]
	GetHandleVerifier [0x0xf99eda+220858]
	GetHandleVerifier [0x0xf8a528+156936]
	GetHandleVerifier [0x0xf90c5d+183357]
	(No symbol) [0x0xd736d0]
	(No symbol) [0x0xd72edd]
	GetHandleVerifier [0x0x1307edc+3817148]
	BaseThreadInitThunk [0x0x76235d49+25]
	RtlInitializeExceptionChain [0x0x7716d03b+107]
	RtlGetAppContainerNamedObjectPath [0x0x7716cfc1+561]

2025-06-10 17:42:14,569 - INFO - Iniciando: coletar_estagiarios_acores
2025-06-10 17:42:14,569 - INFO - Iniciando scraping de estagiários...
2025-06-10 17:42:14,569 - ERROR - Erro em coletar_estagiarios_acores: Message: invalid session id
Stacktrace:
	GetHandleVerifier [0x0xf73763+63299]
	GetHandleVerifier [0x0xf737a4+63364]
	(No symbol) [0x0xda0f70]
	(No symbol) [0x0xddc9a8]
	(No symbol) [0x0xe0e436]
	(No symbol) [0x0xe09f05]
	(No symbol) [0x0xe09486]
	(No symbol) [0x0xd73a05]
	(No symbol) [0x0xd73f5e]
	(No symbol) [0x0xd743ed]
	GetHandleVerifier [0x0x11ce033+2531347]
	GetHandleVerifier [0x0x11c9332+2511634]
	GetHandleVerifier [0x0xf99eda+220858]
	GetHandleVerifier [0x0xf8a528+156936]
	GetHandleVerifier [0x0xf90c5d+183357]
	(No symbol) [0x0xd736d0]
	(No symbol) [0x0xd72edd]
	GetHandleVerifier [0x0x1307edc+3817148]
	BaseThreadInitThunk [0x0x76235d49+25]
	RtlInitializeExceptionChain [0x0x7716d03b+107]
	RtlGetAppContainerNamedObjectPath [0x0x7716cfc1+561]

2025-06-10 17:42:14,569 - INFO - Iniciando: coletar_estagiarios_braga
2025-06-10 17:42:14,569 - INFO - Iniciando scraping de estagiários...
2025-06-10 17:42:14,569 - ERROR - Erro em coletar_estagiarios_braga: Message: invalid session id
Stacktrace:
	GetHandleVerifier [0x0xf73763+63299]
	GetHandleVerifier [0x0xf737a4+63364]
	(No symbol) [0x0xda0f70]
	(No symbol) [0x0xddc9a8]
	(No symbol) [0x0xe0e436]
	(No symbol) [0x0xe09f05]
	(No symbol) [0x0xe09486]
	(No symbol) [0x0xd73a05]
	(No symbol) [0x0xd73f5e]
	(No symbol) [0x0xd743ed]
	GetHandleVerifier [0x0x11ce033+2531347]
	GetHandleVerifier [0x0x11c9332+2511634]
	GetHandleVerifier [0x0xf99eda+220858]
	GetHandleVerifier [0x0xf8a528+156936]
	GetHandleVerifier [0x0xf90c5d+183357]
	(No symbol) [0x0xd736d0]
	(No symbol) [0x0xd72edd]
	GetHandleVerifier [0x0x1307edc+3817148]
	BaseThreadInitThunk [0x0x76235d49+25]
	RtlInitializeExceptionChain [0x0x7716d03b+107]
	RtlGetAppContainerNamedObjectPath [0x0x7716cfc1+561]

2025-06-10 17:42:14,569 - INFO - Iniciando: scrape_osae
2025-06-10 17:42:14,569 - INFO - Iniciando scraping de agentes de execução...
2025-06-10 17:42:14,571 - ERROR - Erro durante o scraping: Message: invalid session id
Stacktrace:
	GetHandleVerifier [0x0xf73763+63299]
	GetHandleVerifier [0x0xf737a4+63364]
	(No symbol) [0x0xda0f70]
	(No symbol) [0x0xddc9a8]
	(No symbol) [0x0xe0e436]
	(No symbol) [0x0xe09f05]
	(No symbol) [0x0xe09486]
	(No symbol) [0x0xd73a05]
	(No symbol) [0x0xd73f5e]
	(No symbol) [0x0xd743ed]
	GetHandleVerifier [0x0x11ce033+2531347]
	GetHandleVerifier [0x0x11c9332+2511634]
	GetHandleVerifier [0x0xf99eda+220858]
	GetHandleVerifier [0x0xf8a528+156936]
	GetHandleVerifier [0x0xf90c5d+183357]
	(No symbol) [0x0xd736d0]
	(No symbol) [0x0xd72edd]
	GetHandleVerifier [0x0x1307edc+3817148]
	BaseThreadInitThunk [0x0x76235d49+25]
	RtlInitializeExceptionChain [0x0x7716d03b+107]
	RtlGetAppContainerNamedObjectPath [0x0x7716cfc1+561]

2025-06-10 17:42:14,572 - ERROR - Erro em scrape_osae: Message: invalid session id
Stacktrace:
	GetHandleVerifier [0x0xf73763+63299]
	GetHandleVerifier [0x0xf737a4+63364]
	(No symbol) [0x0xda0f70]
	(No symbol) [0x0xddc9a8]
	(No symbol) [0x0xe0e436]
	(No symbol) [0x0xe09f05]
	(No symbol) [0x0xe09486]
	(No symbol) [0x0xd73a05]
	(No symbol) [0x0xd73f5e]
	(No symbol) [0x0xd743ed]
	GetHandleVerifier [0x0x11ce033+2531347]
	GetHandleVerifier [0x0x11c9332+2511634]
	GetHandleVerifier [0x0xf99eda+220858]
	GetHandleVerifier [0x0xf8a528+156936]
	GetHandleVerifier [0x0xf90c5d+183357]
	(No symbol) [0x0xd736d0]
	(No symbol) [0x0xd72edd]
	GetHandleVerifier [0x0x1307edc+3817148]
	BaseThreadInitThunk [0x0x76235d49+25]
	RtlInitializeExceptionChain [0x0x7716d03b+107]
	RtlGetAppContainerNamedObjectPath [0x0x7716cfc1+561]

2025-06-10 17:42:14,572 - INFO - Iniciando: scrape_osae_sociedades
2025-06-10 17:42:14,572 - INFO - Iniciando scraping de sociedades de execução...
2025-06-10 17:42:14,573 - ERROR - Erro durante o scraping de sociedades: Message: invalid session id
Stacktrace:
	GetHandleVerifier [0x0xf73763+63299]
	GetHandleVerifier [0x0xf737a4+63364]
	(No symbol) [0x0xda0f70]
	(No symbol) [0x0xddc9a8]
	(No symbol) [0x0xe0e436]
	(No symbol) [0x0xe09f05]
	(No symbol) [0x0xe09486]
	(No symbol) [0x0xd73a05]
	(No symbol) [0x0xd73f5e]
	(No symbol) [0x0xd743ed]
	GetHandleVerifier [0x0x11ce033+2531347]
	GetHandleVerifier [0x0x11c9332+2511634]
	GetHandleVerifier [0x0xf99eda+220858]
	GetHandleVerifier [0x0xf8a528+156936]
	GetHandleVerifier [0x0xf90c5d+183357]
	(No symbol) [0x0xd736d0]
	(No symbol) [0x0xd72edd]
	GetHandleVerifier [0x0x1307edc+3817148]
	BaseThreadInitThunk [0x0x76235d49+25]
	RtlInitializeExceptionChain [0x0x7716d03b+107]
	RtlGetAppContainerNamedObjectPath [0x0x7716cfc1+561]

2025-06-10 17:42:14,573 - ERROR - Erro em scrape_osae_sociedades: Message: invalid session id
Stacktrace:
	GetHandleVerifier [0x0xf73763+63299]
	GetHandleVerifier [0x0xf737a4+63364]
	(No symbol) [0x0xda0f70]
	(No symbol) [0x0xddc9a8]
	(No symbol) [0x0xe0e436]
	(No symbol) [0x0xe09f05]
	(No symbol) [0x0xe09486]
	(No symbol) [0x0xd73a05]
	(No symbol) [0x0xd73f5e]
	(No symbol) [0x0xd743ed]
	GetHandleVerifier [0x0x11ce033+2531347]
	GetHandleVerifier [0x0x11c9332+2511634]
	GetHandleVerifier [0x0xf99eda+220858]
	GetHandleVerifier [0x0xf8a528+156936]
	GetHandleVerifier [0x0xf90c5d+183357]
	(No symbol) [0x0xd736d0]
	(No symbol) [0x0xd72edd]
	GetHandleVerifier [0x0x1307edc+3817148]
	BaseThreadInitThunk [0x0x76235d49+25]
	RtlInitializeExceptionChain [0x0x7716d03b+107]
	RtlGetAppContainerNamedObjectPath [0x0x7716cfc1+561]

2025-06-10 17:42:14,573 - INFO - Iniciando: coletar_advogados_angola
2025-06-10 17:42:14,573 - INFO - Iniciando scraping de advogados de Angola...
2025-06-10 17:42:14,574 - ERROR - Erro ao carregar dados de advogados de Angola: Message: invalid session id
Stacktrace:
	GetHandleVerifier [0x0xf73763+63299]
	GetHandleVerifier [0x0xf737a4+63364]
	(No symbol) [0x0xda0f70]
	(No symbol) [0x0xddc9a8]
	(No symbol) [0x0xe0e436]
	(No symbol) [0x0xe09f05]
	(No symbol) [0x0xe09486]
	(No symbol) [0x0xd73a05]
	(No symbol) [0x0xd73f5e]
	(No symbol) [0x0xd743ed]
	GetHandleVerifier [0x0x11ce033+2531347]
	GetHandleVerifier [0x0x11c9332+2511634]
	GetHandleVerifier [0x0xf99eda+220858]
	GetHandleVerifier [0x0xf8a528+156936]
	GetHandleVerifier [0x0xf90c5d+183357]
	(No symbol) [0x0xd736d0]
	(No symbol) [0x0xd72edd]
	GetHandleVerifier [0x0x1307edc+3817148]
	BaseThreadInitThunk [0x0x76235d49+25]
	RtlInitializeExceptionChain [0x0x7716d03b+107]
	RtlGetAppContainerNamedObjectPath [0x0x7716cfc1+561]

2025-06-10 17:42:14,576 - ERROR - Erro em coletar_advogados_angola: Message: invalid session id
Stacktrace:
	GetHandleVerifier [0x0xf73763+63299]
	GetHandleVerifier [0x0xf737a4+63364]
	(No symbol) [0x0xda0f70]
	(No symbol) [0x0xddc9a8]
	(No symbol) [0x0xe0e436]
	(No symbol) [0x0xe09f05]
	(No symbol) [0x0xe09486]
	(No symbol) [0x0xd73a05]
	(No symbol) [0x0xd73f5e]
	(No symbol) [0x0xd743ed]
	GetHandleVerifier [0x0x11ce033+2531347]
	GetHandleVerifier [0x0x11c9332+2511634]
	GetHandleVerifier [0x0xf99eda+220858]
	GetHandleVerifier [0x0xf8a528+156936]
	GetHandleVerifier [0x0xf90c5d+183357]
	(No symbol) [0x0xd736d0]
	(No symbol) [0x0xd72edd]
	GetHandleVerifier [0x0x1307edc+3817148]
	BaseThreadInitThunk [0x0x76235d49+25]
	RtlInitializeExceptionChain [0x0x7716d03b+107]
	RtlGetAppContainerNamedObjectPath [0x0x7716cfc1+561]

2025-06-10 17:42:16,616 - INFO - Conexão com o banco de dados fechada.
