2025-06-05 18:30:51,951 - INFO - Iniciando o script de scraping...
2025-06-05 18:30:51,959 - INFO - Conexão com o banco de dados estabelecida!
2025-06-05 18:30:51,962 - INFO - ====== WebDriver manager ======
2025-06-05 18:30:52,790 - INFO - Get LATEST chromedriver version for google-chrome
2025-06-05 18:30:52,832 - INFO - Get LATEST chromedriver version for google-chrome
2025-06-05 18:30:52,867 - INFO - Driver [C:\Users\david\.wdm\drivers\chromedriver\win64\137.0.7151.68\chromedriver-win32/chromedriver.exe] found in cache
2025-06-05 18:30:54,046 - INFO - Iniciando: coletar_sociedades
2025-06-05 18:30:54,046 - INFO - Iniciando scraping de sociedades de advogados...
2025-06-05 18:31:14,024 - ERROR - Erro ao clicar no botão de pesquisa para https://portal.oa.pt/advogados/pesquisa-de-sociedades-de-advogados/?cg=L&r=&n=&lo=&m=&cp=&op=&o=0: Message: 

2025-06-05 18:31:14,031 - WARNING - Não foi possível determinar o total de páginas.
2025-06-05 18:31:27,978 - INFO - Executando query: 
            INSERT INTO advogados (name, cedula, conselho, morada, estado, telefone, email, site, tipo)
            VALUES (“WL – Work in Law, Albuquerque da Fonseca, Maria João Pereira, Tomaz Cameira, Sandra Torres e Associados, Sociedade de Advogados, SP, RL, N/D, Lisboa, Av. 5 de Outubro, n.º 15 - r/c, N/D, +351211390406, mariajoaopereira-6715l@adv.oa.pt, https://portal.oa.pt/advogados/pesquisa-de-sociedades-de-advogados/?cg=L&r=&n=&lo=&m=&cp=&op=&o=0, sociedade)
        
2025-06-05 18:31:27,992 - INFO - Executando query: 
            INSERT INTO advogados (name, cedula, conselho, morada, estado, telefone, email, site, tipo)
            VALUES (A. BORGES PIRES, SANTOS PEREIRA & ASSOCIADOS, SOCIEDADE DE ADVOGADOS SP, RL, N/D, Lisboa, R. Tierno Galvan, Amoreiras, Torre 3 - 5º.Piso - Sala  511, N/D, +351212454262, geral@abpa.pt, https://portal.oa.pt/advogados/pesquisa-de-sociedades-de-advogados/?cg=L&r=&n=&lo=&m=&cp=&op=&o=0, sociedade)
        
2025-06-05 18:31:27,999 - INFO - Executando query: 
            INSERT INTO advogados (name, cedula, conselho, morada, estado, telefone, email, site, tipo)
            VALUES (A. ESPÍRITO SANTO, F. ARAÚJO BARRIGAS & ASSOCIADOS-SOCIEDADE DE ADVOGADOS RL, N/D, Lisboa, Av. Fontes Pereira de Melo, n.º 25 - 5º esquerdo, N/D, +351213121140, advogados@sbm-advogados.com.pt, https://portal.oa.pt/advogados/pesquisa-de-sociedades-de-advogados/?cg=L&r=&n=&lo=&m=&cp=&op=&o=0, sociedade)
        
2025-06-05 18:31:28,005 - INFO - Executando query: 
            INSERT INTO advogados (name, cedula, conselho, morada, estado, telefone, email, site, tipo)
            VALUES (A. J. MARTINS, T. DUARTE, M. RESENDE & ASSOCIADOS-SOCIEDADE DE ADVOGADOS, SP, RL, N/D, Lisboa, Av. da República, n.º 49 - 2º, N/D, +351213584110, atmj@atmj.pt, https://portal.oa.pt/advogados/pesquisa-de-sociedades-de-advogados/?cg=L&r=&n=&lo=&m=&cp=&op=&o=0, sociedade)
        
2025-06-05 18:31:28,012 - INFO - Executando query: 
            INSERT INTO advogados (name, cedula, conselho, morada, estado, telefone, email, site, tipo)
            VALUES (A. M. MOURA & ASSOCIADOS - SOCIEDADE DE ADVOGADOS, SP, RL, N/D, Lisboa, Rua Tierno Galvan, Torre 3, 7º - 705, N/D, N/D, adelaide.moura-7463l@adv.oa.pt, https://portal.oa.pt/advogados/pesquisa-de-sociedades-de-advogados/?cg=L&r=&n=&lo=&m=&cp=&op=&o=0, sociedade)
        
2025-06-05 18:31:28,018 - INFO - Executando query: 
            INSERT INTO advogados (name, cedula, conselho, morada, estado, telefone, email, site, tipo)
            VALUES (A. PAIVA & ASSOCIADOS - SOCIEDADE DE ADVOGADOS, SP, RL, N/D, Lisboa, Av. Marginal, 6068, N/D, +351214669317, a.paiva.lawyers@mail.telepac.pt, https://portal.oa.pt/advogados/pesquisa-de-sociedades-de-advogados/?cg=L&r=&n=&lo=&m=&cp=&op=&o=0, sociedade)
        
2025-06-05 18:31:28,025 - INFO - Executando query: 
            INSERT INTO advogados (name, cedula, conselho, morada, estado, telefone, email, site, tipo)
            VALUES (A. PAULO SANTOS, MARIA DOS ANJOS REIS & ASSOCIADOS - SOCIEDADE DE ADVOGADOS, SP, RL, N/D, Lisboa, Rua Andrade Corvo, 29 - 4º, N/D, +351213174159, geral@apsmar.com, https://portal.oa.pt/advogados/pesquisa-de-sociedades-de-advogados/?cg=L&r=&n=&lo=&m=&cp=&op=&o=0, sociedade)
        
2025-06-05 18:31:28,033 - INFO - Executando query: 
            INSERT INTO advogados (name, cedula, conselho, morada, estado, telefone, email, site, tipo)
            VALUES (A. R. MONTALVO & ASSOCIADOS-SOCIEDADE DE ADVOGADOS RL, N/D, Lisboa, Av. da República, 56 - 6º.  drtº., N/D, +351217979058, geral@armontalvo.pt, https://portal.oa.pt/advogados/pesquisa-de-sociedades-de-advogados/?cg=L&r=&n=&lo=&m=&cp=&op=&o=0, sociedade)
        
2025-06-05 18:31:28,039 - INFO - Executando query: 
            INSERT INTO advogados (name, cedula, conselho, morada, estado, telefone, email, site, tipo)
            VALUES (A. RAPOSO - O. CARREIRA & ASSOCIADOS, SOCIEDADE DE ADVOGADOS, SP, RL, N/D, Lisboa, Av 5 de Outubro, 63, r/c esq., N/D, +351219011850, adelino.raposo-20937l@adv.oa.pt, https://portal.oa.pt/advogados/pesquisa-de-sociedades-de-advogados/?cg=L&r=&n=&lo=&m=&cp=&op=&o=0, sociedade)
        
2025-06-05 18:31:28,046 - INFO - Executando query: 
            INSERT INTO advogados (name, cedula, conselho, morada, estado, telefone, email, site, tipo)
            VALUES (ABALADA MATOS, MORAES CARDOSO E ASSOCIADOS - SOCIEDADE DE ADVOGADOS, RL, N/D, Lisboa, Edifício Alto das Amoreiras, Rua Joshua Benoliel, n.º 6 . 2º B, N/D, N/D, iam-8826l@adv.oa.pt, https://portal.oa.pt/advogados/pesquisa-de-sociedades-de-advogados/?cg=L&r=&n=&lo=&m=&cp=&op=&o=0, sociedade)
        
2025-06-05 18:31:41,236 - WARNING - Não foi possível determinar o total de páginas.
2025-06-05 18:31:54,111 - INFO - Executando query: 
            INSERT INTO advogados (name, cedula, conselho, morada, estado, telefone, email, site, tipo)
            VALUES (ABBC - AZEVEDO NEVES, BENJAMIM MENDES, CARVALHO E ASSOCIADOS, ADVOGADOS, SP, RL, N/D, Lisboa, Largo de S. Carlos,  3, N/D, +351213583620, abbc@abbc.pt, https://portal.oa.pt/advogados/pesquisa-de-sociedades-de-advogados/?cg=L&r=&n=&lo=&m=&cp=&op=&o=0, sociedade)
        
2025-06-05 18:31:54,120 - INFO - Executando query: 
            INSERT INTO advogados (name, cedula, conselho, morada, estado, telefone, email, site, tipo)
            VALUES (ABECASIS, MOURA MARQUES & ASSOCIADOS, SOCIEDADE DE ADVOGADOS, SP, RL, N/D, Lisboa, Avenida da Liberdade, n.º 190 - 1º B, Edificio Avenida, N/D, +351211940538, jfa@aamm.pt, https://portal.oa.pt/advogados/pesquisa-de-sociedades-de-advogados/?cg=L&r=&n=&lo=&m=&cp=&op=&o=0, sociedade)
        
2025-06-05 18:31:54,129 - INFO - Executando query: 
            INSERT INTO advogados (name, cedula, conselho, morada, estado, telefone, email, site, tipo)
            VALUES (ABEL MARQUES E ASSOCIADOS - SOCIEDADE DE ADVOGADOS, SP, RL, N/D, Lisboa, R. Joaquim António de Aguiar, 33 -1º dto., N/D, +351213712327, abelmarques-7825l@adv.oa.pt, https://portal.oa.pt/advogados/pesquisa-de-sociedades-de-advogados/?cg=L&r=&n=&lo=&m=&cp=&op=&o=0, sociedade)
        
2025-06-05 18:31:54,136 - INFO - Executando query: 
            INSERT INTO advogados (name, cedula, conselho, morada, estado, telefone, email, site, tipo)
            VALUES (ABRANCHES NAMORA & ASSOCIADOS - SOCIEDADE DE ADVOGADOS, SP, RL, N/D, Lisboa, Av Sidónio Pais, 16 - 2º Dto, N/D, +351213170990, soc.@oa.pt, https://portal.oa.pt/advogados/pesquisa-de-sociedades-de-advogados/?cg=L&r=&n=&lo=&m=&cp=&op=&o=0, sociedade)
        
2025-06-05 18:31:54,144 - INFO - Executando query: 
            INSERT INTO advogados (name, cedula, conselho, morada, estado, telefone, email, site, tipo)
            VALUES (ABREU & ASSOCIADOS - SOCIEDADE DE ADVOGADOS, SP, RL, N/D, Lisboa, Avenida Infante D. Henrique, 26, N/D, +351217231800, lisboa@abreuadvogados.com, https://portal.oa.pt/advogados/pesquisa-de-sociedades-de-advogados/?cg=L&r=&n=&lo=&m=&cp=&op=&o=0, sociedade)
        
2025-06-05 18:31:54,152 - INFO - Executando query: 
            INSERT INTO advogados (name, cedula, conselho, morada, estado, telefone, email, site, tipo)
            VALUES (ABREU & MARQUES E ASSOCIADOS-SOCIEDADE DE ADVOGADOS RL, N/D, Lisboa, R. Filipe Folque, 2 - 4º., N/D, +351213307100, amsa@amsa.pt, https://portal.oa.pt/advogados/pesquisa-de-sociedades-de-advogados/?cg=L&r=&n=&lo=&m=&cp=&op=&o=0, sociedade)
        
2025-06-05 18:31:54,159 - INFO - Executando query: 
            INSERT INTO advogados (name, cedula, conselho, morada, estado, telefone, email, site, tipo)
            VALUES (ABREU E NETO - SOCIEDADE DE ADVOGADOS, N/D, Lisboa, Rua Marcos de Assunção, n.º 4, Piso 1, Esc. 1.09, N/D, +351212754084, N/D, https://portal.oa.pt/advogados/pesquisa-de-sociedades-de-advogados/?cg=L&r=&n=&lo=&m=&cp=&op=&o=0, sociedade)
        
2025-06-05 18:31:54,171 - INFO - Executando query: 
            INSERT INTO advogados (name, cedula, conselho, morada, estado, telefone, email, site, tipo)
            VALUES (ADRIÃO RODRIGUES-ADVOGADOS ASSOCIADOS-SOCIEDADE CIVIL DE ADVOGADOS, N/D, Lisboa, Costa do Castelo,  62 r/c esqº., N/D, +351218870655, N/D, https://portal.oa.pt/advogados/pesquisa-de-sociedades-de-advogados/?cg=L&r=&n=&lo=&m=&cp=&op=&o=0, sociedade)
        
2025-06-05 18:31:54,188 - INFO - Executando query: 
            INSERT INTO advogados (name, cedula, conselho, morada, estado, telefone, email, site, tipo)
            VALUES (AF ADVOGADOS – ALMEIDA DIAS E FURTADO MARTINS, SOCIEDADE DE ADVOGADOS, SP, RL, N/D, Lisboa, Miraflores Office Center, Avenida das Túlipas, n.º 6 – 14º C, N/D, +351211600555, geral@af-advogados.com, https://portal.oa.pt/advogados/pesquisa-de-sociedades-de-advogados/?cg=L&r=&n=&lo=&m=&cp=&op=&o=0, sociedade)
        
2025-06-05 18:31:54,195 - INFO - Executando query: 
            INSERT INTO advogados (name, cedula, conselho, morada, estado, telefone, email, site, tipo)
            VALUES (AFONSO DA COSTA & ASSOCIADOS-SOCIEDADE DE ADVOGADOS RL, N/D, Lisboa, Av. Columbano Bordalo Pinheiro, 90 - 1º. esqº., N/D, +351210191308, N/D, https://portal.oa.pt/advogados/pesquisa-de-sociedades-de-advogados/?cg=L&r=&n=&lo=&m=&cp=&op=&o=0, sociedade)
        
2025-06-05 18:32:07,142 - WARNING - Não foi possível determinar o total de páginas.
2025-06-05 18:32:21,301 - INFO - Executando query: 
            INSERT INTO advogados (name, cedula, conselho, morada, estado, telefone, email, site, tipo)
            VALUES (AGUIAR, MAGALHÃES MOTA & ASSOCIADOS - SOCIEDADE DE ADVOGADOS, SP, RL, N/D, Lisboa, Rua Gonçalves Ramos, n.º 10 C, N/D, +351214928556, ammassociados.secretariado@gmail.com, https://portal.oa.pt/advogados/pesquisa-de-sociedades-de-advogados/?cg=L&r=&n=&lo=&m=&cp=&op=&o=0, sociedade)
        
2025-06-05 18:32:21,310 - INFO - Executando query: 
            INSERT INTO advogados (name, cedula, conselho, morada, estado, telefone, email, site, tipo)
            VALUES (AGUIAR, SIMÃO DE AGUIAR & ASSOCIADOS - SOCIEDADE DE ADVOGADOS, SP, RL, N/D, Lisboa, Av António Augusto de Aguiar, n.º 15 - 2º Dto., N/D, +351915195170, asda@asdasa.pt, https://portal.oa.pt/advogados/pesquisa-de-sociedades-de-advogados/?cg=L&r=&n=&lo=&m=&cp=&op=&o=0, sociedade)
        
2025-06-05 18:32:21,317 - INFO - Executando query: 
            INSERT INTO advogados (name, cedula, conselho, morada, estado, telefone, email, site, tipo)
            VALUES (ALARCÃO POTIER E CORREIA GOMES-SOCIEDADE DE ADVOGADOS DE RESPONSABILIDADE LIMITADA, N/D, Lisboa, R. Acácio de Paiva, 16 - 2º. esqº., N/D, +351213431933, apotier@sapo.pt, https://portal.oa.pt/advogados/pesquisa-de-sociedades-de-advogados/?cg=L&r=&n=&lo=&m=&cp=&op=&o=0, sociedade)
        
2025-06-05 18:32:21,324 - INFO - Executando query: 
            INSERT INTO advogados (name, cedula, conselho, morada, estado, telefone, email, site, tipo)
            VALUES (ALBANO BESSA MONTEIRO, PEDRO BRITO MONTEIRO & ASSOCIADOS, SOCIEDADE DE ADVOGADOS - SP, RL, N/D, Lisboa, Av. Estados Unidos da América, 110 B, N/D, +351217827990, pedrobritomonteiro-17399l@adv.oa.pt, https://portal.oa.pt/advogados/pesquisa-de-sociedades-de-advogados/?cg=L&r=&n=&lo=&m=&cp=&op=&o=0, sociedade)
        
2025-06-05 18:32:21,331 - INFO - Executando query: 
            INSERT INTO advogados (name, cedula, conselho, morada, estado, telefone, email, site, tipo)
            VALUES (ALBINO JACINTO & ASSOCIADOS, SOCIEDADE DE ADVOGADOS, SP, RL, N/D, Lisboa, Campo Grande, 28 - 4º A, N/D, +351213170830, advogados@ajsa.pt, https://portal.oa.pt/advogados/pesquisa-de-sociedades-de-advogados/?cg=L&r=&n=&lo=&m=&cp=&op=&o=0, sociedade)
        
2025-06-05 18:32:21,338 - INFO - Executando query: 
            INSERT INTO advogados (name, cedula, conselho, morada, estado, telefone, email, site, tipo)
            VALUES (ALBUQUERQUE ADVOGADOS, SP, RL, N/D, Lisboa, Calçada Bento da Rocha Cabral, n.º 1, N/D, +351213431570, geral@albuquerque-associados.pt, https://portal.oa.pt/advogados/pesquisa-de-sociedades-de-advogados/?cg=L&r=&n=&lo=&m=&cp=&op=&o=0, sociedade)
        
2025-06-05 18:32:21,345 - INFO - Executando query: 
            INSERT INTO advogados (name, cedula, conselho, morada, estado, telefone, email, site, tipo)
            VALUES (ALCIDES MARTINS, BANDEIRA, SIMÕES & ASSOCIADOS, SOCIEDADE DE ADVOGADOS, SP, RL, N/D, Lisboa, Av. Duque de Loulé, 22 - 6º., N/D, +351213535372, advogados@amartins.pt, https://portal.oa.pt/advogados/pesquisa-de-sociedades-de-advogados/?cg=L&r=&n=&lo=&m=&cp=&op=&o=0, sociedade)
        
2025-06-05 18:32:21,351 - INFO - Executando query: 
            INSERT INTO advogados (name, cedula, conselho, morada, estado, telefone, email, site, tipo)
            VALUES (ALEXANDRA BESSONE CARDOSO & ASSOCIADOS - SOCIEDADE DE ADVOGADOS, SP, RL, N/D, Lisboa, Av Conselheiro Fernando de Sousa, 19 - B, C, N/D, +351213584480, abclegal@abclegal.com.pt, https://portal.oa.pt/advogados/pesquisa-de-sociedades-de-advogados/?cg=L&r=&n=&lo=&m=&cp=&op=&o=0, sociedade)
        
2025-06-05 18:32:21,357 - INFO - Executando query: 
            INSERT INTO advogados (name, cedula, conselho, morada, estado, telefone, email, site, tipo)
            VALUES (ALEXANDRE LAFAYETTE & ASSOCIADOS - SOCIEDADE DE ADVOGADOS, SP, RL, N/D, Lisboa, Rua de Moscavide, n.º 2 A, N/D, +351213802010, lafayetteassociados@mail.telepac.pt, https://portal.oa.pt/advogados/pesquisa-de-sociedades-de-advogados/?cg=L&r=&n=&lo=&m=&cp=&op=&o=0, sociedade)
        
2025-06-05 18:32:21,364 - INFO - Executando query: 
            INSERT INTO advogados (name, cedula, conselho, morada, estado, telefone, email, site, tipo)
            VALUES (ALFREDO THEODORO, NAZARÉ & ASSOCIADOS - SOCIEDADE DE ADVOGADOS, SP, RL, N/D, Lisboa, Rua Filipe Folque, n.º 5 - 4º esquerdo, N/D, +351213463393, atnadvogados@gmail.pt, https://portal.oa.pt/advogados/pesquisa-de-sociedades-de-advogados/?cg=L&r=&n=&lo=&m=&cp=&op=&o=0, sociedade)
        
2025-06-05 18:32:33,556 - WARNING - Não foi possível determinar o total de páginas.
2025-06-05 18:32:46,270 - INFO - Executando query: 
            INSERT INTO advogados (name, cedula, conselho, morada, estado, telefone, email, site, tipo)
            VALUES (ALICE PAÇO FERREIRA & ASSOCIADOS - SOCIEDADE DE ADVOGADOS, SP, RI, N/D, Lisboa, Campo Grande, 30 - 4º.  D, N/D, +351217928020, aliceferreira-12410l@adv.oa.pt, https://portal.oa.pt/advogados/pesquisa-de-sociedades-de-advogados/?cg=L&r=&n=&lo=&m=&cp=&op=&o=0, sociedade)
        
2025-06-05 18:32:46,276 - INFO - Executando query: 
            INSERT INTO advogados (name, cedula, conselho, morada, estado, telefone, email, site, tipo)
            VALUES (ALMEIDA & ASSOCIADOS - SOCIEDADE DE ADVOGADOS, SP, RL, N/D, Lisboa, Av Dom João II, 9 - i 14C, Edifício Adamastor, N/D, +351218954290, alvesalmeida@hotmail.com, https://portal.oa.pt/advogados/pesquisa-de-sociedades-de-advogados/?cg=L&r=&n=&lo=&m=&cp=&op=&o=0, sociedade)
        
2025-06-05 18:32:46,283 - INFO - Executando query: 
            INSERT INTO advogados (name, cedula, conselho, morada, estado, telefone, email, site, tipo)
            VALUES (ALMEIDA D'EÇA, RAPOSO & ASSOCIADOS, SOCIEDADE DE ADVOGADOS, SP, RL, N/D, Lisboa, Rua Latino Coelho, n.º 87, N/D, N/D, rita.ae-14790l@adv.oa.pt, https://portal.oa.pt/advogados/pesquisa-de-sociedades-de-advogados/?cg=L&r=&n=&lo=&m=&cp=&op=&o=0, sociedade)
        
2025-06-05 18:32:46,286 - INFO - Executando query: 
            INSERT INTO advogados (name, cedula, conselho, morada, estado, telefone, email, site, tipo)
            VALUES (ALMEIDA GARRETT, PINTO DE CARVALHO, SOCIEDADE DE ADVOGADOS, SP, RL, N/D, Lisboa, Rua da Artilharia 1, n.º 51, Pateo Bagatela, Edf 1, 2º, N/D, +351919251597, cag-7130p@adv.oa.pt, https://portal.oa.pt/advogados/pesquisa-de-sociedades-de-advogados/?cg=L&r=&n=&lo=&m=&cp=&op=&o=0, sociedade)
        
2025-06-05 18:32:46,304 - INFO - Executando query: 
            INSERT INTO advogados (name, cedula, conselho, morada, estado, telefone, email, site, tipo)
            VALUES (ALMEIDA RIBEIRO E ASSOCIADOS-SOCIEDADE DE ADVOGADOS RL, N/D, Lisboa, R. Joaquim António de Aguiar, 66 - 1º., N/D, +351213714490, geral@almeidaribeiro.pt, https://portal.oa.pt/advogados/pesquisa-de-sociedades-de-advogados/?cg=L&r=&n=&lo=&m=&cp=&op=&o=0, sociedade)
        
2025-06-05 18:32:46,311 - INFO - Executando query: 
            INSERT INTO advogados (name, cedula, conselho, morada, estado, telefone, email, site, tipo)
            VALUES (ALMEIDA SANTOS & ASSOCIADOS, SOCIEDADE DE ADVOGADOS, SP, RL, N/D, Lisboa, R. Helena Félix,  30  C  Quinta do Texugo, N/D, N/D, gabriela.a.santos-21346l@adv.oa.pt, https://portal.oa.pt/advogados/pesquisa-de-sociedades-de-advogados/?cg=L&r=&n=&lo=&m=&cp=&op=&o=0, sociedade)
        
2025-06-05 18:32:46,318 - INFO - Executando query: 
            INSERT INTO advogados (name, cedula, conselho, morada, estado, telefone, email, site, tipo)
            VALUES (ALMENDRA, MEDEIROS, ADVOGADOS, SP, RL, N/D, Lisboa, Rua Castilho, 71 - 1º dto., N/D, +351213233105, aa-8398l@adv.oa.pt, https://portal.oa.pt/advogados/pesquisa-de-sociedades-de-advogados/?cg=L&r=&n=&lo=&m=&cp=&op=&o=0, sociedade)
        
2025-06-05 18:32:46,325 - INFO - Executando query: 
            INSERT INTO advogados (name, cedula, conselho, morada, estado, telefone, email, site, tipo)
            VALUES (ALVES & ASSOCIADOS-SOCIEDADE DE ADVOGADOS RL, N/D, Lisboa, Av. Miguel Bombarda, 80 - 6º., N/D, +351210354119, ritaguerraalves-11875L@adv.oa.pt, https://portal.oa.pt/advogados/pesquisa-de-sociedades-de-advogados/?cg=L&r=&n=&lo=&m=&cp=&op=&o=0, sociedade)
        
2025-06-05 18:32:46,332 - INFO - Executando query: 
            INSERT INTO advogados (name, cedula, conselho, morada, estado, telefone, email, site, tipo)
            VALUES (ALVES & MARCOS - SOCIEDADE DE ADVOGADOS, SP, RL, N/D, Lisboa, Av. Engº. Duarte Pacheco, Torre  1  Piso  5, Sala 12, N/D, +351213806400, geral@asp-advogados.com, https://portal.oa.pt/advogados/pesquisa-de-sociedades-de-advogados/?cg=L&r=&n=&lo=&m=&cp=&op=&o=0, sociedade)
        
2025-06-05 18:32:46,339 - INFO - Executando query: 
            INSERT INTO advogados (name, cedula, conselho, morada, estado, telefone, email, site, tipo)
            VALUES (ALVES DA SILVA & RODRIGUEZ CORREIA - SOCIEDADE DE ADVOGADOS, RL, N/D, Lisboa, Av. Clotilde, 14 Edf. Arcadas do Parque, N/D, +351214668862, rodriguezcorreia-49458L@adv.oa.pt, https://portal.oa.pt/advogados/pesquisa-de-sociedades-de-advogados/?cg=L&r=&n=&lo=&m=&cp=&op=&o=0, sociedade)
        
2025-06-05 18:33:01,281 - WARNING - Não foi possível determinar o total de páginas.
2025-06-05 18:33:13,573 - INFO - Executando query: 
            INSERT INTO advogados (name, cedula, conselho, morada, estado, telefone, email, site, tipo)
            VALUES (ALVES FERREIRA, BAPTISTA, SANTOS COSTA, AIRES SANTOS & ASSOCIADOS-SOCIEDADE DE ADVOGADOS RL, N/D, Lisboa, Av. Álvares Cabral, 47  r/c, N/D, +351213814640, geral@fbcs.pt, https://portal.oa.pt/advogados/pesquisa-de-sociedades-de-advogados/?cg=L&r=&n=&lo=&m=&cp=&op=&o=0, sociedade)
        
2025-06-05 18:33:13,580 - INFO - Executando query: 
            INSERT INTO advogados (name, cedula, conselho, morada, estado, telefone, email, site, tipo)
            VALUES (ALVES MENDES & CARLOS PICOITO - SOCIEDADE DE ADVOGADOS, SP, RL, N/D, Lisboa, Rua Tierno Galvan, 10, torre 3, 2º, n.º 206, N/D, +351217653990, am@ampvs.pt, https://portal.oa.pt/advogados/pesquisa-de-sociedades-de-advogados/?cg=L&r=&n=&lo=&m=&cp=&op=&o=0, sociedade)
        
2025-06-05 18:33:13,587 - INFO - Executando query: 
            INSERT INTO advogados (name, cedula, conselho, morada, estado, telefone, email, site, tipo)
            VALUES (ALVES PEREIRA,TEIXEIRA DE SOUSA & ASSOCIADOS-SOCIEDADE DE ADVOGADOS, SP, RL, N/D, Lisboa, Avenida da Liberdade, número 105, 2.º andar direito, N/D, +351213700190, info@alvespereira.com, https://portal.oa.pt/advogados/pesquisa-de-sociedades-de-advogados/?cg=L&r=&n=&lo=&m=&cp=&op=&o=0, sociedade)
        
2025-06-05 18:33:13,593 - INFO - Executando query: 
            INSERT INTO advogados (name, cedula, conselho, morada, estado, telefone, email, site, tipo)
            VALUES (ALVES, ANDRADE PINHEL, MARTINS, MESSIAS, SOCIEDADE ADVOGADOS, SP, RL, N/D, Lisboa, Rua Tierno Galvan, n.º 10, torre 3 - 4º andar - 409, N/D, +351969514515, contato@legallatinadvisors.com, https://portal.oa.pt/advogados/pesquisa-de-sociedades-de-advogados/?cg=L&r=&n=&lo=&m=&cp=&op=&o=0, sociedade)
        
2025-06-05 18:33:13,600 - INFO - Executando query: 
            INSERT INTO advogados (name, cedula, conselho, morada, estado, telefone, email, site, tipo)
            VALUES (ALVES, BOTELHO, VARELA & ASSOCIADOS - SOCIEDADE DE ADVOGADOS, SP, RL, N/D, Lisboa, Av. Álvares Cabral, 84 - 2º, N/D, +351213703600, apv-12020l@adv.oa.pt, https://portal.oa.pt/advogados/pesquisa-de-sociedades-de-advogados/?cg=L&r=&n=&lo=&m=&cp=&op=&o=0, sociedade)
        
2025-06-05 18:33:13,608 - INFO - Executando query: 
            INSERT INTO advogados (name, cedula, conselho, morada, estado, telefone, email, site, tipo)
            VALUES (ALVES, MARTINS BRAZ & ASSOCIADOS - SOCIEDADE DE ADVOGADOS, SP, RL, N/D, Lisboa, Rua Rodrigues Sampaio, n.º 21, 4.º-A, N/D, +351211992168, info@amb-advogados.pt, https://portal.oa.pt/advogados/pesquisa-de-sociedades-de-advogados/?cg=L&r=&n=&lo=&m=&cp=&op=&o=0, sociedade)
        
2025-06-05 18:33:13,619 - INFO - Executando query: 
            INSERT INTO advogados (name, cedula, conselho, morada, estado, telefone, email, site, tipo)
            VALUES (ALVES, TEIXEIRA & ASSOCIADOS - SOCIEDADE DE ADVOGADOS, SP, RL, N/D, Lisboa, Avenida Defensores de Chaves, n.º 52 - 4º, N/D, +351217803010, geral@lisbonlegal.com, https://portal.oa.pt/advogados/pesquisa-de-sociedades-de-advogados/?cg=L&r=&n=&lo=&m=&cp=&op=&o=0, sociedade)
        
2025-06-05 18:33:13,626 - INFO - Executando query: 
            INSERT INTO advogados (name, cedula, conselho, morada, estado, telefone, email, site, tipo)
            VALUES (AMA - ANA MERELO, JOAQUIM VERÍSSIMO & ASSOCIADOS, SOCIEDADE DE ADVOGADOS, SP, RL, N/D, Lisboa, Av. da República, 49 - 1º. esqº., N/D, +351217979388, geral@amaadvogados.net, https://portal.oa.pt/advogados/pesquisa-de-sociedades-de-advogados/?cg=L&r=&n=&lo=&m=&cp=&op=&o=0, sociedade)
        
2025-06-05 18:33:13,633 - INFO - Executando query: 
            INSERT INTO advogados (name, cedula, conselho, morada, estado, telefone, email, site, tipo)
            VALUES (AMARAL BLANCO, PORTELA DUARTE & ASSOCIADOS-SOCIEDADE ADVOGADOS RL, N/D, Lisboa, Lg. 25 de Abril, 5 - 2º.  Sala  3, N/D, +351262086709, abpd@abpd.pt, https://portal.oa.pt/advogados/pesquisa-de-sociedades-de-advogados/?cg=L&r=&n=&lo=&m=&cp=&op=&o=0, sociedade)
        
2025-06-05 18:33:13,639 - INFO - Executando query: 
            INSERT INTO advogados (name, cedula, conselho, morada, estado, telefone, email, site, tipo)
            VALUES (AMARAL CABRAL & ASSOCIADOS - SOCIEDADE DE ADVOGADOS, SP, RL, N/D, Lisboa, Avª. Sidónio Pais, 26 - R/C, Direito, N/D, +351213192670, geral@amaralcabraladvogados.pt, https://portal.oa.pt/advogados/pesquisa-de-sociedades-de-advogados/?cg=L&r=&n=&lo=&m=&cp=&op=&o=0, sociedade)
        
2025-06-05 18:33:26,087 - WARNING - Não foi possível determinar o total de páginas.
2025-06-05 18:33:39,670 - INFO - Executando query: 
            INSERT INTO advogados (name, cedula, conselho, morada, estado, telefone, email, site, tipo)
            VALUES (ANA BRUNO & ASSOCIADOS-SOCIEDADE DE ADVOGADOS, SP, RL, N/D, Lisboa, Av Engenheiro Duarte Pacheco, 19 - 1º, N/D, +351213713350, susana.cunha@anabruno.pt, https://portal.oa.pt/advogados/pesquisa-de-sociedades-de-advogados/?cg=L&r=&n=&lo=&m=&cp=&op=&o=0, sociedade)
        
2025-06-05 18:33:39,677 - INFO - Executando query: 
            INSERT INTO advogados (name, cedula, conselho, morada, estado, telefone, email, site, tipo)
            VALUES (ANA CORREIA & Mª DA LUZ BIZARRO - SOCIEDADE DE ADVOGADOS, SP, RI, N/D, Lisboa, Av de Santa Maria, 14 - 10º, N/D, +351212168895, am.correia-7664l@adv.oa.pt, https://portal.oa.pt/advogados/pesquisa-de-sociedades-de-advogados/?cg=L&r=&n=&lo=&m=&cp=&op=&o=0, sociedade)
        
2025-06-05 18:33:39,683 - INFO - Executando query: 
            INSERT INTO advogados (name, cedula, conselho, morada, estado, telefone, email, site, tipo)
            VALUES (ANA CRISTINA OLIVEIRA & ASSOCIADOS-SOCIEDADE DE ADVOGADOS RL, N/D, Lisboa, Rua Pinheiro Chagas, n.º 48, 1º, N/D, +351218824470, acoliveira-10860l@adv.oa.pt, https://portal.oa.pt/advogados/pesquisa-de-sociedades-de-advogados/?cg=L&r=&n=&lo=&m=&cp=&op=&o=0, sociedade)
        
2025-06-05 18:33:39,690 - INFO - Executando query: 
            INSERT INTO advogados (name, cedula, conselho, morada, estado, telefone, email, site, tipo)
            VALUES (ANA CRISTINA PIMENTEL & ASSOCIADOS - SOCIEDADE DE ADVOGADOS, SP, RL, N/D, Lisboa, Av Elias Garcia, 176 - 2º esq, N/D, +351217819990, ah.acp@netcabo.pt, https://portal.oa.pt/advogados/pesquisa-de-sociedades-de-advogados/?cg=L&r=&n=&lo=&m=&cp=&op=&o=0, sociedade)
        
2025-06-05 18:33:39,696 - INFO - Executando query: 
            INSERT INTO advogados (name, cedula, conselho, morada, estado, telefone, email, site, tipo)
            VALUES (ANA MARGARIDA SANTOS & ASSOCIADOS-SOCIEDADE DE ADVOGADOS, SP, RL, N/D, Lisboa, Av. Engenheiro Duarte Pacheco, Amoreiras Torre 2, 7º andar, esc. 9, N/D, +351213303636, spereira@amsadvogados.pt, https://portal.oa.pt/advogados/pesquisa-de-sociedades-de-advogados/?cg=L&r=&n=&lo=&m=&cp=&op=&o=0, sociedade)
        
2025-06-05 18:33:39,704 - INFO - Executando query: 
            INSERT INTO advogados (name, cedula, conselho, morada, estado, telefone, email, site, tipo)
            VALUES (ANA MENDES CASACA & ASSOCIADOS - SOCIEDADE DE ADVOGADOS, RL, N/D, Lisboa, Praça Francisco Sá Carneiro, 2 - 5º esq., N/D, +351217579189, geral@amcadvogados.pt, https://portal.oa.pt/advogados/pesquisa-de-sociedades-de-advogados/?cg=L&r=&n=&lo=&m=&cp=&op=&o=0, sociedade)
        
2025-06-05 18:33:39,709 - INFO - Executando query: 
            INSERT INTO advogados (name, cedula, conselho, morada, estado, telefone, email, site, tipo)
            VALUES (ANA MORAIS MARTINS, ANTÓNIO GAMEIRO & ASSOCIADOS-SOCIEDADE DE ADVOGADOS RL, N/D, Lisboa, Av.  5  de Outubro, 52 - 1º. esqº., N/D, N/D, N/D, https://portal.oa.pt/advogados/pesquisa-de-sociedades-de-advogados/?cg=L&r=&n=&lo=&m=&cp=&op=&o=0, sociedade)
        
2025-06-05 18:33:39,715 - INFO - Executando query: 
            INSERT INTO advogados (name, cedula, conselho, morada, estado, telefone, email, site, tipo)
            VALUES (ANA TEGETHOFF SERENO E ALEXANDRA GÓIS - SOCIEDADE DE ADVOGADOS, SP, RL, N/D, Lisboa, Rua Latino Coelho, n.º 87, N/D, N/D, anategethoffsereno-51300L@adv.oa.pt, https://portal.oa.pt/advogados/pesquisa-de-sociedades-de-advogados/?cg=L&r=&n=&lo=&m=&cp=&op=&o=0, sociedade)
        
2025-06-05 18:33:39,721 - INFO - Executando query: 
            INSERT INTO advogados (name, cedula, conselho, morada, estado, telefone, email, site, tipo)
            VALUES (ANDERSEN TAX & LEGAL IBERIA SLP –  SUCURSAL EM PORTUGAL, N/D, Lisboa, Avenida Alexandre Herculano, 38 - 3º, N/D, N/D, jose.soares@pt.Andersen.com, https://portal.oa.pt/advogados/pesquisa-de-sociedades-de-advogados/?cg=L&r=&n=&lo=&m=&cp=&op=&o=0, sociedade)
        
2025-06-05 18:33:39,728 - INFO - Executando query: 
            INSERT INTO advogados (name, cedula, conselho, morada, estado, telefone, email, site, tipo)
            VALUES (ANDRADE DE MATOS & ASSOCIADOS, SOCIEDADE DE ADVOGADOS, SP RL, N/D, Lisboa, Rua Alexandre Herculano, n.º 23 - r/c, N/D, +351213585400, geral@andradedematos.com, https://portal.oa.pt/advogados/pesquisa-de-sociedades-de-advogados/?cg=L&r=&n=&lo=&m=&cp=&op=&o=0, sociedade)
        
2025-06-05 18:33:51,416 - WARNING - Não foi possível determinar o total de páginas.
2025-06-05 18:34:03,382 - INFO - Executando query: 
            INSERT INTO advogados (name, cedula, conselho, morada, estado, telefone, email, site, tipo)
            VALUES (ANDRADE DIAS & ASSOCIADOS - SOCIEDADE DE ADVOGADOS, SP, RL, N/D, Lisboa, Rua Marquês da Fronteira, 111 - r/c dto., N/D, +351213468134, maria@diaslawyers.com, https://portal.oa.pt/advogados/pesquisa-de-sociedades-de-advogados/?cg=L&r=&n=&lo=&m=&cp=&op=&o=0, sociedade)
        
2025-06-05 18:34:03,389 - INFO - Executando query: 
            INSERT INTO advogados (name, cedula, conselho, morada, estado, telefone, email, site, tipo)
            VALUES (ANDRADE, CORREIA & ASSOCIADOS-SOCIEDADE DE ADVOGADOS RL, N/D, Lisboa, Av.  da República, 36 - Lado A, 3º esq., N/D, +351213507000, ana.faia.andrade-13408l@adv.oa.pt, https://portal.oa.pt/advogados/pesquisa-de-sociedades-de-advogados/?cg=L&r=&n=&lo=&m=&cp=&op=&o=0, sociedade)
        
2025-06-05 18:34:03,400 - INFO - Executando query: 
            INSERT INTO advogados (name, cedula, conselho, morada, estado, telefone, email, site, tipo)
            VALUES (ANDRÉ LIMA ADVOGADOS – SOCIEDADE MULTIDISCIPLINAR, SP, LDA., N/D, Lisboa, Avenida Dom João II, n.º 35 - 5 B, N/D, N/D, andrelima-61165L@adv.oa.pt, https://portal.oa.pt/advogados/pesquisa-de-sociedades-de-advogados/?cg=L&r=&n=&lo=&m=&cp=&op=&o=0, sociedade)
        
2025-06-05 18:34:03,414 - INFO - Executando query: 
            INSERT INTO advogados (name, cedula, conselho, morada, estado, telefone, email, site, tipo)
            VALUES (ANTAS DA CUNHA, ECIJA & ASSOCIADOS - SOCIEDADE DE ADVOGADOS, SP, LDA, N/D, Lisboa, Rua Carlos Alberto da Mota Pinto, n.º 17, 2º piso, Edifício Amoreiras Square, N/D, +351213192080, fantascunha-17291l@adv.oa.pt, https://portal.oa.pt/advogados/pesquisa-de-sociedades-de-advogados/?cg=L&r=&n=&lo=&m=&cp=&op=&o=0, sociedade)
        
2025-06-05 18:34:03,420 - INFO - Executando query: 
            INSERT INTO advogados (name, cedula, conselho, morada, estado, telefone, email, site, tipo)
            VALUES (ANTONINO ANTUNES, MARIA AUGUSTA ANTUNES & ASSOCIADOS - SOCIEDADE DE ADVOGADOS, SP, RL, N/D, Lisboa, Av. Defensores de Chaves, 51 - 3º. A, N/D, +351258809090, antoninoantunes@mail.telepac.pt, https://portal.oa.pt/advogados/pesquisa-de-sociedades-de-advogados/?cg=L&r=&n=&lo=&m=&cp=&op=&o=0, sociedade)
        
2025-06-05 18:34:03,426 - INFO - Executando query: 
            INSERT INTO advogados (name, cedula, conselho, morada, estado, telefone, email, site, tipo)
            VALUES (ANTÓNIO ARRIBANÇA & ASSOCIADOS - SOCIEDADE DE ADVOGADOS, SP, RL, N/D, Lisboa, R. Prof. Manuel  José Ferreira, 14 - 1º. Esqº.   - Apartado  130, N/D, +351243999020, geral@arribanca.associados.pt, https://portal.oa.pt/advogados/pesquisa-de-sociedades-de-advogados/?cg=L&r=&n=&lo=&m=&cp=&op=&o=0, sociedade)
        
2025-06-05 18:34:03,433 - INFO - Executando query: 
            INSERT INTO advogados (name, cedula, conselho, morada, estado, telefone, email, site, tipo)
            VALUES (ANTÓNIO CORREIA & ASSOCIADOS-SOCIEDADE DE ADVOGADOS, SP, RL, N/D, Lisboa, Rua Penha de França, 120, 7D, N/D, +351213192280, info@acadvogados.pt, https://portal.oa.pt/advogados/pesquisa-de-sociedades-de-advogados/?cg=L&r=&n=&lo=&m=&cp=&op=&o=0, sociedade)
        
2025-06-05 18:34:03,439 - INFO - Executando query: 
            INSERT INTO advogados (name, cedula, conselho, morada, estado, telefone, email, site, tipo)
            VALUES (ANTÓNIO FALÉ DE CARVALHO, ANA SILVA MARTINS E ASSOCIADOS - SOCIEDADE DE ADVOGADOS, SP, RL, N/D, Lisboa, Rua de Goa, 18 - 1º, N/D, +351213552070, ana.s.martins-18803l@adv.oa.pt, https://portal.oa.pt/advogados/pesquisa-de-sociedades-de-advogados/?cg=L&r=&n=&lo=&m=&cp=&op=&o=0, sociedade)
        
2025-06-05 18:34:03,445 - INFO - Executando query: 
            INSERT INTO advogados (name, cedula, conselho, morada, estado, telefone, email, site, tipo)
            VALUES (ANTÓNIO FIGUEIREDO CARVALHO & ASSOCIADOS-SOCIEDADE DE ADVOGADOS RL, N/D, Lisboa, Av. Luís Bivar, 93 - 8º esquerdo, N/D, +351213242710, antonio.c.ribeiro@mail.telepac.pt, https://portal.oa.pt/advogados/pesquisa-de-sociedades-de-advogados/?cg=L&r=&n=&lo=&m=&cp=&op=&o=0, sociedade)
        
2025-06-05 18:34:03,452 - INFO - Executando query: 
            INSERT INTO advogados (name, cedula, conselho, morada, estado, telefone, email, site, tipo)
            VALUES (ANTÓNIO FRUTUOSO DE MELO E ASSOCIADOS-SOCIEDADE DE ADVOGADOS, SP, RL, N/D, Lisboa, Avª. da Liberdade,  38 - 1º., N/D, +351213218600, afma@afma.pt, https://portal.oa.pt/advogados/pesquisa-de-sociedades-de-advogados/?cg=L&r=&n=&lo=&m=&cp=&op=&o=0, sociedade)
        
2025-06-05 18:34:14,132 - WARNING - Não foi possível determinar o total de páginas.
2025-06-05 18:34:26,734 - INFO - Executando query: 
            INSERT INTO advogados (name, cedula, conselho, morada, estado, telefone, email, site, tipo)
            VALUES (ANTÓNIO LEITÃO E CARLOS SERAFIM - SOCIEDADE DE ADVOGADOS, RL, N/D, Lisboa, Avª. António Augusto de Aguiar,  163 – 3º. DTº., N/D, +351213879059, leiser@netcabo.pt, https://portal.oa.pt/advogados/pesquisa-de-sociedades-de-advogados/?cg=L&r=&n=&lo=&m=&cp=&op=&o=0, sociedade)
        
2025-06-05 18:34:26,742 - INFO - Executando query: 
            INSERT INTO advogados (name, cedula, conselho, morada, estado, telefone, email, site, tipo)
            VALUES (ANTÓNIO MENEZES CORDEIRO E ASSOCIADOS - SOCIEDADE DE ADVOGADOS, SP, RL, N/D, Lisboa, Avenida Marechal Craveiro Lopes, nº 8, D - 1º A, N/D, +351213192970, amc.advogados@mail.telepac.pt, https://portal.oa.pt/advogados/pesquisa-de-sociedades-de-advogados/?cg=L&r=&n=&lo=&m=&cp=&op=&o=0, sociedade)
        
2025-06-05 18:34:26,749 - INFO - Executando query: 
            INSERT INTO advogados (name, cedula, conselho, morada, estado, telefone, email, site, tipo)
            VALUES (ANTÓNIO PRAGAL COLAÇO & ASSOCIADOS-SOCIEDADE DE ADVOGADOS, SP, RL, N/D, Lisboa, Av. da Igreja, 42 - 2º dto., N/D, +351213553940, apcolaco@mail.telepac.pt, https://portal.oa.pt/advogados/pesquisa-de-sociedades-de-advogados/?cg=L&r=&n=&lo=&m=&cp=&op=&o=0, sociedade)
        
2025-06-05 18:34:26,756 - INFO - Executando query: 
            INSERT INTO advogados (name, cedula, conselho, morada, estado, telefone, email, site, tipo)
            VALUES (ANTÓNIO SIMÕES DE MELO, ANA DE MELO E ASSOCIADOS - SOCIEDADE DE ADVOGADOS, SP, RL, N/D, Lisboa, Rua Marquesa d'Alorna, n.º 6, 4º C, N/D, +351218096736, melo.advogados.oa@gmail.com, https://portal.oa.pt/advogados/pesquisa-de-sociedades-de-advogados/?cg=L&r=&n=&lo=&m=&cp=&op=&o=0, sociedade)
        
2025-06-05 18:34:26,762 - INFO - Executando query: 
            INSERT INTO advogados (name, cedula, conselho, morada, estado, telefone, email, site, tipo)
            VALUES (ANTÓNIO TAVEIRA & ASSOCIADOS – SOCIEDADE DE ADVOGADOS, SP, RL, N/D, Lisboa, Av Barbosa du Bocage, 87 - 3º, N/D, +351213874060, antoniotaveira-14204l@adv.oa.pt, https://portal.oa.pt/advogados/pesquisa-de-sociedades-de-advogados/?cg=L&r=&n=&lo=&m=&cp=&op=&o=0, sociedade)
        
2025-06-05 18:34:26,768 - INFO - Executando query: 
            INSERT INTO advogados (name, cedula, conselho, morada, estado, telefone, email, site, tipo)
            VALUES (ANTÓNIO VICENTE MARQUES & ASSOCIADOS - SOCIEDADE DE ADVOGADOS, SP, RL, N/D, Lisboa, Rua Castilho, n.º 75, 1º esq., N/D, +351304501010, lisboa@avm.biz, https://portal.oa.pt/advogados/pesquisa-de-sociedades-de-advogados/?cg=L&r=&n=&lo=&m=&cp=&op=&o=0, sociedade)
        
2025-06-05 18:34:26,775 - INFO - Executando query: 
            INSERT INTO advogados (name, cedula, conselho, morada, estado, telefone, email, site, tipo)
            VALUES (ANTUNES, CAETANO, VASCONCELOS & ASSOCIADOS - SOCIEDADE DE ADVOGADOS, RL, N/D, Lisboa, Rua Abranches Ferrão, 11 B, 2º andar, N/D, +351217275828, geral@acv-advogados.com, https://portal.oa.pt/advogados/pesquisa-de-sociedades-de-advogados/?cg=L&r=&n=&lo=&m=&cp=&op=&o=0, sociedade)
        
2025-06-05 18:34:26,781 - INFO - Executando query: 
            INSERT INTO advogados (name, cedula, conselho, morada, estado, telefone, email, site, tipo)
            VALUES (APSM - Sociedade de Advogados, SP, RL, N/D, Lisboa, Rua Dr. Manuel Arriaga, n.º 31, rés-do-chão esq, N/D, +351211969782, geral@apsmadvogados.com, https://portal.oa.pt/advogados/pesquisa-de-sociedades-de-advogados/?cg=L&r=&n=&lo=&m=&cp=&op=&o=0, sociedade)
        
2025-06-05 18:34:26,794 - INFO - Executando query: 
            INSERT INTO advogados (name, cedula, conselho, morada, estado, telefone, email, site, tipo)
            VALUES (ARAÚJO PEREIRA, LENCASTRE & ASSOCIADOS - SOCIEDADE DE ADVOGADOS, RL, N/D, Lisboa, Campo dos Mártires da Pátria , n.º 59 - 1º esq., N/D, +351218228360, apl.advogados@apl-advogados.pt, https://portal.oa.pt/advogados/pesquisa-de-sociedades-de-advogados/?cg=L&r=&n=&lo=&m=&cp=&op=&o=0, sociedade)
        
2025-06-05 18:34:26,801 - INFO - Executando query: 
            INSERT INTO advogados (name, cedula, conselho, morada, estado, telefone, email, site, tipo)
            VALUES (ARAÚJO PEREIRA, MOUZINHO CRAVEIRO & ASSOCIADOS-SOCIEDADE DE ADVOGADOS RL, N/D, Lisboa, Av. Ressano Garcia, 19 - 1º., N/D, +351213808070, miguel.araujo.pereira-8777l@adv.oa.pt, https://portal.oa.pt/advogados/pesquisa-de-sociedades-de-advogados/?cg=L&r=&n=&lo=&m=&cp=&op=&o=0, sociedade)
        
2025-06-05 18:34:35,598 - INFO - Conexão com o banco de dados fechada.
2025-06-05 18:34:35,601 - WARNING - Retrying (Retry(total=2, connect=None, read=None, redirect=None, status=None)) after connection broken by 'ConnectionResetError(10054, 'Uma ligação existente foi forçada a fechar pelo anfitrião remoto', None, 10054, None)': /session/57af689532d108f3b24ad4791d7f77a3
2025-06-05 18:34:39,664 - WARNING - Retrying (Retry(total=1, connect=None, read=None, redirect=None, status=None)) after connection broken by 'NewConnectionError('<urllib3.connection.HTTPConnection object at 0x00000163A694C770>: Failed to establish a new connection: [WinError 10061] Nenhuma ligação pôde ser feita porque o computador de destino\r\nas recusou ativamente')': /session/57af689532d108f3b24ad4791d7f77a3
2025-06-05 18:34:43,742 - WARNING - Retrying (Retry(total=0, connect=None, read=None, redirect=None, status=None)) after connection broken by 'NewConnectionError('<urllib3.connection.HTTPConnection object at 0x00000163A694C3B0>: Failed to establish a new connection: [WinError 10061] Nenhuma ligação pôde ser feita porque o computador de destino\r\nas recusou ativamente')': /session/57af689532d108f3b24ad4791d7f77a3
2025-06-05 18:34:47,842 - INFO - Navegador fechado.
