2025-06-06 12:04:48,821 - INFO - Iniciando o script de scraping...
2025-06-06 12:04:48,836 - INFO - Conexão com o banco de dados estabelecida!
2025-06-06 12:04:48,917 - INFO - Tabelas existentes (advogados, sociedades, estagiarios, advogados_backup) eliminadas para recriação.
2025-06-06 12:04:48,938 - INFO - Tabela 'advogados' criada com sucesso!
2025-06-06 12:04:48,961 - INFO - Tabela 'sociedades' criada com sucesso!
2025-06-06 12:04:48,986 - INFO - Tabela 'estagiarios' criada com sucesso!
2025-06-06 12:04:48,987 - INFO - ====== WebDriver manager ======
2025-06-06 12:04:50,104 - INFO - Get LATEST chromedriver version for google-chrome
2025-06-06 12:04:50,139 - INFO - Get LATEST chromedriver version for google-chrome
2025-06-06 12:04:50,172 - INFO - Driver [C:\Users\david\.wdm\drivers\chromedriver\win64\137.0.7151.68\chromedriver-win32/chromedriver.exe] found in cache
2025-06-06 12:04:51,659 - INFO - Iniciando: coletar_estagiarios_lisboa
2025-06-06 12:04:51,659 - INFO - Iniciando scraping de estagiários...
2025-06-06 12:05:10,894 - ERROR - Erro ao clicar no botão de pesquisa para https://portal.oa.pt/advogados/pesquisa-de-advogados-estagiarios/?cg=L&ce=&n=&lo=&m=&cp=&a=on&op=&o=0: Message: 

2025-06-06 12:05:10,901 - WARNING - Não foi possível determinar o total de páginas.
2025-06-06 12:05:23,126 - INFO - Executando query: 
            INSERT INTO estagiarios 
            (name, cedula, conselho, morada, estado, email, site, tipo, localidade, codigo_postal, data_inscricao, telefone, fax)
            VALUES 
            (Adelina Ormonde Santos, 44038L, Lisboa, Pc Bernardino Machado, 11 B, Activo, adelina.ormonde-44038L@adv-est.oa.pt, N/D, advogado, LISBOA, 1750-042 LISBOA, N/D, N/D, N/D)
        
2025-06-06 12:05:23,135 - INFO - Estagiário Adelina Ormonde Santos inserido com sucesso!
2025-06-06 12:05:23,136 - INFO - Executando query: 
            INSERT INTO estagiarios 
            (name, cedula, conselho, morada, estado, email, site, tipo, localidade, codigo_postal, data_inscricao, telefone, fax)
            VALUES 
            (Adriana Carvalho Barroso, 49472L, Lisboa, R Cidade Nova Lisboa, 11, Activo, adrianacarvalhobarroso-49472L@adv-est.oa.pt, N/D, advogado, LISBOA, 1800-107 LISBOA, N/D, N/D, N/D)
        
2025-06-06 12:05:23,147 - INFO - Estagiário Adriana Carvalho Barroso inserido com sucesso!
2025-06-06 12:05:23,147 - INFO - Executando query: 
            INSERT INTO estagiarios 
            (name, cedula, conselho, morada, estado, email, site, tipo, localidade, codigo_postal, data_inscricao, telefone, fax)
            VALUES 
            (Afonso Almeida Luís, 51257L, Lisboa, R Alexandre Herculano, 38 - 4º, Activo, afonso.almeida.luis-51257L@adv-est.oa.pt, N/D, advogado, LISBOA, 1250-011 LISBOA, N/D, N/D, N/D)
        
2025-06-06 12:05:23,157 - INFO - Estagiário Afonso Almeida Luís inserido com sucesso!
2025-06-06 12:05:23,158 - INFO - Executando query: 
            INSERT INTO estagiarios 
            (name, cedula, conselho, morada, estado, email, site, tipo, localidade, codigo_postal, data_inscricao, telefone, fax)
            VALUES 
            (Afonso Boavida, 51122L, Lisboa, Av Visconde Valmor, 31, Activo, afonso.boavida-51122L@adv-est.oa.pt, N/D, advogado, LISBOA, 1050-237 LISBOA, N/D, N/D, N/D)
        
2025-06-06 12:05:23,163 - INFO - Estagiário Afonso Boavida inserido com sucesso!
2025-06-06 12:05:23,164 - INFO - Executando query: 
            INSERT INTO estagiarios 
            (name, cedula, conselho, morada, estado, email, site, tipo, localidade, codigo_postal, data_inscricao, telefone, fax)
            VALUES 
            (Afonso Borges da Costa, 50620L, Lisboa, Av Álvares Cabral, 61-4º Dto, Activo, afonsoborgesdacosta-50620L@adv-est.oa.pt, N/D, advogado, LISBOA, 1250-017 LISBOA, N/D, N/D, N/D)
        
2025-06-06 12:05:23,171 - INFO - Estagiário Afonso Borges da Costa inserido com sucesso!
2025-06-06 12:05:23,171 - INFO - Executando query: 
            INSERT INTO estagiarios 
            (name, cedula, conselho, morada, estado, email, site, tipo, localidade, codigo_postal, data_inscricao, telefone, fax)
            VALUES 
            (Afonso Costa Gomes, 51341L, Lisboa, Av da Liberdade, 110 - 6º, Activo, afonsocostagomes-51341L@adv-est.oa.pt, N/D, advogado, LISBOA, 1250-146 LISBOA, N/D, N/D, N/D)
        
2025-06-06 12:05:23,182 - INFO - Estagiário Afonso Costa Gomes inserido com sucesso!
2025-06-06 12:05:23,183 - INFO - Executando query: 
            INSERT INTO estagiarios 
            (name, cedula, conselho, morada, estado, email, site, tipo, localidade, codigo_postal, data_inscricao, telefone, fax)
            VALUES 
            (Afonso Cunha Somsen, 51118L, Lisboa, Av João Crisóstomo, 31 - 4º A, Activo, afonsosomsen-51118L@adv-est.oa.pt, N/D, advogado, LISBOA, 1050-125 LISBOA, N/D, N/D, N/D)
        
2025-06-06 12:05:23,188 - INFO - Estagiário Afonso Cunha Somsen inserido com sucesso!
2025-06-06 12:05:23,189 - INFO - Executando query: 
            INSERT INTO estagiarios 
            (name, cedula, conselho, morada, estado, email, site, tipo, localidade, codigo_postal, data_inscricao, telefone, fax)
            VALUES 
            (Afonso de Gândara Gomes, 50698L, Lisboa, R Marquês da Fronteira,  111 - Rc  Esq, Activo, afonsodegandaragomes-50698L@adv-est.oa.pt, N/D, advogado, LISBOA, 1070-292 LISBOA, N/D, N/D, N/D)
        
2025-06-06 12:05:23,195 - INFO - Estagiário Afonso de Gândara Gomes inserido com sucesso!
2025-06-06 12:05:23,195 - INFO - Executando query: 
            INSERT INTO estagiarios 
            (name, cedula, conselho, morada, estado, email, site, tipo, localidade, codigo_postal, data_inscricao, telefone, fax)
            VALUES 
            (Afonso Marques, 51020L, Lisboa, Doca de Alcântara Norte - Edifício Diogo Cão, Activo, afonsomarques-51020L@adv-est.oa.pt, N/D, advogado, LISBOA, 1350-352 LISBOA, N/D, N/D, N/D)
        
2025-06-06 12:05:23,202 - INFO - Estagiário Afonso Marques inserido com sucesso!
2025-06-06 12:05:23,203 - INFO - Executando query: 
            INSERT INTO estagiarios 
            (name, cedula, conselho, morada, estado, email, site, tipo, localidade, codigo_postal, data_inscricao, telefone, fax)
            VALUES 
            (Afonso Santos de Carvalho, 50944L, Lisboa, Doca de Alcântara Norte - Edf Diogo Cão, Activo, afonsosantosdecarvalho-50944L@adv-est.oa.pt, N/D, advogado, LISBOA, 1350-352 LISBOA, N/D, N/D, N/D)
        
2025-06-06 12:05:23,210 - INFO - Estagiário Afonso Santos de Carvalho inserido com sucesso!
2025-06-06 12:05:33,982 - WARNING - Não foi possível determinar o total de páginas.
2025-06-06 12:05:45,761 - INFO - Executando query: 
            INSERT INTO estagiarios 
            (name, cedula, conselho, morada, estado, email, site, tipo, localidade, codigo_postal, data_inscricao, telefone, fax)
            VALUES 
            (Afonso Vaz Dias, 50361L, Lisboa, Av da Liberdade, 3 - 3º SL 8/9, Activo, afonsovazdias-50361L@adv-est.oa.pt, N/D, advogado, LISBOA, 1250-139 LISBOA, N/D, N/D, N/D)
        
2025-06-06 12:05:45,769 - INFO - Estagiário Afonso Vaz Dias inserido com sucesso!
2025-06-06 12:05:45,771 - INFO - Executando query: 
            INSERT INTO estagiarios 
            (name, cedula, conselho, morada, estado, email, site, tipo, localidade, codigo_postal, data_inscricao, telefone, fax)
            VALUES 
            (Afonso Vaz Tomé, 47599L, Lisboa, R Alexandre Herculano, 38 - 3º, Activo, afonso.v.tome-47599L@adv-est.oa.pt, N/D, advogado, LISBOA, 1269-180 LISBOA, N/D, N/D, N/D)
        
2025-06-06 12:05:45,775 - INFO - Estagiário Afonso Vaz Tomé inserido com sucesso!
2025-06-06 12:05:45,776 - INFO - Executando query: 
            INSERT INTO estagiarios 
            (name, cedula, conselho, morada, estado, email, site, tipo, localidade, codigo_postal, data_inscricao, telefone, fax)
            VALUES 
            (Alexandra Abalain, 50565L, Lisboa, R Castilho, 39 - 15º, Activo, alexandraabalain-50565L@adv-est.oa.pt, N/D, advogado, LISBOA, 1250-068 LISBOA, N/D, N/D, N/D)
        
2025-06-06 12:05:45,783 - INFO - Estagiário Alexandra Abalain inserido com sucesso!
2025-06-06 12:05:45,785 - INFO - Executando query: 
            INSERT INTO estagiarios 
            (name, cedula, conselho, morada, estado, email, site, tipo, localidade, codigo_postal, data_inscricao, telefone, fax)
            VALUES 
            (Alexandra Caetano Baptista, 51548L, Lisboa, Av Gen Pedro Cardoso, 1, Activo, alexandra.c.baptista-51548L@adv-est.oa.pt, N/D, advogado, CALDAS DA RAINHA, 2500-922 CALDAS DA RAINHA, N/D, N/D, N/D)
        
2025-06-06 12:05:45,794 - INFO - Estagiário Alexandra Caetano Baptista inserido com sucesso!
2025-06-06 12:05:45,795 - INFO - Executando query: 
            INSERT INTO estagiarios 
            (name, cedula, conselho, morada, estado, email, site, tipo, localidade, codigo_postal, data_inscricao, telefone, fax)
            VALUES 
            (Alexandra Christine Beck, 49898L, Lisboa, Av Fontes Pereira de Melo, 6, Activo, alexandra.beck-49898L@adv-est.oa.pt, N/D, advogado, LISBOA, 1050-121 LISBOA, N/D, N/D, N/D)
        
2025-06-06 12:05:45,805 - INFO - Estagiário Alexandra Christine Beck inserido com sucesso!
2025-06-06 12:05:45,806 - INFO - Executando query: 
            INSERT INTO estagiarios 
            (name, cedula, conselho, morada, estado, email, site, tipo, localidade, codigo_postal, data_inscricao, telefone, fax)
            VALUES 
            (Alexandra Figueiredo Silva, 50943L, Lisboa, R dos Remolares, 14 - 2º, Activo, alexandrafsilva-50943L@adv-est.oa.pt, N/D, advogado, LISBOA, 1200-371 LISBOA, N/D, N/D, N/D)
        
2025-06-06 12:05:45,813 - INFO - Estagiário Alexandra Figueiredo Silva inserido com sucesso!
2025-06-06 12:05:45,815 - INFO - Executando query: 
            INSERT INTO estagiarios 
            (name, cedula, conselho, morada, estado, email, site, tipo, localidade, codigo_postal, data_inscricao, telefone, fax)
            VALUES 
            (Alexandra J Oliveira Lopes, 46348L, Lisboa, Av de Roma, 86-1º Esq, Activo, alexandrajoliveiralopes-46348L@adv-est.oa.pt, N/D, advogado, LISBOA, 1700-351 LISBOA, N/D, N/D, N/D)
        
2025-06-06 12:05:45,822 - INFO - Estagiário Alexandra J Oliveira Lopes inserido com sucesso!
2025-06-06 12:05:45,823 - INFO - Executando query: 
            INSERT INTO estagiarios 
            (name, cedula, conselho, morada, estado, email, site, tipo, localidade, codigo_postal, data_inscricao, telefone, fax)
            VALUES 
            (Alexandra Pascoal, 49304L, Lisboa, R João de Freitas Branco, 37 - letra A, Activo, a.pascoal-49304L@adv-est.oa.pt, N/D, advogado, LISBOA, 1500-630 LISBOA, N/D, N/D, N/D)
        
2025-06-06 12:05:45,833 - INFO - Estagiário Alexandra Pascoal inserido com sucesso!
2025-06-06 12:05:45,834 - INFO - Executando query: 
            INSERT INTO estagiarios 
            (name, cedula, conselho, morada, estado, email, site, tipo, localidade, codigo_postal, data_inscricao, telefone, fax)
            VALUES 
            (Alexandra Rebordão de Sousa, 50149L, Lisboa, Av Inf D Henrique, 26, Activo, alexandra.r.sousa-50149L@adv-est.oa.pt, N/D, advogado, LISBOA, 1149-096 LISBOA, N/D, N/D, N/D)
        
2025-06-06 12:05:45,841 - INFO - Estagiário Alexandra Rebordão de Sousa inserido com sucesso!
2025-06-06 12:05:45,842 - INFO - Executando query: 
            INSERT INTO estagiarios 
            (name, cedula, conselho, morada, estado, email, site, tipo, localidade, codigo_postal, data_inscricao, telefone, fax)
            VALUES 
            (Alexandra Seabra Ramos, 50996L, Lisboa, Av Eng Duarte Pacheco, 7 - 7º, Activo, aseabraramos-50996L@adv-est.oa.pt, N/D, advogado, LISBOA, 1070-100 LISBOA, N/D, N/D, N/D)
        
2025-06-06 12:05:45,849 - INFO - Estagiário Alexandra Seabra Ramos inserido com sucesso!
2025-06-06 12:05:56,503 - WARNING - Não foi possível determinar o total de páginas.
2025-06-06 12:06:07,912 - INFO - Executando query: 
            INSERT INTO estagiarios 
            (name, cedula, conselho, morada, estado, email, site, tipo, localidade, codigo_postal, data_inscricao, telefone, fax)
            VALUES 
            (Alexandre Bruno Henriques, 47536L, Lisboa, R Alexandre Herculano, 2 - 3º Dto, Activo, a.henriques-47536l@adv-est.oa.pt, N/D, advogado, LISBOA, 1150-006 LISBOA, N/D, N/D, N/D)
        
2025-06-06 12:06:07,918 - INFO - Estagiário Alexandre Bruno Henriques inserido com sucesso!
2025-06-06 12:06:07,919 - INFO - Executando query: 
            INSERT INTO estagiarios 
            (name, cedula, conselho, morada, estado, email, site, tipo, localidade, codigo_postal, data_inscricao, telefone, fax)
            VALUES 
            (Alexandre Caetano, 39157L, Lisboa, R Andrade, 13 - i, Activo, dr.alecaetano-39157L@adv-est.oa.pt, N/D, advogado, LISBOA, 1170-013 LISBOA, N/D, N/D, N/D)
        
2025-06-06 12:06:07,924 - INFO - Estagiário Alexandre Caetano inserido com sucesso!
2025-06-06 12:06:07,925 - INFO - Executando query: 
            INSERT INTO estagiarios 
            (name, cedula, conselho, morada, estado, email, site, tipo, localidade, codigo_postal, data_inscricao, telefone, fax)
            VALUES 
            (Alexandre da Costa, 51608L, Lisboa, Cc Bento da Rocha Cabral, 1, Activo, alexandredacosta-51608L@adv-est.oa.pt, N/D, advogado, LISBOA, 1250-047 LISBOA, N/D, N/D, N/D)
        
2025-06-06 12:06:07,930 - INFO - Estagiário Alexandre da Costa inserido com sucesso!
2025-06-06 12:06:07,930 - INFO - Executando query: 
            INSERT INTO estagiarios 
            (name, cedula, conselho, morada, estado, email, site, tipo, localidade, codigo_postal, data_inscricao, telefone, fax)
            VALUES 
            (Alexandre Mateus Ferreira, 33200L, Lisboa, R José Carlos dos Santos, 18 - 2º Esq, Activo, amf-33200L@adv-est.oa.pt, N/D, advogado, LISBOA, 1700-271 LISBOA, N/D, N/D, N/D)
        
2025-06-06 12:06:07,938 - INFO - Estagiário Alexandre Mateus Ferreira inserido com sucesso!
2025-06-06 12:06:07,942 - INFO - Executando query: 
            INSERT INTO estagiarios 
            (name, cedula, conselho, morada, estado, email, site, tipo, localidade, codigo_postal, data_inscricao, telefone, fax)
            VALUES 
            (Alexandre Novais, 50366L, Lisboa, Estr Paço Arcos, 66 e 66 A - Sl 2.36 - Belavista Office, Activo, alexandrenovais-50366L@adv-est.oa.pt, N/D, advogado, AGUALVA-CACÉM, 2735-336 AGUALVA-CACÉM, N/D, N/D, N/D)
        
2025-06-06 12:06:07,963 - INFO - Estagiário Alexandre Novais inserido com sucesso!
2025-06-06 12:06:07,963 - INFO - Executando query: 
            INSERT INTO estagiarios 
            (name, cedula, conselho, morada, estado, email, site, tipo, localidade, codigo_postal, data_inscricao, telefone, fax)
            VALUES 
            (Alexandre Pimenta da Cruz, 51464L, Lisboa, Av António Augusto de Aguiar, 90 - 2º, Activo, apimentadacruz-51464L@adv-est.oa.pt, N/D, advogado, LISBOA, 1050-018 LISBOA, N/D, N/D, N/D)
        
2025-06-06 12:06:07,970 - INFO - Estagiário Alexandre Pimenta da Cruz inserido com sucesso!
2025-06-06 12:06:07,970 - INFO - Executando query: 
            INSERT INTO estagiarios 
            (name, cedula, conselho, morada, estado, email, site, tipo, localidade, codigo_postal, data_inscricao, telefone, fax)
            VALUES 
            (Alice Sousa Lara, 49499L, Lisboa, Cc Bento da Rocha Cabral, 1, Activo, asl-49499L@adv-est.oa.pt, N/D, advogado, LISBOA, 1250-047 LISBOA, N/D, N/D, N/D)
        
2025-06-06 12:06:07,976 - INFO - Estagiário Alice Sousa Lara inserido com sucesso!
2025-06-06 12:06:07,977 - INFO - Executando query: 
            INSERT INTO estagiarios 
            (name, cedula, conselho, morada, estado, email, site, tipo, localidade, codigo_postal, data_inscricao, telefone, fax)
            VALUES 
            (Aline Valence Gonçalves, 49433L, Lisboa, Av José Malhoa, 16 B -  2º, Activo, alinegoncalves-49433L@adv-est.oa.pt, N/D, advogado, LISBOA, 1070-159 LISBOA, N/D, N/D, N/D)
        
2025-06-06 12:06:07,982 - INFO - Estagiário Aline Valence Gonçalves inserido com sucesso!
2025-06-06 12:06:07,983 - INFO - Executando query: 
            INSERT INTO estagiarios 
            (name, cedula, conselho, morada, estado, email, site, tipo, localidade, codigo_postal, data_inscricao, telefone, fax)
            VALUES 
            (Amanda Anacleto, 50466L, Lisboa, R S José, 6 - Lj, Activo, amandaanacleto-50466L@adv-est.oa.pt, N/D, advogado, MEM MARTINS, 2725-131 MEM MARTINS, N/D, N/D, N/D)
        
2025-06-06 12:06:07,989 - INFO - Estagiário Amanda Anacleto inserido com sucesso!
2025-06-06 12:06:07,989 - INFO - Executando query: 
            INSERT INTO estagiarios 
            (name, cedula, conselho, morada, estado, email, site, tipo, localidade, codigo_postal, data_inscricao, telefone, fax)
            VALUES 
            (Amaro Cabral Jorge, 50192L, Lisboa, Av Eng Duarte Pacheco, 19, sl 12, Activo, amarocabraljorge-50192L@adv-est.oa.pt, N/D, advogado, LISBOA, 1070-100 LISBOA, N/D, N/D, N/D)
        
2025-06-06 12:06:07,995 - INFO - Estagiário Amaro Cabral Jorge inserido com sucesso!
2025-06-06 12:06:20,415 - WARNING - Não foi possível determinar o total de páginas.
2025-06-06 12:06:34,416 - INFO - Executando query: 
            INSERT INTO estagiarios 
            (name, cedula, conselho, morada, estado, email, site, tipo, localidade, codigo_postal, data_inscricao, telefone, fax)
            VALUES 
            (Amélia Handanga, 51102L, Lisboa, Av Dr Álvaro Vasconcelos, Lt 2-3º B, Activo, ameliahandanga-51102L@adv-est.oa.pt, N/D, advogado, SINTRA, 2710-420 SINTRA, N/D, N/D, N/D)
        
2025-06-06 12:06:34,428 - INFO - Estagiário Amélia Handanga inserido com sucesso!
2025-06-06 12:06:34,428 - INFO - Executando query: 
            INSERT INTO estagiarios 
            (name, cedula, conselho, morada, estado, email, site, tipo, localidade, codigo_postal, data_inscricao, telefone, fax)
            VALUES 
            (Amélia Katiavala, 49555L, Lisboa, R Afonso Praça, 30 - 5º - Edf Torre Monsanto - Miraflores, Activo, ameliakatiavala-49555L@adv-est.oa.pt, N/D, advogado, ALGÉS, 1495-061 ALGÉS, N/D, N/D, N/D)
        
2025-06-06 12:06:34,435 - INFO - Estagiário Amélia Katiavala inserido com sucesso!
2025-06-06 12:06:34,436 - INFO - Executando query: 
            INSERT INTO estagiarios 
            (name, cedula, conselho, morada, estado, email, site, tipo, localidade, codigo_postal, data_inscricao, telefone, fax)
            VALUES 
            (Ana Anahory, 51481L, Lisboa, Pc Marquês de Pombal, 12, Activo, anaanahory-51481L@adv-est.oa.pt, N/D, advogado, LISBOA, 1250-162 LISBOA, N/D, N/D, N/D)
        
2025-06-06 12:06:34,444 - INFO - Estagiário Ana Anahory inserido com sucesso!
2025-06-06 12:06:34,444 - INFO - Executando query: 
            INSERT INTO estagiarios 
            (name, cedula, conselho, morada, estado, email, site, tipo, localidade, codigo_postal, data_inscricao, telefone, fax)
            VALUES 
            (Ana Beatriz Silva, 51365L, Lisboa, R Nove de Abril, 1 - 1º, Sl C, Activo, anabeatrizsilva-51365l@adv-est.oa.pt, N/D, advogado, TORRES VEDRAS, 2560-301 TORRES VEDRAS, N/D, N/D, N/D)
        
2025-06-06 12:06:34,452 - INFO - Estagiário Ana Beatriz Silva inserido com sucesso!
2025-06-06 12:06:34,453 - INFO - Executando query: 
            INSERT INTO estagiarios 
            (name, cedula, conselho, morada, estado, email, site, tipo, localidade, codigo_postal, data_inscricao, telefone, fax)
            VALUES 
            (Ana Chitunda, 51678L, Lisboa, Av António Augusto Aguiar, 25 - 2º Esq, Activo, anachitunda-51678L@adv-est.oa.pt, N/D, advogado, LISBOA, 1050-012 LISBOA, N/D, N/D, N/D)
        
2025-06-06 12:06:34,458 - INFO - Estagiário Ana Chitunda inserido com sucesso!
2025-06-06 12:06:34,460 - INFO - Executando query: 
            INSERT INTO estagiarios 
            (name, cedula, conselho, morada, estado, email, site, tipo, localidade, codigo_postal, data_inscricao, telefone, fax)
            VALUES 
            (Ana Cristina Chanfana, 45042L, Lisboa, R José da Silva Mendes, 4 - 2º Dto, Activo, anacristinachanfana-45042l@adv-est.oa.pt, N/D, advogado, ALMADA, 2805-180 ALMADA, N/D, N/D, N/D)
        
2025-06-06 12:06:34,471 - INFO - Estagiário Ana Cristina Chanfana inserido com sucesso!
2025-06-06 12:06:34,475 - INFO - Executando query: 
            INSERT INTO estagiarios 
            (name, cedula, conselho, morada, estado, email, site, tipo, localidade, codigo_postal, data_inscricao, telefone, fax)
            VALUES 
            (Ana da Silva Figueiredo, 50803L, Lisboa, R Braamcamp, 6 - Rc Dto, Activo, anadasilvafigueiredo-50803L@adv-est.oa.pt, N/D, advogado, LISBOA, 1250-050 LISBOA, N/D, N/D, N/D)
        
2025-06-06 12:06:34,493 - INFO - Estagiário Ana da Silva Figueiredo inserido com sucesso!
2025-06-06 12:06:34,494 - INFO - Executando query: 
            INSERT INTO estagiarios 
            (name, cedula, conselho, morada, estado, email, site, tipo, localidade, codigo_postal, data_inscricao, telefone, fax)
            VALUES 
            (Ana Filipa Ferreira, 51088L, Lisboa, R do Moinho, 18 A - Algueirão, Activo, anaferreira-51088L@adv-est.oa.pt, N/D, advogado, MEM MARTINS, 2725-095 MEM MARTINS, N/D, N/D, N/D)
        
2025-06-06 12:06:34,500 - INFO - Estagiário Ana Filipa Ferreira inserido com sucesso!
2025-06-06 12:06:34,501 - INFO - Executando query: 
            INSERT INTO estagiarios 
            (name, cedula, conselho, morada, estado, email, site, tipo, localidade, codigo_postal, data_inscricao, telefone, fax)
            VALUES 
            (Ana Filipa Pereira de Sousa, 51041L, Lisboa, Av da Índia, 8, Activo, ana.f.pereiradesousa-51041L@adv-est.oa.pt, N/D, advogado, LISBOA, 1349-065 LISBOA, N/D, N/D, N/D)
        
2025-06-06 12:06:34,508 - INFO - Estagiário Ana Filipa Pereira de Sousa inserido com sucesso!
2025-06-06 12:06:34,508 - INFO - Executando query: 
            INSERT INTO estagiarios 
            (name, cedula, conselho, morada, estado, email, site, tipo, localidade, codigo_postal, data_inscricao, telefone, fax)
            VALUES 
            (Ana Lia Mendo, 51490L, Lisboa, Pc Marquês de Pombal, 12, Activo, analia.mendo-51490L@adv-est.oa.pt, N/D, advogado, LISBOA, 1250-162 LISBOA, N/D, N/D, N/D)
        
2025-06-06 12:06:34,515 - INFO - Estagiário Ana Lia Mendo inserido com sucesso!
2025-06-06 12:06:46,590 - WARNING - Não foi possível determinar o total de páginas.
2025-06-06 12:07:00,014 - INFO - Executando query: 
            INSERT INTO estagiarios 
            (name, cedula, conselho, morada, estado, email, site, tipo, localidade, codigo_postal, data_inscricao, telefone, fax)
            VALUES 
            (Ana Luísa Borges, 49380L, Lisboa, Av Inf D Henrique, 26, Activo, ana.luisa.borges-49380L@adv-est.oa.pt, N/D, advogado, LISBOA, 1149-096 LISBOA, N/D, N/D, N/D)
        
2025-06-06 12:07:00,020 - INFO - Estagiário Ana Luísa Borges inserido com sucesso!
2025-06-06 12:07:00,021 - INFO - Executando query: 
            INSERT INTO estagiarios 
            (name, cedula, conselho, morada, estado, email, site, tipo, localidade, codigo_postal, data_inscricao, telefone, fax)
            VALUES 
            (Ana Luisa Frade, 26111L, Lisboa, R Joaquim Ant de Aguiar, 64-1ºE, Activo, analuisafrade-26111l@adv-est.oa.pt, N/D, advogado, LISBOA, 1070-153 LISBOA, N/D, N/D, N/D)
        
2025-06-06 12:07:00,031 - INFO - Estagiário Ana Luisa Frade inserido com sucesso!
2025-06-06 12:07:00,032 - INFO - Executando query: 
            INSERT INTO estagiarios 
            (name, cedula, conselho, morada, estado, email, site, tipo, localidade, codigo_postal, data_inscricao, telefone, fax)
            VALUES 
            (Ana Marçal Guerra, 49406L, Lisboa, Av da Liberdade, 249 - 1º, Activo, amg-49406L@adv-est.oa.pt, N/D, advogado, LISBOA, 1250-143 LISBOA, N/D, N/D, N/D)
        
2025-06-06 12:07:00,042 - INFO - Estagiário Ana Marçal Guerra inserido com sucesso!
2025-06-06 12:07:00,042 - INFO - Executando query: 
            INSERT INTO estagiarios 
            (name, cedula, conselho, morada, estado, email, site, tipo, localidade, codigo_postal, data_inscricao, telefone, fax)
            VALUES 
            (Ana Marchiori, 33740L, Lisboa, Pct Amândio Rodrigues de Sousa, Bl D, RcEsq, Activo, anamarchiori-33740L@adv-est.oa.pt, N/D, advogado, RIO MAIOR, 2040-363 RIO MAIOR, N/D, N/D, N/D)
        
2025-06-06 12:07:00,050 - INFO - Estagiário Ana Marchiori inserido com sucesso!
2025-06-06 12:07:00,050 - INFO - Executando query: 
            INSERT INTO estagiarios 
            (name, cedula, conselho, morada, estado, email, site, tipo, localidade, codigo_postal, data_inscricao, telefone, fax)
            VALUES 
            (Ana Margarida Branco, 51222L, Lisboa, Av Fontes Pereira de Melo, 14 - 15º, Activo, amargaridabranco-51222L@adv-est.oa.pt, N/D, advogado, LISBOA, 1050-121 LISBOA, N/D, N/D, N/D)
        
2025-06-06 12:07:00,055 - INFO - Estagiário Ana Margarida Branco inserido com sucesso!
2025-06-06 12:07:00,057 - INFO - Executando query: 
            INSERT INTO estagiarios 
            (name, cedula, conselho, morada, estado, email, site, tipo, localidade, codigo_postal, data_inscricao, telefone, fax)
            VALUES 
            (Ana Marta Duarte, 50064L, Lisboa, Av Eng Arantes e Oliveira, 1 - RC D, Activo, anamartaduarte-50064L@adv-est.oa.pt, N/D, advogado, LISBOA, 1900-221 LISBOA, N/D, N/D, N/D)
        
2025-06-06 12:07:00,064 - INFO - Estagiário Ana Marta Duarte inserido com sucesso!
2025-06-06 12:07:00,064 - INFO - Executando query: 
            INSERT INTO estagiarios 
            (name, cedula, conselho, morada, estado, email, site, tipo, localidade, codigo_postal, data_inscricao, telefone, fax)
            VALUES 
            (Ana Melo Valadão, 50079L, Lisboa, Pc Príncipe Perfeito, 2, Activo, anamelovaladao-50079L@adv-est.oa.pt, N/D, advogado, LISBOA, 1990-278 LISBOA, N/D, N/D, N/D)
        
2025-06-06 12:07:00,070 - INFO - Estagiário Ana Melo Valadão inserido com sucesso!
2025-06-06 12:07:00,070 - INFO - Executando query: 
            INSERT INTO estagiarios 
            (name, cedula, conselho, morada, estado, email, site, tipo, localidade, codigo_postal, data_inscricao, telefone, fax)
            VALUES 
            (Ana Patrícia M Pereira, 51083L, Lisboa, R Garrett, 64, Activo, anapatriciampereira-51083L@adv-est.oa.pt, N/D, advogado, LISBOA, 1200-204 LISBOA, N/D, N/D, N/D)
        
2025-06-06 12:07:00,077 - INFO - Estagiário Ana Patrícia M Pereira inserido com sucesso!
2025-06-06 12:07:00,077 - INFO - Executando query: 
            INSERT INTO estagiarios 
            (name, cedula, conselho, morada, estado, email, site, tipo, localidade, codigo_postal, data_inscricao, telefone, fax)
            VALUES 
            (Ana Patrícia Magalhães, 51052L, Lisboa, R Castilho, 165, Activo, anapatriciamagalhaes-51052L@adv-est.oa.pt, N/D, advogado, LISBOA, 1070-050 LISBOA, N/D, N/D, N/D)
        
2025-06-06 12:07:00,086 - INFO - Estagiário Ana Patrícia Magalhães inserido com sucesso!
2025-06-06 12:07:00,088 - INFO - Executando query: 
            INSERT INTO estagiarios 
            (name, cedula, conselho, morada, estado, email, site, tipo, localidade, codigo_postal, data_inscricao, telefone, fax)
            VALUES 
            (Ana Pinto Afonso, 27064L, Lisboa, Av D Vicente Afonso Valente - Serra Nova Shopping Center - Lj 50, Activo, anapafonso-27064l@adv-est.oa.pt, N/D, advogado, PÓVOA DE SANTA IRIA, 2625-218 PÓVOA DE SANTA IRIA, N/D, N/D, N/D)
        
2025-06-06 12:07:00,093 - INFO - Estagiário Ana Pinto Afonso inserido com sucesso!
2025-06-06 12:07:06,641 - INFO - Conexão com o banco de dados fechada.
2025-06-06 12:07:06,679 - WARNING - Retrying (Retry(total=2, connect=None, read=None, redirect=None, status=None)) after connection broken by 'ConnectionResetError(10054, 'Uma ligação existente foi forçada a fechar pelo anfitrião remoto', None, 10054, None)': /session/7c60e6be84ddf45e77d3fed598f66934
2025-06-06 12:07:10,767 - WARNING - Retrying (Retry(total=1, connect=None, read=None, redirect=None, status=None)) after connection broken by 'NewConnectionError('<urllib3.connection.HTTPConnection object at 0x000001F514E01F70>: Failed to establish a new connection: [WinError 10061] Nenhuma ligação pôde ser feita porque o computador de destino\r\nas recusou ativamente')': /session/7c60e6be84ddf45e77d3fed598f66934
2025-06-06 12:07:14,858 - WARNING - Retrying (Retry(total=0, connect=None, read=None, redirect=None, status=None)) after connection broken by 'NewConnectionError('<urllib3.connection.HTTPConnection object at 0x000001F514E01B80>: Failed to establish a new connection: [WinError 10061] Nenhuma ligação pôde ser feita porque o computador de destino\r\nas recusou ativamente')': /session/7c60e6be84ddf45e77d3fed598f66934
2025-06-06 12:07:18,947 - INFO - Navegador fechado.
