2025-06-06 15:57:49,349 - INFO - Iniciando o script de scraping...
2025-06-06 15:57:49,399 - INFO - Conexão com o banco de dados estabelecida!
2025-06-06 15:57:49,402 - INFO - Tabela 'advogados' verificada/criada com sucesso!
2025-06-06 15:57:49,403 - INFO - Tabela 'sociedades' verificada/criada com sucesso!
2025-06-06 15:57:49,403 - INFO - Tabela 'estagiarios' verificada/criada com sucesso!
2025-06-06 15:57:49,403 - INFO - ====== WebDriver manager ======
2025-06-06 15:57:50,325 - INFO - Get LATEST chromedriver version for google-chrome
2025-06-06 15:57:50,393 - INFO - Get LATEST chromedriver version for google-chrome
2025-06-06 15:57:50,428 - INFO - Driver [C:\Users\david\.wdm\drivers\chromedriver\win64\137.0.7151.68\chromedriver-win32/chromedriver.exe] found in cache
2025-06-06 15:57:52,395 - INFO - Iniciando: coletar_sociedades_lisboa
2025-06-06 15:57:52,395 - INFO - Iniciando scraping de sociedades de advogados de lisboa...
2025-06-06 15:57:58,490 - ERROR - Erro ao clicar no botão de pesquisa para https://portal.oa.pt/advogados/pesquisa-de-sociedades-de-advogados/?cg=L&r=&n=&lo=&m=&cp=&op=&o=0: Message: invalid session id
Stacktrace:
	GetHandleVerifier [0x0x933763+63299]
	GetHandleVerifier [0x0x9337a4+63364]
	(No symbol) [0x0x760f70]
	(No symbol) [0x0x79c9a8]
	(No symbol) [0x0x7ce436]
	(No symbol) [0x0x7c9f05]
	(No symbol) [0x0x7c9486]
	(No symbol) [0x0x733a05]
	(No symbol) [0x0x733f5e]
	(No symbol) [0x0x7343ed]
	GetHandleVerifier [0x0xb8e033+2531347]
	GetHandleVerifier [0x0xb89332+2511634]
	GetHandleVerifier [0x0x959eda+220858]
	GetHandleVerifier [0x0x94a528+156936]
	GetHandleVerifier [0x0x950c5d+183357]
	(No symbol) [0x0x7336d0]
	(No symbol) [0x0x732edd]
	GetHandleVerifier [0x0xcc7edc+3817148]
	BaseThreadInitThunk [0x0x76235d49+25]
	RtlInitializeExceptionChain [0x0x7716d03b+107]
	RtlGetAppContainerNamedObjectPath [0x0x7716cfc1+561]

2025-06-06 15:57:58,491 - ERROR - Erro ao processar página 1: Message: invalid session id
Stacktrace:
	GetHandleVerifier [0x0x933763+63299]
	GetHandleVerifier [0x0x9337a4+63364]
	(No symbol) [0x0x760f70]
	(No symbol) [0x0x79c9a8]
	(No symbol) [0x0x7ce436]
	(No symbol) [0x0x7c9f05]
	(No symbol) [0x0x7c9486]
	(No symbol) [0x0x733a05]
	(No symbol) [0x0x733f5e]
	(No symbol) [0x0x7343ed]
	GetHandleVerifier [0x0xb8e033+2531347]
	GetHandleVerifier [0x0xb89332+2511634]
	GetHandleVerifier [0x0x959eda+220858]
	GetHandleVerifier [0x0x94a528+156936]
	GetHandleVerifier [0x0x950c5d+183357]
	(No symbol) [0x0x7336d0]
	(No symbol) [0x0x732edd]
	GetHandleVerifier [0x0xcc7edc+3817148]
	BaseThreadInitThunk [0x0x76235d49+25]
	RtlInitializeExceptionChain [0x0x7716d03b+107]
	RtlGetAppContainerNamedObjectPath [0x0x7716cfc1+561]

2025-06-06 15:57:58,492 - ERROR - Erro ao processar página 2: Message: invalid session id
Stacktrace:
	GetHandleVerifier [0x0x933763+63299]
	GetHandleVerifier [0x0x9337a4+63364]
	(No symbol) [0x0x760f70]
	(No symbol) [0x0x79c9a8]
	(No symbol) [0x0x7ce436]
	(No symbol) [0x0x7c9f05]
	(No symbol) [0x0x7c9486]
	(No symbol) [0x0x733a05]
	(No symbol) [0x0x733f5e]
	(No symbol) [0x0x7343ed]
	GetHandleVerifier [0x0xb8e033+2531347]
	GetHandleVerifier [0x0xb89332+2511634]
	GetHandleVerifier [0x0x959eda+220858]
	GetHandleVerifier [0x0x94a528+156936]
	GetHandleVerifier [0x0x950c5d+183357]
	(No symbol) [0x0x7336d0]
	(No symbol) [0x0x732edd]
	GetHandleVerifier [0x0xcc7edc+3817148]
	BaseThreadInitThunk [0x0x76235d49+25]
	RtlInitializeExceptionChain [0x0x7716d03b+107]
	RtlGetAppContainerNamedObjectPath [0x0x7716cfc1+561]

2025-06-06 15:57:58,493 - ERROR - Erro ao processar página 3: Message: invalid session id
Stacktrace:
	GetHandleVerifier [0x0x933763+63299]
	GetHandleVerifier [0x0x9337a4+63364]
	(No symbol) [0x0x760f70]
	(No symbol) [0x0x79c9a8]
	(No symbol) [0x0x7ce436]
	(No symbol) [0x0x7c9f05]
	(No symbol) [0x0x7c9486]
	(No symbol) [0x0x733a05]
	(No symbol) [0x0x733f5e]
	(No symbol) [0x0x7343ed]
	GetHandleVerifier [0x0xb8e033+2531347]
	GetHandleVerifier [0x0xb89332+2511634]
	GetHandleVerifier [0x0x959eda+220858]
	GetHandleVerifier [0x0x94a528+156936]
	GetHandleVerifier [0x0x950c5d+183357]
	(No symbol) [0x0x7336d0]
	(No symbol) [0x0x732edd]
	GetHandleVerifier [0x0xcc7edc+3817148]
	BaseThreadInitThunk [0x0x76235d49+25]
	RtlInitializeExceptionChain [0x0x7716d03b+107]
	RtlGetAppContainerNamedObjectPath [0x0x7716cfc1+561]

2025-06-06 15:57:58,493 - WARNING - coletar_sociedades_lisboa retornou 0 registros
2025-06-06 15:57:58,493 - INFO - Iniciando: coletar_sociedades_porto
2025-06-06 15:57:58,493 - INFO - Iniciando scraping de sociedades de advogados do porto...
2025-06-06 15:57:58,494 - ERROR - Erro em coletar_sociedades_porto: Message: invalid session id
Stacktrace:
	GetHandleVerifier [0x0x933763+63299]
	GetHandleVerifier [0x0x9337a4+63364]
	(No symbol) [0x0x760f70]
	(No symbol) [0x0x79c9a8]
	(No symbol) [0x0x7ce436]
	(No symbol) [0x0x7c9f05]
	(No symbol) [0x0x7c9486]
	(No symbol) [0x0x733a05]
	(No symbol) [0x0x733f5e]
	(No symbol) [0x0x7343ed]
	GetHandleVerifier [0x0xb8e033+2531347]
	GetHandleVerifier [0x0xb89332+2511634]
	GetHandleVerifier [0x0x959eda+220858]
	GetHandleVerifier [0x0x94a528+156936]
	GetHandleVerifier [0x0x950c5d+183357]
	(No symbol) [0x0x7336d0]
	(No symbol) [0x0x732edd]
	GetHandleVerifier [0x0xcc7edc+3817148]
	BaseThreadInitThunk [0x0x76235d49+25]
	RtlInitializeExceptionChain [0x0x7716d03b+107]
	RtlGetAppContainerNamedObjectPath [0x0x7716cfc1+561]

2025-06-06 15:57:58,494 - INFO - Iniciando: coletar_sociedades_coimbra
2025-06-06 15:57:58,494 - INFO - Iniciando scraping de sociedades de advogados de coimbra...
2025-06-06 15:57:58,495 - ERROR - Erro em coletar_sociedades_coimbra: Message: invalid session id
Stacktrace:
	GetHandleVerifier [0x0x933763+63299]
	GetHandleVerifier [0x0x9337a4+63364]
	(No symbol) [0x0x760f70]
	(No symbol) [0x0x79c9a8]
	(No symbol) [0x0x7ce436]
	(No symbol) [0x0x7c9f05]
	(No symbol) [0x0x7c9486]
	(No symbol) [0x0x733a05]
	(No symbol) [0x0x733f5e]
	(No symbol) [0x0x7343ed]
	GetHandleVerifier [0x0xb8e033+2531347]
	GetHandleVerifier [0x0xb89332+2511634]
	GetHandleVerifier [0x0x959eda+220858]
	GetHandleVerifier [0x0x94a528+156936]
	GetHandleVerifier [0x0x950c5d+183357]
	(No symbol) [0x0x7336d0]
	(No symbol) [0x0x732edd]
	GetHandleVerifier [0x0xcc7edc+3817148]
	BaseThreadInitThunk [0x0x76235d49+25]
	RtlInitializeExceptionChain [0x0x7716d03b+107]
	RtlGetAppContainerNamedObjectPath [0x0x7716cfc1+561]

2025-06-06 15:57:58,495 - INFO - Iniciando: coletar_sociedades_evora
2025-06-06 15:57:58,495 - INFO - Iniciando scraping de sociedades de advogados de evora...
2025-06-06 15:57:58,496 - ERROR - Erro em coletar_sociedades_evora: Message: invalid session id
Stacktrace:
	GetHandleVerifier [0x0x933763+63299]
	GetHandleVerifier [0x0x9337a4+63364]
	(No symbol) [0x0x760f70]
	(No symbol) [0x0x79c9a8]
	(No symbol) [0x0x7ce436]
	(No symbol) [0x0x7c9f05]
	(No symbol) [0x0x7c9486]
	(No symbol) [0x0x733a05]
	(No symbol) [0x0x733f5e]
	(No symbol) [0x0x7343ed]
	GetHandleVerifier [0x0xb8e033+2531347]
	GetHandleVerifier [0x0xb89332+2511634]
	GetHandleVerifier [0x0x959eda+220858]
	GetHandleVerifier [0x0x94a528+156936]
	GetHandleVerifier [0x0x950c5d+183357]
	(No symbol) [0x0x7336d0]
	(No symbol) [0x0x732edd]
	GetHandleVerifier [0x0xcc7edc+3817148]
	BaseThreadInitThunk [0x0x76235d49+25]
	RtlInitializeExceptionChain [0x0x7716d03b+107]
	RtlGetAppContainerNamedObjectPath [0x0x7716cfc1+561]

2025-06-06 15:57:58,496 - INFO - Iniciando: coletar_sociedades_faro
2025-06-06 15:57:58,496 - INFO - Iniciando scraping de sociedades de advogados de faro...
2025-06-06 15:57:58,496 - ERROR - Erro em coletar_sociedades_faro: Message: invalid session id
Stacktrace:
	GetHandleVerifier [0x0x933763+63299]
	GetHandleVerifier [0x0x9337a4+63364]
	(No symbol) [0x0x760f70]
	(No symbol) [0x0x79c9a8]
	(No symbol) [0x0x7ce436]
	(No symbol) [0x0x7c9f05]
	(No symbol) [0x0x7c9486]
	(No symbol) [0x0x733a05]
	(No symbol) [0x0x733f5e]
	(No symbol) [0x0x7343ed]
	GetHandleVerifier [0x0xb8e033+2531347]
	GetHandleVerifier [0x0xb89332+2511634]
	GetHandleVerifier [0x0x959eda+220858]
	GetHandleVerifier [0x0x94a528+156936]
	GetHandleVerifier [0x0x950c5d+183357]
	(No symbol) [0x0x7336d0]
	(No symbol) [0x0x732edd]
	GetHandleVerifier [0x0xcc7edc+3817148]
	BaseThreadInitThunk [0x0x76235d49+25]
	RtlInitializeExceptionChain [0x0x7716d03b+107]
	RtlGetAppContainerNamedObjectPath [0x0x7716cfc1+561]

2025-06-06 15:57:58,497 - INFO - Iniciando: coletar_sociedades_madeira
2025-06-06 15:57:58,497 - INFO - Iniciando scraping de sociedades de advogados da madeira...
2025-06-06 15:57:58,497 - ERROR - Erro em coletar_sociedades_madeira: Message: invalid session id
Stacktrace:
	GetHandleVerifier [0x0x933763+63299]
	GetHandleVerifier [0x0x9337a4+63364]
	(No symbol) [0x0x760f70]
	(No symbol) [0x0x79c9a8]
	(No symbol) [0x0x7ce436]
	(No symbol) [0x0x7c9f05]
	(No symbol) [0x0x7c9486]
	(No symbol) [0x0x733a05]
	(No symbol) [0x0x733f5e]
	(No symbol) [0x0x7343ed]
	GetHandleVerifier [0x0xb8e033+2531347]
	GetHandleVerifier [0x0xb89332+2511634]
	GetHandleVerifier [0x0x959eda+220858]
	GetHandleVerifier [0x0x94a528+156936]
	GetHandleVerifier [0x0x950c5d+183357]
	(No symbol) [0x0x7336d0]
	(No symbol) [0x0x732edd]
	GetHandleVerifier [0x0xcc7edc+3817148]
	BaseThreadInitThunk [0x0x76235d49+25]
	RtlInitializeExceptionChain [0x0x7716d03b+107]
	RtlGetAppContainerNamedObjectPath [0x0x7716cfc1+561]

2025-06-06 15:57:58,497 - INFO - Iniciando: coletar_sociedades_acores
2025-06-06 15:57:58,497 - INFO - Iniciando scraping de sociedades de advogados da madeira...
2025-06-06 15:57:58,498 - ERROR - Erro em coletar_sociedades_acores: Message: invalid session id
Stacktrace:
	GetHandleVerifier [0x0x933763+63299]
	GetHandleVerifier [0x0x9337a4+63364]
	(No symbol) [0x0x760f70]
	(No symbol) [0x0x79c9a8]
	(No symbol) [0x0x7ce436]
	(No symbol) [0x0x7c9f05]
	(No symbol) [0x0x7c9486]
	(No symbol) [0x0x733a05]
	(No symbol) [0x0x733f5e]
	(No symbol) [0x0x7343ed]
	GetHandleVerifier [0x0xb8e033+2531347]
	GetHandleVerifier [0x0xb89332+2511634]
	GetHandleVerifier [0x0x959eda+220858]
	GetHandleVerifier [0x0x94a528+156936]
	GetHandleVerifier [0x0x950c5d+183357]
	(No symbol) [0x0x7336d0]
	(No symbol) [0x0x732edd]
	GetHandleVerifier [0x0xcc7edc+3817148]
	BaseThreadInitThunk [0x0x76235d49+25]
	RtlInitializeExceptionChain [0x0x7716d03b+107]
	RtlGetAppContainerNamedObjectPath [0x0x7716cfc1+561]

2025-06-06 15:57:58,500 - INFO - Iniciando: coletar_sociedades_braga
2025-06-06 15:57:58,500 - INFO - Iniciando scraping de sociedades de advogados da madeira...
2025-06-06 15:57:58,500 - ERROR - Erro em coletar_sociedades_braga: Message: invalid session id
Stacktrace:
	GetHandleVerifier [0x0x933763+63299]
	GetHandleVerifier [0x0x9337a4+63364]
	(No symbol) [0x0x760f70]
	(No symbol) [0x0x79c9a8]
	(No symbol) [0x0x7ce436]
	(No symbol) [0x0x7c9f05]
	(No symbol) [0x0x7c9486]
	(No symbol) [0x0x733a05]
	(No symbol) [0x0x733f5e]
	(No symbol) [0x0x7343ed]
	GetHandleVerifier [0x0xb8e033+2531347]
	GetHandleVerifier [0x0xb89332+2511634]
	GetHandleVerifier [0x0x959eda+220858]
	GetHandleVerifier [0x0x94a528+156936]
	GetHandleVerifier [0x0x950c5d+183357]
	(No symbol) [0x0x7336d0]
	(No symbol) [0x0x732edd]
	GetHandleVerifier [0x0xcc7edc+3817148]
	BaseThreadInitThunk [0x0x76235d49+25]
	RtlInitializeExceptionChain [0x0x7716d03b+107]
	RtlGetAppContainerNamedObjectPath [0x0x7716cfc1+561]

2025-06-06 15:57:58,500 - INFO - Iniciando: coletar_estagiarios_lisboa
2025-06-06 15:57:58,500 - INFO - Iniciando scraping de estagiários...
2025-06-06 15:57:58,502 - ERROR - Erro em coletar_estagiarios_lisboa: Message: invalid session id
Stacktrace:
	GetHandleVerifier [0x0x933763+63299]
	GetHandleVerifier [0x0x9337a4+63364]
	(No symbol) [0x0x760f70]
	(No symbol) [0x0x79c9a8]
	(No symbol) [0x0x7ce436]
	(No symbol) [0x0x7c9f05]
	(No symbol) [0x0x7c9486]
	(No symbol) [0x0x733a05]
	(No symbol) [0x0x733f5e]
	(No symbol) [0x0x7343ed]
	GetHandleVerifier [0x0xb8e033+2531347]
	GetHandleVerifier [0x0xb89332+2511634]
	GetHandleVerifier [0x0x959eda+220858]
	GetHandleVerifier [0x0x94a528+156936]
	GetHandleVerifier [0x0x950c5d+183357]
	(No symbol) [0x0x7336d0]
	(No symbol) [0x0x732edd]
	GetHandleVerifier [0x0xcc7edc+3817148]
	BaseThreadInitThunk [0x0x76235d49+25]
	RtlInitializeExceptionChain [0x0x7716d03b+107]
	RtlGetAppContainerNamedObjectPath [0x0x7716cfc1+561]

2025-06-06 15:57:58,502 - INFO - Iniciando: coletar_estagiarios_porto
2025-06-06 15:57:58,502 - INFO - Iniciando scraping de estagiários...
2025-06-06 15:57:58,503 - ERROR - Erro em coletar_estagiarios_porto: Message: invalid session id
Stacktrace:
	GetHandleVerifier [0x0x933763+63299]
	GetHandleVerifier [0x0x9337a4+63364]
	(No symbol) [0x0x760f70]
	(No symbol) [0x0x79c9a8]
	(No symbol) [0x0x7ce436]
	(No symbol) [0x0x7c9f05]
	(No symbol) [0x0x7c9486]
	(No symbol) [0x0x733a05]
	(No symbol) [0x0x733f5e]
	(No symbol) [0x0x7343ed]
	GetHandleVerifier [0x0xb8e033+2531347]
	GetHandleVerifier [0x0xb89332+2511634]
	GetHandleVerifier [0x0x959eda+220858]
	GetHandleVerifier [0x0x94a528+156936]
	GetHandleVerifier [0x0x950c5d+183357]
	(No symbol) [0x0x7336d0]
	(No symbol) [0x0x732edd]
	GetHandleVerifier [0x0xcc7edc+3817148]
	BaseThreadInitThunk [0x0x76235d49+25]
	RtlInitializeExceptionChain [0x0x7716d03b+107]
	RtlGetAppContainerNamedObjectPath [0x0x7716cfc1+561]

2025-06-06 15:57:58,503 - INFO - Iniciando: coletar_estagiarios_coimbra
2025-06-06 15:57:58,503 - INFO - Iniciando scraping de estagiários...
2025-06-06 15:57:58,504 - ERROR - Erro em coletar_estagiarios_coimbra: Message: invalid session id
Stacktrace:
	GetHandleVerifier [0x0x933763+63299]
	GetHandleVerifier [0x0x9337a4+63364]
	(No symbol) [0x0x760f70]
	(No symbol) [0x0x79c9a8]
	(No symbol) [0x0x7ce436]
	(No symbol) [0x0x7c9f05]
	(No symbol) [0x0x7c9486]
	(No symbol) [0x0x733a05]
	(No symbol) [0x0x733f5e]
	(No symbol) [0x0x7343ed]
	GetHandleVerifier [0x0xb8e033+2531347]
	GetHandleVerifier [0x0xb89332+2511634]
	GetHandleVerifier [0x0x959eda+220858]
	GetHandleVerifier [0x0x94a528+156936]
	GetHandleVerifier [0x0x950c5d+183357]
	(No symbol) [0x0x7336d0]
	(No symbol) [0x0x732edd]
	GetHandleVerifier [0x0xcc7edc+3817148]
	BaseThreadInitThunk [0x0x76235d49+25]
	RtlInitializeExceptionChain [0x0x7716d03b+107]
	RtlGetAppContainerNamedObjectPath [0x0x7716cfc1+561]

2025-06-06 15:57:58,504 - INFO - Iniciando: coletar_estagiarios_evora
2025-06-06 15:57:58,504 - INFO - Iniciando scraping de estagiários...
2025-06-06 15:57:58,505 - ERROR - Erro em coletar_estagiarios_evora: Message: invalid session id
Stacktrace:
	GetHandleVerifier [0x0x933763+63299]
	GetHandleVerifier [0x0x9337a4+63364]
	(No symbol) [0x0x760f70]
	(No symbol) [0x0x79c9a8]
	(No symbol) [0x0x7ce436]
	(No symbol) [0x0x7c9f05]
	(No symbol) [0x0x7c9486]
	(No symbol) [0x0x733a05]
	(No symbol) [0x0x733f5e]
	(No symbol) [0x0x7343ed]
	GetHandleVerifier [0x0xb8e033+2531347]
	GetHandleVerifier [0x0xb89332+2511634]
	GetHandleVerifier [0x0x959eda+220858]
	GetHandleVerifier [0x0x94a528+156936]
	GetHandleVerifier [0x0x950c5d+183357]
	(No symbol) [0x0x7336d0]
	(No symbol) [0x0x732edd]
	GetHandleVerifier [0x0xcc7edc+3817148]
	BaseThreadInitThunk [0x0x76235d49+25]
	RtlInitializeExceptionChain [0x0x7716d03b+107]
	RtlGetAppContainerNamedObjectPath [0x0x7716cfc1+561]

2025-06-06 15:57:58,505 - INFO - Iniciando: coletar_estagiarios_faro
2025-06-06 15:57:58,505 - INFO - Iniciando scraping de estagiários...
2025-06-06 15:57:58,506 - ERROR - Erro em coletar_estagiarios_faro: Message: invalid session id
Stacktrace:
	GetHandleVerifier [0x0x933763+63299]
	GetHandleVerifier [0x0x9337a4+63364]
	(No symbol) [0x0x760f70]
	(No symbol) [0x0x79c9a8]
	(No symbol) [0x0x7ce436]
	(No symbol) [0x0x7c9f05]
	(No symbol) [0x0x7c9486]
	(No symbol) [0x0x733a05]
	(No symbol) [0x0x733f5e]
	(No symbol) [0x0x7343ed]
	GetHandleVerifier [0x0xb8e033+2531347]
	GetHandleVerifier [0x0xb89332+2511634]
	GetHandleVerifier [0x0x959eda+220858]
	GetHandleVerifier [0x0x94a528+156936]
	GetHandleVerifier [0x0x950c5d+183357]
	(No symbol) [0x0x7336d0]
	(No symbol) [0x0x732edd]
	GetHandleVerifier [0x0xcc7edc+3817148]
	BaseThreadInitThunk [0x0x76235d49+25]
	RtlInitializeExceptionChain [0x0x7716d03b+107]
	RtlGetAppContainerNamedObjectPath [0x0x7716cfc1+561]

2025-06-06 15:57:58,506 - INFO - Iniciando: coletar_estagiarios_madeira
2025-06-06 15:57:58,506 - INFO - Iniciando scraping de estagiários...
2025-06-06 15:57:58,507 - ERROR - Erro em coletar_estagiarios_madeira: Message: invalid session id
Stacktrace:
	GetHandleVerifier [0x0x933763+63299]
	GetHandleVerifier [0x0x9337a4+63364]
	(No symbol) [0x0x760f70]
	(No symbol) [0x0x79c9a8]
	(No symbol) [0x0x7ce436]
	(No symbol) [0x0x7c9f05]
	(No symbol) [0x0x7c9486]
	(No symbol) [0x0x733a05]
	(No symbol) [0x0x733f5e]
	(No symbol) [0x0x7343ed]
	GetHandleVerifier [0x0xb8e033+2531347]
	GetHandleVerifier [0x0xb89332+2511634]
	GetHandleVerifier [0x0x959eda+220858]
	GetHandleVerifier [0x0x94a528+156936]
	GetHandleVerifier [0x0x950c5d+183357]
	(No symbol) [0x0x7336d0]
	(No symbol) [0x0x732edd]
	GetHandleVerifier [0x0xcc7edc+3817148]
	BaseThreadInitThunk [0x0x76235d49+25]
	RtlInitializeExceptionChain [0x0x7716d03b+107]
	RtlGetAppContainerNamedObjectPath [0x0x7716cfc1+561]

2025-06-06 15:57:58,508 - INFO - Iniciando: coletar_estagiarios_acores
2025-06-06 15:57:58,508 - INFO - Iniciando scraping de estagiários...
2025-06-06 15:57:58,509 - ERROR - Erro em coletar_estagiarios_acores: Message: invalid session id
Stacktrace:
	GetHandleVerifier [0x0x933763+63299]
	GetHandleVerifier [0x0x9337a4+63364]
	(No symbol) [0x0x760f70]
	(No symbol) [0x0x79c9a8]
	(No symbol) [0x0x7ce436]
	(No symbol) [0x0x7c9f05]
	(No symbol) [0x0x7c9486]
	(No symbol) [0x0x733a05]
	(No symbol) [0x0x733f5e]
	(No symbol) [0x0x7343ed]
	GetHandleVerifier [0x0xb8e033+2531347]
	GetHandleVerifier [0x0xb89332+2511634]
	GetHandleVerifier [0x0x959eda+220858]
	GetHandleVerifier [0x0x94a528+156936]
	GetHandleVerifier [0x0x950c5d+183357]
	(No symbol) [0x0x7336d0]
	(No symbol) [0x0x732edd]
	GetHandleVerifier [0x0xcc7edc+3817148]
	BaseThreadInitThunk [0x0x76235d49+25]
	RtlInitializeExceptionChain [0x0x7716d03b+107]
	RtlGetAppContainerNamedObjectPath [0x0x7716cfc1+561]

2025-06-06 15:57:58,509 - INFO - Iniciando: coletar_estagiarios_braga
2025-06-06 15:57:58,509 - INFO - Iniciando scraping de estagiários...
2025-06-06 15:57:58,510 - ERROR - Erro em coletar_estagiarios_braga: Message: invalid session id
Stacktrace:
	GetHandleVerifier [0x0x933763+63299]
	GetHandleVerifier [0x0x9337a4+63364]
	(No symbol) [0x0x760f70]
	(No symbol) [0x0x79c9a8]
	(No symbol) [0x0x7ce436]
	(No symbol) [0x0x7c9f05]
	(No symbol) [0x0x7c9486]
	(No symbol) [0x0x733a05]
	(No symbol) [0x0x733f5e]
	(No symbol) [0x0x7343ed]
	GetHandleVerifier [0x0xb8e033+2531347]
	GetHandleVerifier [0x0xb89332+2511634]
	GetHandleVerifier [0x0x959eda+220858]
	GetHandleVerifier [0x0x94a528+156936]
	GetHandleVerifier [0x0x950c5d+183357]
	(No symbol) [0x0x7336d0]
	(No symbol) [0x0x732edd]
	GetHandleVerifier [0x0xcc7edc+3817148]
	BaseThreadInitThunk [0x0x76235d49+25]
	RtlInitializeExceptionChain [0x0x7716d03b+107]
	RtlGetAppContainerNamedObjectPath [0x0x7716cfc1+561]

2025-06-06 15:57:58,510 - INFO - Iniciando: coletar_tribunais
2025-06-06 15:57:58,510 - INFO - Iniciando scraping de tribunais...
2025-06-06 15:57:58,512 - ERROR - Erro em coletar_tribunais: Message: invalid session id
Stacktrace:
	GetHandleVerifier [0x0x933763+63299]
	GetHandleVerifier [0x0x9337a4+63364]
	(No symbol) [0x0x760f70]
	(No symbol) [0x0x79c9a8]
	(No symbol) [0x0x7ce436]
	(No symbol) [0x0x7c9f05]
	(No symbol) [0x0x7c9486]
	(No symbol) [0x0x733a05]
	(No symbol) [0x0x733f5e]
	(No symbol) [0x0x7343ed]
	GetHandleVerifier [0x0xb8e033+2531347]
	GetHandleVerifier [0x0xb89332+2511634]
	GetHandleVerifier [0x0x959eda+220858]
	GetHandleVerifier [0x0x94a528+156936]
	GetHandleVerifier [0x0x950c5d+183357]
	(No symbol) [0x0x7336d0]
	(No symbol) [0x0x732edd]
	GetHandleVerifier [0x0xcc7edc+3817148]
	BaseThreadInitThunk [0x0x76235d49+25]
	RtlInitializeExceptionChain [0x0x7716d03b+107]
	RtlGetAppContainerNamedObjectPath [0x0x7716cfc1+561]

2025-06-06 15:57:58,512 - INFO - Iniciando: coletar_julgados
2025-06-06 15:57:58,512 - INFO - Iniciando scraping de julgados de paz...
2025-06-06 15:57:58,513 - ERROR - Erro em coletar_julgados: Message: invalid session id
Stacktrace:
	GetHandleVerifier [0x0x933763+63299]
	GetHandleVerifier [0x0x9337a4+63364]
	(No symbol) [0x0x760f70]
	(No symbol) [0x0x79c9a8]
	(No symbol) [0x0x7ce436]
	(No symbol) [0x0x7c9f05]
	(No symbol) [0x0x7c9486]
	(No symbol) [0x0x733a05]
	(No symbol) [0x0x733f5e]
	(No symbol) [0x0x7343ed]
	GetHandleVerifier [0x0xb8e033+2531347]
	GetHandleVerifier [0x0xb89332+2511634]
	GetHandleVerifier [0x0x959eda+220858]
	GetHandleVerifier [0x0x94a528+156936]
	GetHandleVerifier [0x0x950c5d+183357]
	(No symbol) [0x0x7336d0]
	(No symbol) [0x0x732edd]
	GetHandleVerifier [0x0xcc7edc+3817148]
	BaseThreadInitThunk [0x0x76235d49+25]
	RtlInitializeExceptionChain [0x0x7716d03b+107]
	RtlGetAppContainerNamedObjectPath [0x0x7716cfc1+561]

2025-06-06 15:57:58,513 - INFO - Iniciando: coletar_osae
2025-06-06 15:57:58,513 - INFO - Iniciando scraping do OSAE...
2025-06-06 15:57:58,514 - ERROR - Erro em coletar_osae: Message: invalid session id
Stacktrace:
	GetHandleVerifier [0x0x933763+63299]
	GetHandleVerifier [0x0x9337a4+63364]
	(No symbol) [0x0x760f70]
	(No symbol) [0x0x79c9a8]
	(No symbol) [0x0x7ce436]
	(No symbol) [0x0x7c9f05]
	(No symbol) [0x0x7c9486]
	(No symbol) [0x0x733a05]
	(No symbol) [0x0x733f5e]
	(No symbol) [0x0x7343ed]
	GetHandleVerifier [0x0xb8e033+2531347]
	GetHandleVerifier [0x0xb89332+2511634]
	GetHandleVerifier [0x0x959eda+220858]
	GetHandleVerifier [0x0x94a528+156936]
	GetHandleVerifier [0x0x950c5d+183357]
	(No symbol) [0x0x7336d0]
	(No symbol) [0x0x732edd]
	GetHandleVerifier [0x0xcc7edc+3817148]
	BaseThreadInitThunk [0x0x76235d49+25]
	RtlInitializeExceptionChain [0x0x7716d03b+107]
	RtlGetAppContainerNamedObjectPath [0x0x7716cfc1+561]

2025-06-06 15:57:58,514 - INFO - Iniciando: coletar_advogados_angola
2025-06-06 15:57:58,514 - INFO - Iniciando scraping de advogados de Angola...
2025-06-06 15:57:58,515 - ERROR - Erro ao carregar dados de advogados de Angola: Message: invalid session id
Stacktrace:
	GetHandleVerifier [0x0x933763+63299]
	GetHandleVerifier [0x0x9337a4+63364]
	(No symbol) [0x0x760f70]
	(No symbol) [0x0x79c9a8]
	(No symbol) [0x0x7ce436]
	(No symbol) [0x0x7c9f05]
	(No symbol) [0x0x7c9486]
	(No symbol) [0x0x733a05]
	(No symbol) [0x0x733f5e]
	(No symbol) [0x0x7343ed]
	GetHandleVerifier [0x0xb8e033+2531347]
	GetHandleVerifier [0x0xb89332+2511634]
	GetHandleVerifier [0x0x959eda+220858]
	GetHandleVerifier [0x0x94a528+156936]
	GetHandleVerifier [0x0x950c5d+183357]
	(No symbol) [0x0x7336d0]
	(No symbol) [0x0x732edd]
	GetHandleVerifier [0x0xcc7edc+3817148]
	BaseThreadInitThunk [0x0x76235d49+25]
	RtlInitializeExceptionChain [0x0x7716d03b+107]
	RtlGetAppContainerNamedObjectPath [0x0x7716cfc1+561]

2025-06-06 15:57:58,516 - ERROR - Erro em coletar_advogados_angola: Message: invalid session id
Stacktrace:
	GetHandleVerifier [0x0x933763+63299]
	GetHandleVerifier [0x0x9337a4+63364]
	(No symbol) [0x0x760f70]
	(No symbol) [0x0x79c9a8]
	(No symbol) [0x0x7ce436]
	(No symbol) [0x0x7c9f05]
	(No symbol) [0x0x7c9486]
	(No symbol) [0x0x733a05]
	(No symbol) [0x0x733f5e]
	(No symbol) [0x0x7343ed]
	GetHandleVerifier [0x0xb8e033+2531347]
	GetHandleVerifier [0x0xb89332+2511634]
	GetHandleVerifier [0x0x959eda+220858]
	GetHandleVerifier [0x0x94a528+156936]
	GetHandleVerifier [0x0x950c5d+183357]
	(No symbol) [0x0x7336d0]
	(No symbol) [0x0x732edd]
	GetHandleVerifier [0x0xcc7edc+3817148]
	BaseThreadInitThunk [0x0x76235d49+25]
	RtlInitializeExceptionChain [0x0x7716d03b+107]
	RtlGetAppContainerNamedObjectPath [0x0x7716cfc1+561]

2025-06-06 15:57:58,516 - INFO - Iniciando: coletar_camaras_municipais
2025-06-06 15:57:58,516 - INFO - Iniciando scraping de câmaras municipais...
2025-06-06 15:57:58,517 - ERROR - Erro em coletar_camaras_municipais: Message: invalid session id
Stacktrace:
	GetHandleVerifier [0x0x933763+63299]
	GetHandleVerifier [0x0x9337a4+63364]
	(No symbol) [0x0x760f70]
	(No symbol) [0x0x79c9a8]
	(No symbol) [0x0x7ce436]
	(No symbol) [0x0x7c9f05]
	(No symbol) [0x0x7c9486]
	(No symbol) [0x0x733a05]
	(No symbol) [0x0x733f5e]
	(No symbol) [0x0x7343ed]
	GetHandleVerifier [0x0xb8e033+2531347]
	GetHandleVerifier [0x0xb89332+2511634]
	GetHandleVerifier [0x0x959eda+220858]
	GetHandleVerifier [0x0x94a528+156936]
	GetHandleVerifier [0x0x950c5d+183357]
	(No symbol) [0x0x7336d0]
	(No symbol) [0x0x732edd]
	GetHandleVerifier [0x0xcc7edc+3817148]
	BaseThreadInitThunk [0x0x76235d49+25]
	RtlInitializeExceptionChain [0x0x7716d03b+107]
	RtlGetAppContainerNamedObjectPath [0x0x7716cfc1+561]

2025-06-06 15:57:58,517 - INFO - Iniciando: coletar_atlas_cplp
2025-06-06 15:57:58,517 - INFO - Iniciando scraping do Atlas CPLP...
2025-06-06 15:57:58,518 - ERROR - Erro em coletar_atlas_cplp: Message: invalid session id
Stacktrace:
	GetHandleVerifier [0x0x933763+63299]
	GetHandleVerifier [0x0x9337a4+63364]
	(No symbol) [0x0x760f70]
	(No symbol) [0x0x79c9a8]
	(No symbol) [0x0x7ce436]
	(No symbol) [0x0x7c9f05]
	(No symbol) [0x0x7c9486]
	(No symbol) [0x0x733a05]
	(No symbol) [0x0x733f5e]
	(No symbol) [0x0x7343ed]
	GetHandleVerifier [0x0xb8e033+2531347]
	GetHandleVerifier [0x0xb89332+2511634]
	GetHandleVerifier [0x0x959eda+220858]
	GetHandleVerifier [0x0x94a528+156936]
	GetHandleVerifier [0x0x950c5d+183357]
	(No symbol) [0x0x7336d0]
	(No symbol) [0x0x732edd]
	GetHandleVerifier [0x0xcc7edc+3817148]
	BaseThreadInitThunk [0x0x76235d49+25]
	RtlInitializeExceptionChain [0x0x7716d03b+107]
	RtlGetAppContainerNamedObjectPath [0x0x7716cfc1+561]

2025-06-06 15:58:00,552 - INFO - Conexão com o banco de dados fechada.
