2025-06-11 01:35:20,938 - INFO - Iniciando o script de scraping...
2025-06-11 01:35:20,952 - INFO - Conexão com o banco de dados estabelecida!
2025-06-11 01:35:20,953 - INFO - Tabela 'advogados' verificada/recriada com sucesso!
2025-06-11 01:35:20,953 - INFO - Tabela 'sociedades' verificada/criada com sucesso!
2025-06-11 01:35:20,953 - INFO - Tabela 'estagiarios' verificada/criada com sucesso!
2025-06-11 01:35:20,954 - INFO - Tabela 'agentes_execucao' verificada/criada com sucesso!
2025-06-11 01:35:20,954 - INFO - ====== WebDriver manager ======
2025-06-11 01:35:21,900 - INFO - Get LATEST chromedriver version for google-chrome
2025-06-11 01:35:21,940 - INFO - Get LATEST chromedriver version for google-chrome
2025-06-11 01:35:21,972 - INFO - Driver [C:\Users\david\.wdm\drivers\chromedriver\win64\137.0.7151.70\chromedriver-win32/chromedriver.exe] found in cache
2025-06-11 01:35:23,204 - INFO - Iniciando: coletar_tribunais
2025-06-11 01:35:23,204 - INFO - Iniciando scraping de tribunais...
2025-06-11 01:36:34,700 - ERROR - Timeout ao esperar pelo container de resultados para Abrantes: Message: 
Stacktrace:
	GetHandleVerifier [0x0xb53783+63299]
	GetHandleVerifier [0x0xb537c4+63364]
	(No symbol) [0x0x981113]
	(No symbol) [0x0x9c987e]
	(No symbol) [0x0x9c9c1b]
	(No symbol) [0x0xa12212]
	(No symbol) [0x0x9ee5c4]
	(No symbol) [0x0xa0fa4a]
	(No symbol) [0x0x9ee376]
	(No symbol) [0x0x9bd6e0]
	(No symbol) [0x0x9be544]
	GetHandleVerifier [0x0xdae073+2531379]
	GetHandleVerifier [0x0xda9372+2511666]
	GetHandleVerifier [0x0xb79efa+220858]
	GetHandleVerifier [0x0xb6a548+156936]
	GetHandleVerifier [0x0xb70c7d+183357]
	GetHandleVerifier [0x0xb5b6e8+95912]
	GetHandleVerifier [0x0xb5b890+96336]
	GetHandleVerifier [0x0xb4666a+9770]
	BaseThreadInitThunk [0x0x76235d49+25]
	RtlInitializeExceptionChain [0x0x7716d03b+107]
	RtlGetAppContainerNamedObjectPath [0x0x7716cfc1+561]

2025-06-11 01:36:51,803 - WARNING - Retrying (Retry(total=2, connect=None, read=None, redirect=None, status=None)) after connection broken by 'ConnectionResetError(10054, 'Uma ligação existente foi forçada a fechar pelo anfitrião remoto', None, 10054, None)': /session/f4780f6ec3c0c9b59206e555a23dc19b
2025-06-11 01:36:55,875 - WARNING - Retrying (Retry(total=1, connect=None, read=None, redirect=None, status=None)) after connection broken by 'NewConnectionError('<urllib3.connection.HTTPConnection object at 0x000002CA5901FB00>: Failed to establish a new connection: [WinError 10061] Nenhuma ligação pôde ser feita porque o computador de destino\r\nas recusou ativamente')': /session/f4780f6ec3c0c9b59206e555a23dc19b
2025-06-11 01:36:59,930 - WARNING - Retrying (Retry(total=0, connect=None, read=None, redirect=None, status=None)) after connection broken by 'NewConnectionError('<urllib3.connection.HTTPConnection object at 0x000002CA5901F710>: Failed to establish a new connection: [WinError 10061] Nenhuma ligação pôde ser feita porque o computador de destino\r\nas recusou ativamente')': /session/f4780f6ec3c0c9b59206e555a23dc19b
2025-06-11 01:37:03,979 - INFO - Conexão com o banco de dados fechada.
